#
# There is insufficient memory for the Java Runtime Environment to continue.
# Native memory allocation (mmap) failed to map 200278016 bytes for G1 virtual space
# Possible reasons:
#   The system is out of physical RAM or swap space
#   The process is running with CompressedOops enabled, and the Java Heap may be blocking the growth of the native heap
# Possible solutions:
#   Reduce memory load on the system
#   Increase physical memory or swap space
#   Check if swap backing store is full
#   Decrease Java heap size (-Xmx/-Xms)
#   Decrease number of Java threads
#   Decrease Java thread stack sizes (-Xss)
#   Set larger code cache with -XX:ReservedCodeCacheSize=
#   JVM is running with Unscaled Compressed Oops mode in which the Java heap is
#     placed in the first 4GB address space. The Java Heap base address is the
#     maximum limit for the native heap growth. Please use -XX:HeapBaseMinAddress
#     to set the Java Heap base and to place the Java Heap above 4GB virtual address.
# This output file may be truncated or incomplete.
#
#  Out of Memory Error (os_windows.cpp:3552), pid=24672, tid=6620
#
# JRE version: Java(TM) SE Runtime Environment (17.0.9+11) (build 17.0.9+11-LTS-201)
# Java VM: Java HotSpot(TM) 64-Bit Server VM (17.0.9+11-LTS-201, mixed mode, sharing, tiered, compressed oops, compressed class ptrs, g1 gc, windows-amd64)
# No core dump will be written. Minidumps are not enabled by default on client versions of Windows
#

---------------  S U M M A R Y ------------

Command Line: -javaagent:C:\Program Files\JetBrains\IntelliJ IDEA Community Edition 2024.1.1\lib\idea_rt.jar=50664:C:\Program Files\JetBrains\IntelliJ IDEA Community Edition 2024.1.1\bin -Dfile.encoding=UTF-8 com.tiximax.txm.TiximaxApplication

Host: 12th Gen Intel(R) Core(TM) i7-1255U, 12 cores, 7G,  Windows 11 , 64 bit Build 26100 (10.0.26100.6725)
Time: Thu Oct 30 09:25:51 2025 SE Asia Standard Time elapsed time: 24.634033 seconds (0d 0h 0m 24s)

---------------  T H R E A D  ---------------

Current thread (0x00000146aab68bf0):  VMThread "VM Thread" [stack: 0x000000409f800000,0x000000409f900000] [id=6620]

Stack: [0x000000409f800000,0x000000409f900000]
Native frames: (J=compiled Java code, j=interpreted, Vv=VM code, C=native code)
V  [jvm.dll+0x678a4a]
V  [jvm.dll+0x7d9cfd]
V  [jvm.dll+0x7db60e]
V  [jvm.dll+0x7dbc73]
V  [jvm.dll+0x245e1f]
V  [jvm.dll+0x6758f9]
V  [jvm.dll+0x66a2a2]
V  [jvm.dll+0x303686]
V  [jvm.dll+0x30ac06]
V  [jvm.dll+0x35a48e]
V  [jvm.dll+0x35a6bf]
V  [jvm.dll+0x2da678]
V  [jvm.dll+0x2d8a85]
V  [jvm.dll+0x2d808c]
V  [jvm.dll+0x31b97b]
V  [jvm.dll+0x7e048b]
V  [jvm.dll+0x7e11c4]
V  [jvm.dll+0x7e16dd]
V  [jvm.dll+0x7e1ab4]
V  [jvm.dll+0x7e1b80]
V  [jvm.dll+0x78998a]
V  [jvm.dll+0x677875]
C  [ucrtbase.dll+0x37b0]
C  [KERNEL32.DLL+0x2e8d7]
C  [ntdll.dll+0x8c53c]

VM_Operation (0x00000040a0dfbce0): G1CollectForAllocation, mode: safepoint, requested by thread 0x00000146f2521190


---------------  P R O C E S S  ---------------

Threads class SMR info:
_java_thread_list=0x00000146f5617e90, length=22, elements={
0x000001468b08d750, 0x00000146aab75180, 0x00000146aab75b40, 0x00000146aab8bdc0,
0x00000146aab8e6a0, 0x00000146aab8f060, 0x00000146aab901c0, 0x00000146aab91e80,
0x00000146aab964e0, 0x00000146aab991b0, 0x00000146ab631730, 0x00000146f1467930,
0x00000146f1064aa0, 0x00000146f1d29710, 0x00000146f2521190, 0x00000146f28639c0,
0x00000146f2866750, 0x00000146f450b220, 0x00000146f2863ed0, 0x00000146f2865310,
0x00000146f2865820, 0x00000146f450b770
}

Java Threads: ( => current thread )
  0x000001468b08d750 JavaThread "main" [_thread_blocked, id=7972, stack(0x000000409f200000,0x000000409f300000)]
  0x00000146aab75180 JavaThread "Reference Handler" daemon [_thread_blocked, id=20640, stack(0x000000409f900000,0x000000409fa00000)]
  0x00000146aab75b40 JavaThread "Finalizer" daemon [_thread_blocked, id=12052, stack(0x000000409fa00000,0x000000409fb00000)]
  0x00000146aab8bdc0 JavaThread "Signal Dispatcher" daemon [_thread_blocked, id=13128, stack(0x000000409fb00000,0x000000409fc00000)]
  0x00000146aab8e6a0 JavaThread "Attach Listener" daemon [_thread_blocked, id=4788, stack(0x000000409fc00000,0x000000409fd00000)]
  0x00000146aab8f060 JavaThread "Service Thread" daemon [_thread_blocked, id=4548, stack(0x000000409fd00000,0x000000409fe00000)]
  0x00000146aab901c0 JavaThread "Monitor Deflation Thread" daemon [_thread_blocked, id=21248, stack(0x000000409fe00000,0x000000409ff00000)]
  0x00000146aab91e80 JavaThread "C2 CompilerThread0" daemon [_thread_blocked, id=15080, stack(0x000000409ff00000,0x00000040a0000000)]
  0x00000146aab964e0 JavaThread "C1 CompilerThread0" daemon [_thread_blocked, id=17416, stack(0x00000040a0000000,0x00000040a0100000)]
  0x00000146aab991b0 JavaThread "Sweeper thread" daemon [_thread_blocked, id=13960, stack(0x00000040a0100000,0x00000040a0200000)]
  0x00000146ab631730 JavaThread "Common-Cleaner" daemon [_thread_blocked, id=7936, stack(0x00000040a0200000,0x00000040a0300000)]
  0x00000146f1467930 JavaThread "Monitor Ctrl-Break" daemon [_thread_in_native, id=23744, stack(0x00000040a0400000,0x00000040a0500000)]
  0x00000146f1064aa0 JavaThread "Notification Thread" daemon [_thread_blocked, id=24184, stack(0x00000040a0500000,0x00000040a0600000)]
  0x00000146f1d29710 JavaThread "Thread-0" [_thread_blocked, id=8924, stack(0x00000040a0c00000,0x00000040a0d00000)]
  0x00000146f2521190 JavaThread "restartedMain" [_thread_blocked, id=2008, stack(0x00000040a0d00000,0x00000040a0e00000)]
  0x00000146f28639c0 JavaThread "PostgreSQL-JDBC-Cleaner" daemon [_thread_blocked, id=16352, stack(0x00000040a0700000,0x00000040a0800000)]
  0x00000146f2866750 JavaThread "HikariPool-1 housekeeper" daemon [_thread_blocked, id=10088, stack(0x00000040a1600000,0x00000040a1700000)]
  0x00000146f450b220 JavaThread "C2 CompilerThread1" daemon [_thread_blocked, id=6232, stack(0x00000040a1700000,0x00000040a1800000)]
  0x00000146f2863ed0 JavaThread "Catalina-utility-1" [_thread_blocked, id=24388, stack(0x00000040a1d00000,0x00000040a1e00000)]
  0x00000146f2865310 JavaThread "Catalina-utility-2" [_thread_blocked, id=8992, stack(0x00000040a1e00000,0x00000040a1f00000)]
  0x00000146f2865820 JavaThread "container-0" [_thread_blocked, id=2824, stack(0x00000040a1f00000,0x00000040a2000000)]
  0x00000146f450b770 JavaThread "C2 CompilerThread2" daemon [_thread_blocked, id=8564, stack(0x00000040a2000000,0x00000040a2100000)]

Other Threads:
=>0x00000146aab68bf0 VMThread "VM Thread" [stack: 0x000000409f800000,0x000000409f900000] [id=6620]
  0x000001468b103c20 WatcherThread [stack: 0x00000040a0600000,0x00000040a0700000] [id=5992]
  0x000001468b0e7590 GCTaskThread "GC Thread#0" [stack: 0x000000409f300000,0x000000409f400000] [id=2808]
  0x00000146f1e9f450 GCTaskThread "GC Thread#1" [stack: 0x00000040a0800000,0x00000040a0900000] [id=24260]
  0x00000146f1c194e0 GCTaskThread "GC Thread#2" [stack: 0x00000040a0900000,0x00000040a0a00000] [id=17048]
  0x00000146f1ce6660 GCTaskThread "GC Thread#3" [stack: 0x00000040a0a00000,0x00000040a0b00000] [id=19780]
  0x00000146f1bab530 GCTaskThread "GC Thread#4" [stack: 0x00000040a0b00000,0x00000040a0c00000] [id=928]
  0x00000146f1fb1780 GCTaskThread "GC Thread#5" [stack: 0x00000040a0f00000,0x00000040a1000000] [id=20584]
  0x00000146f24caed0 GCTaskThread "GC Thread#6" [stack: 0x00000040a1000000,0x00000040a1100000] [id=20280]
  0x00000146f257c580 GCTaskThread "GC Thread#7" [stack: 0x00000040a1100000,0x00000040a1200000] [id=24040]
  0x00000146f31e4630 GCTaskThread "GC Thread#8" [stack: 0x00000040a0e00000,0x00000040a0f00000] [id=16536]
  0x00000146f2d81cf0 GCTaskThread "GC Thread#9" [stack: 0x00000040a1200000,0x00000040a1300000] [id=2312]
  0x000001468b0f7b20 ConcurrentGCThread "G1 Main Marker" [stack: 0x000000409f400000,0x000000409f500000] [id=16284]
  0x000001468b0f9200 ConcurrentGCThread "G1 Conc#0" [stack: 0x000000409f500000,0x000000409f600000] [id=5776]
  0x00000146f343c8a0 ConcurrentGCThread "G1 Conc#1" [stack: 0x00000040a1300000,0x00000040a1400000] [id=9228]
  0x00000146f343d660 ConcurrentGCThread "G1 Conc#2" [stack: 0x00000040a1400000,0x00000040a1500000] [id=24992]
  0x000001468b139040 ConcurrentGCThread "G1 Refine#0" [stack: 0x000000409f600000,0x000000409f700000] [id=24872]
  0x00000146f53bd290 ConcurrentGCThread "G1 Refine#1" [stack: 0x00000040a0300000,0x00000040a0400000] [id=4628]
  0x00000146f53bde50 ConcurrentGCThread "G1 Refine#2" [stack: 0x00000040a1800000,0x00000040a1900000] [id=22864]
  0x00000146f53be430 ConcurrentGCThread "G1 Refine#3" [stack: 0x00000040a1900000,0x00000040a1a00000] [id=22036]
  0x00000146f53bd870 ConcurrentGCThread "G1 Refine#4" [stack: 0x00000040a1a00000,0x00000040a1b00000] [id=20572]
  0x00000146f53bc9c0 ConcurrentGCThread "G1 Refine#5" [stack: 0x00000040a1b00000,0x00000040a1c00000] [id=20880]
  0x00000146f53bdb60 ConcurrentGCThread "G1 Refine#6" [stack: 0x00000040a1c00000,0x00000040a1d00000] [id=1896]
  0x000001468b139980 ConcurrentGCThread "G1 Service" [stack: 0x000000409f700000,0x000000409f800000] [id=6844]

Threads with active compile tasks:
C2 CompilerThread0    24684 9109       4       org.antlr.v4.runtime.atn.PredictionContext::mergeSingletons (392 bytes)
C2 CompilerThread1    24684 9265       4       java.util.BitSet::checkInvariants (111 bytes)
C2 CompilerThread2    24684 9306       4       org.antlr.v4.runtime.atn.PredictionContext::mergeArrays (809 bytes)

VM state: at safepoint (normal execution)

VM Mutex/Monitor currently owned by a thread:  ([mutex/lock_event])
[0x000001468b088c00] Threads_lock - owner thread: 0x00000146aab68bf0
[0x000001468b089350] Heap_lock - owner thread: 0x00000146f2521190

Heap address: 0x0000000084e00000, size: 1970 MB, Compressed Oops mode: 32-bit

CDS archive(s) mapped at: [0x00000146ac000000-0x00000146acbd0000-0x00000146acbd0000), size 12386304, SharedBaseAddress: 0x00000146ac000000, ArchiveRelocationMode: 1.
Compressed class space mapped at: 0x00000146ad000000-0x00000146ed000000, reserved size: 1073741824
Narrow klass base: 0x00000146ac000000, Narrow klass shift: 0, Narrow klass range: 0x100000000

GC Precious Log:
 CPUs: 12 total, 12 available
 Memory: 7876M
 Large Page Support: Disabled
 NUMA Support: Disabled
 Compressed Oops: Enabled (32-bit)
 Heap Region Size: 1M
 Heap Min Capacity: 8M
 Heap Initial Capacity: 124M
 Heap Max Capacity: 1970M
 Pre-touch: Disabled
 Parallel Workers: 10
 Concurrent Workers: 3
 Concurrent Refinement Workers: 10
 Periodic GC: Disabled

Heap:
 garbage-first heap   total 126976K, used 62316K [0x0000000084e00000, 0x0000000100000000)
  region size 1024K, 4 young (4096K), 4 survivors (4096K)
 Metaspace       used 76571K, committed 77248K, reserved 1179648K
  class space    used 10492K, committed 10816K, reserved 1048576K

Heap Regions: E=young(eden), S=young(survivor), O=old, HS=humongous(starts), HC=humongous(continues), CS=collection set, F=free, OA=open archive, CA=closed archive, TAMS=top-at-mark-start (previous, next)
|   0|0x0000000084e00000, 0x0000000084f00000, 0x0000000084f00000|100%|HS|  |TAMS 0x0000000084f00000, 0x0000000084f00000| Complete 
|   1|0x0000000084f00000, 0x0000000085000000, 0x0000000085000000|100%| O|  |TAMS 0x0000000085000000, 0x0000000085000000| Untracked 
|   2|0x0000000085000000, 0x0000000085100000, 0x0000000085100000|100%| O|  |TAMS 0x0000000085100000, 0x0000000085100000| Untracked 
|   3|0x0000000085100000, 0x0000000085200000, 0x0000000085200000|100%| O|  |TAMS 0x0000000085200000, 0x0000000085200000| Untracked 
|   4|0x0000000085200000, 0x0000000085300000, 0x0000000085300000|100%| O|  |TAMS 0x0000000085300000, 0x0000000085300000| Untracked 
|   5|0x0000000085300000, 0x0000000085400000, 0x0000000085400000|100%| O|  |TAMS 0x0000000085400000, 0x0000000085400000| Untracked 
|   6|0x0000000085400000, 0x0000000085500000, 0x0000000085500000|100%| O|  |TAMS 0x0000000085500000, 0x0000000085500000| Untracked 
|   7|0x0000000085500000, 0x0000000085600000, 0x0000000085600000|100%| O|  |TAMS 0x0000000085600000, 0x0000000085600000| Untracked 
|   8|0x0000000085600000, 0x0000000085700000, 0x0000000085700000|100%| O|  |TAMS 0x0000000085700000, 0x0000000085700000| Untracked 
|   9|0x0000000085700000, 0x0000000085800000, 0x0000000085800000|100%| O|  |TAMS 0x0000000085800000, 0x0000000085800000| Untracked 
|  10|0x0000000085800000, 0x0000000085900000, 0x0000000085900000|100%| O|  |TAMS 0x0000000085900000, 0x0000000085900000| Untracked 
|  11|0x0000000085900000, 0x0000000085a00000, 0x0000000085a00000|100%| O|  |TAMS 0x0000000085a00000, 0x0000000085a00000| Untracked 
|  12|0x0000000085a00000, 0x0000000085b00000, 0x0000000085b00000|100%| O|  |TAMS 0x0000000085b00000, 0x0000000085b00000| Untracked 
|  13|0x0000000085b00000, 0x0000000085c00000, 0x0000000085c00000|100%| O|  |TAMS 0x0000000085c00000, 0x0000000085c00000| Untracked 
|  14|0x0000000085c00000, 0x0000000085d00000, 0x0000000085d00000|100%| O|  |TAMS 0x0000000085d00000, 0x0000000085d00000| Untracked 
|  15|0x0000000085d00000, 0x0000000085e00000, 0x0000000085e00000|100%| O|  |TAMS 0x0000000085e00000, 0x0000000085e00000| Untracked 
|  16|0x0000000085e00000, 0x0000000085f00000, 0x0000000085f00000|100%| O|  |TAMS 0x0000000085f00000, 0x0000000085f00000| Untracked 
|  17|0x0000000085f00000, 0x0000000086000000, 0x0000000086000000|100%| O|  |TAMS 0x0000000086000000, 0x0000000086000000| Untracked 
|  18|0x0000000086000000, 0x0000000086100000, 0x0000000086100000|100%| O|  |TAMS 0x0000000086100000, 0x0000000086100000| Untracked 
|  19|0x0000000086100000, 0x0000000086200000, 0x0000000086200000|100%| O|  |TAMS 0x0000000086200000, 0x0000000086200000| Untracked 
|  20|0x0000000086200000, 0x0000000086300000, 0x0000000086300000|100%| O|  |TAMS 0x0000000086300000, 0x0000000086300000| Untracked 
|  21|0x0000000086300000, 0x0000000086400000, 0x0000000086400000|100%| O|  |TAMS 0x0000000086400000, 0x0000000086400000| Untracked 
|  22|0x0000000086400000, 0x0000000086500000, 0x0000000086500000|100%| O|  |TAMS 0x0000000086500000, 0x0000000086500000| Untracked 
|  23|0x0000000086500000, 0x0000000086600000, 0x0000000086600000|100%| O|  |TAMS 0x0000000086600000, 0x0000000086600000| Untracked 
|  24|0x0000000086600000, 0x0000000086700000, 0x0000000086700000|100%| O|  |TAMS 0x0000000086700000, 0x0000000086700000| Untracked 
|  25|0x0000000086700000, 0x0000000086800000, 0x0000000086800000|100%| O|  |TAMS 0x0000000086800000, 0x0000000086800000| Untracked 
|  26|0x0000000086800000, 0x0000000086900000, 0x0000000086900000|100%| O|  |TAMS 0x0000000086900000, 0x0000000086900000| Untracked 
|  27|0x0000000086900000, 0x0000000086a00000, 0x0000000086a00000|100%| O|  |TAMS 0x0000000086a00000, 0x0000000086a00000| Untracked 
|  28|0x0000000086a00000, 0x0000000086b00000, 0x0000000086b00000|100%| O|  |TAMS 0x0000000086b00000, 0x0000000086b00000| Untracked 
|  29|0x0000000086b00000, 0x0000000086c00000, 0x0000000086c00000|100%| O|  |TAMS 0x0000000086b00000, 0x0000000086c00000| Untracked 
|  30|0x0000000086c00000, 0x0000000086d00000, 0x0000000086d00000|100%| O|  |TAMS 0x0000000086d00000, 0x0000000086d00000| Untracked 
|  31|0x0000000086d00000, 0x0000000086e00000, 0x0000000086e00000|100%| O|  |TAMS 0x0000000086e00000, 0x0000000086e00000| Untracked 
|  32|0x0000000086e00000, 0x0000000086f00000, 0x0000000086f00000|100%| O|  |TAMS 0x0000000086f00000, 0x0000000086f00000| Untracked 
|  33|0x0000000086f00000, 0x0000000087000000, 0x0000000087000000|100%| O|  |TAMS 0x0000000087000000, 0x0000000087000000| Untracked 
|  34|0x0000000087000000, 0x0000000087100000, 0x0000000087100000|100%| O|  |TAMS 0x0000000087100000, 0x0000000087100000| Untracked 
|  35|0x0000000087100000, 0x0000000087200000, 0x0000000087200000|100%| O|  |TAMS 0x0000000087200000, 0x0000000087200000| Untracked 
|  36|0x0000000087200000, 0x0000000087300000, 0x0000000087300000|100%| O|  |TAMS 0x0000000087300000, 0x0000000087300000| Untracked 
|  37|0x0000000087300000, 0x0000000087400000, 0x0000000087400000|100%| O|  |TAMS 0x0000000087400000, 0x0000000087400000| Untracked 
|  38|0x0000000087400000, 0x0000000087500000, 0x0000000087500000|100%| O|  |TAMS 0x0000000087500000, 0x0000000087500000| Untracked 
|  39|0x0000000087500000, 0x0000000087600000, 0x0000000087600000|100%| O|  |TAMS 0x0000000087600000, 0x0000000087600000| Untracked 
|  40|0x0000000087600000, 0x0000000087700000, 0x0000000087700000|100%| O|  |TAMS 0x0000000087700000, 0x0000000087700000| Untracked 
|  41|0x0000000087700000, 0x0000000087800000, 0x0000000087800000|100%| O|  |TAMS 0x0000000087800000, 0x0000000087800000| Untracked 
|  42|0x0000000087800000, 0x0000000087900000, 0x0000000087900000|100%| O|  |TAMS 0x0000000087900000, 0x0000000087900000| Untracked 
|  43|0x0000000087900000, 0x0000000087a00000, 0x0000000087a00000|100%| O|  |TAMS 0x0000000087a00000, 0x0000000087a00000| Untracked 
|  44|0x0000000087a00000, 0x0000000087b00000, 0x0000000087b00000|100%| O|  |TAMS 0x0000000087b00000, 0x0000000087b00000| Untracked 
|  45|0x0000000087b00000, 0x0000000087b00000, 0x0000000087c00000|  0%| F|  |TAMS 0x0000000087b00000, 0x0000000087b00000| Untracked 
|  46|0x0000000087c00000, 0x0000000087d00000, 0x0000000087d00000|100%| O|  |TAMS 0x0000000087d00000, 0x0000000087d00000| Untracked 
|  47|0x0000000087d00000, 0x0000000087e00000, 0x0000000087e00000|100%| O|  |TAMS 0x0000000087e00000, 0x0000000087e00000| Untracked 
|  48|0x0000000087e00000, 0x0000000087f00000, 0x0000000087f00000|100%| O|  |TAMS 0x0000000087f00000, 0x0000000087f00000| Untracked 
|  49|0x0000000087f00000, 0x0000000088000000, 0x0000000088000000|100%| O|  |TAMS 0x0000000088000000, 0x0000000088000000| Untracked 
|  50|0x0000000088000000, 0x0000000088100000, 0x0000000088100000|100%| O|  |TAMS 0x0000000088100000, 0x0000000088100000| Untracked 
|  51|0x0000000088100000, 0x0000000088200000, 0x0000000088200000|100%| O|  |TAMS 0x000000008813e800, 0x0000000088200000| Untracked 
|  52|0x0000000088200000, 0x0000000088300000, 0x0000000088300000|100%| O|  |TAMS 0x0000000088200000, 0x0000000088300000| Untracked 
|  53|0x0000000088300000, 0x0000000088400000, 0x0000000088400000|100%| O|  |TAMS 0x0000000088300000, 0x0000000088400000| Untracked 
|  54|0x0000000088400000, 0x0000000088500000, 0x0000000088500000|100%| O|  |TAMS 0x0000000088400000, 0x0000000088500000| Untracked 
|  55|0x0000000088500000, 0x0000000088600000, 0x0000000088600000|100%| O|  |TAMS 0x0000000088500000, 0x0000000088600000| Untracked 
|  56|0x0000000088600000, 0x0000000088700000, 0x0000000088700000|100%| O|  |TAMS 0x0000000088600000, 0x0000000088700000| Untracked 
|  57|0x0000000088700000, 0x0000000088800000, 0x0000000088800000|100%| O|  |TAMS 0x0000000088700000, 0x0000000088800000| Untracked 
|  58|0x0000000088800000, 0x00000000888b5a00, 0x0000000088900000| 70%| O|  |TAMS 0x0000000088800000, 0x00000000888b5a00| Untracked 
|  59|0x0000000088900000, 0x0000000088900000, 0x0000000088a00000|  0%| F|  |TAMS 0x0000000088900000, 0x0000000088900000| Untracked 
|  60|0x0000000088a00000, 0x0000000088a00000, 0x0000000088b00000|  0%| F|  |TAMS 0x0000000088a00000, 0x0000000088a00000| Untracked 
|  61|0x0000000088b00000, 0x0000000088b00000, 0x0000000088c00000|  0%| F|  |TAMS 0x0000000088b00000, 0x0000000088b00000| Untracked 
|  62|0x0000000088c00000, 0x0000000088c00000, 0x0000000088d00000|  0%| F|  |TAMS 0x0000000088c00000, 0x0000000088c00000| Untracked 
|  63|0x0000000088d00000, 0x0000000088d00000, 0x0000000088e00000|  0%| F|  |TAMS 0x0000000088d00000, 0x0000000088d00000| Untracked 
|  64|0x0000000088e00000, 0x0000000088e00000, 0x0000000088f00000|  0%| F|  |TAMS 0x0000000088e00000, 0x0000000088e00000| Untracked 
|  65|0x0000000088f00000, 0x0000000088f00000, 0x0000000089000000|  0%| F|  |TAMS 0x0000000088f00000, 0x0000000088f00000| Untracked 
|  66|0x0000000089000000, 0x0000000089000000, 0x0000000089100000|  0%| F|  |TAMS 0x0000000089000000, 0x0000000089000000| Untracked 
|  67|0x0000000089100000, 0x0000000089100000, 0x0000000089200000|  0%| F|  |TAMS 0x0000000089100000, 0x0000000089100000| Untracked 
|  68|0x0000000089200000, 0x0000000089200000, 0x0000000089300000|  0%| F|  |TAMS 0x0000000089200000, 0x0000000089200000| Untracked 
|  69|0x0000000089300000, 0x0000000089300000, 0x0000000089400000|  0%| F|  |TAMS 0x0000000089300000, 0x0000000089300000| Untracked 
|  70|0x0000000089400000, 0x0000000089400000, 0x0000000089500000|  0%| F|  |TAMS 0x0000000089400000, 0x0000000089400000| Untracked 
|  71|0x0000000089500000, 0x0000000089500000, 0x0000000089600000|  0%| F|  |TAMS 0x0000000089500000, 0x0000000089500000| Untracked 
|  72|0x0000000089600000, 0x0000000089600000, 0x0000000089700000|  0%| F|  |TAMS 0x0000000089600000, 0x0000000089600000| Untracked 
|  73|0x0000000089700000, 0x0000000089700000, 0x0000000089800000|  0%| F|  |TAMS 0x0000000089700000, 0x0000000089700000| Untracked 
|  74|0x0000000089800000, 0x0000000089800000, 0x0000000089900000|  0%| F|  |TAMS 0x0000000089800000, 0x0000000089800000| Untracked 
|  75|0x0000000089900000, 0x0000000089900000, 0x0000000089a00000|  0%| F|  |TAMS 0x0000000089900000, 0x0000000089900000| Untracked 
|  76|0x0000000089a00000, 0x0000000089a25908, 0x0000000089b00000| 14%| S|CS|TAMS 0x0000000089a00000, 0x0000000089a00000| Complete 
|  77|0x0000000089b00000, 0x0000000089c00000, 0x0000000089c00000|100%| S|CS|TAMS 0x0000000089b00000, 0x0000000089b00000| Complete 
|  78|0x0000000089c00000, 0x0000000089d00000, 0x0000000089d00000|100%| S|CS|TAMS 0x0000000089c00000, 0x0000000089c00000| Complete 
|  79|0x0000000089d00000, 0x0000000089e00000, 0x0000000089e00000|100%| S|CS|TAMS 0x0000000089d00000, 0x0000000089d00000| Complete 
|  80|0x0000000089e00000, 0x0000000089e00000, 0x0000000089f00000|  0%| F|  |TAMS 0x0000000089e00000, 0x0000000089e00000| Untracked 
|  81|0x0000000089f00000, 0x0000000089f00000, 0x000000008a000000|  0%| F|  |TAMS 0x0000000089f00000, 0x0000000089f00000| Untracked 
|  82|0x000000008a000000, 0x000000008a000000, 0x000000008a100000|  0%| F|  |TAMS 0x000000008a000000, 0x000000008a000000| Untracked 
|  83|0x000000008a100000, 0x000000008a100000, 0x000000008a200000|  0%| F|  |TAMS 0x000000008a100000, 0x000000008a100000| Untracked 
|  84|0x000000008a200000, 0x000000008a200000, 0x000000008a300000|  0%| F|  |TAMS 0x000000008a200000, 0x000000008a200000| Untracked 
|  85|0x000000008a300000, 0x000000008a300000, 0x000000008a400000|  0%| F|  |TAMS 0x000000008a300000, 0x000000008a300000| Untracked 
|  86|0x000000008a400000, 0x000000008a400000, 0x000000008a500000|  0%| F|  |TAMS 0x000000008a400000, 0x000000008a400000| Untracked 
|  87|0x000000008a500000, 0x000000008a500000, 0x000000008a600000|  0%| F|  |TAMS 0x000000008a500000, 0x000000008a500000| Untracked 
|  88|0x000000008a600000, 0x000000008a600000, 0x000000008a700000|  0%| F|  |TAMS 0x000000008a600000, 0x000000008a600000| Untracked 
|  89|0x000000008a700000, 0x000000008a700000, 0x000000008a800000|  0%| F|  |TAMS 0x000000008a700000, 0x000000008a700000| Untracked 
|  90|0x000000008a800000, 0x000000008a800000, 0x000000008a900000|  0%| F|  |TAMS 0x000000008a800000, 0x000000008a800000| Untracked 
|  91|0x000000008a900000, 0x000000008a900000, 0x000000008aa00000|  0%| F|  |TAMS 0x000000008a900000, 0x000000008a900000| Untracked 
|  92|0x000000008aa00000, 0x000000008aa00000, 0x000000008ab00000|  0%| F|  |TAMS 0x000000008aa00000, 0x000000008aa00000| Untracked 
|  93|0x000000008ab00000, 0x000000008ab00000, 0x000000008ac00000|  0%| F|  |TAMS 0x000000008ab00000, 0x000000008ab00000| Untracked 
|  94|0x000000008ac00000, 0x000000008ac00000, 0x000000008ad00000|  0%| F|  |TAMS 0x000000008ac00000, 0x000000008ac00000| Untracked 
|  95|0x000000008ad00000, 0x000000008ad00000, 0x000000008ae00000|  0%| F|  |TAMS 0x000000008ad00000, 0x000000008ad00000| Untracked 
|  96|0x000000008ae00000, 0x000000008ae00000, 0x000000008af00000|  0%| F|  |TAMS 0x000000008ae00000, 0x000000008ae00000| Untracked 
|  97|0x000000008af00000, 0x000000008af00000, 0x000000008b000000|  0%| F|  |TAMS 0x000000008af00000, 0x000000008af00000| Untracked 
|  98|0x000000008b000000, 0x000000008b000000, 0x000000008b100000|  0%| F|  |TAMS 0x000000008b000000, 0x000000008b000000| Untracked 
|  99|0x000000008b100000, 0x000000008b100000, 0x000000008b200000|  0%| F|  |TAMS 0x000000008b100000, 0x000000008b100000| Untracked 
| 100|0x000000008b200000, 0x000000008b200000, 0x000000008b300000|  0%| F|  |TAMS 0x000000008b200000, 0x000000008b200000| Untracked 
| 101|0x000000008b300000, 0x000000008b300000, 0x000000008b400000|  0%| F|  |TAMS 0x000000008b300000, 0x000000008b300000| Untracked 
| 102|0x000000008b400000, 0x000000008b400000, 0x000000008b500000|  0%| F|  |TAMS 0x000000008b400000, 0x000000008b400000| Untracked 
| 103|0x000000008b500000, 0x000000008b500000, 0x000000008b600000|  0%| F|  |TAMS 0x000000008b500000, 0x000000008b500000| Untracked 
| 104|0x000000008b600000, 0x000000008b600000, 0x000000008b700000|  0%| F|  |TAMS 0x000000008b600000, 0x000000008b600000| Untracked 
| 105|0x000000008b700000, 0x000000008b700000, 0x000000008b800000|  0%| F|  |TAMS 0x000000008b700000, 0x000000008b700000| Untracked 
| 106|0x000000008b800000, 0x000000008b800000, 0x000000008b900000|  0%| F|  |TAMS 0x000000008b800000, 0x000000008b800000| Untracked 
| 107|0x000000008b900000, 0x000000008b900000, 0x000000008ba00000|  0%| F|  |TAMS 0x000000008b900000, 0x000000008b900000| Untracked 
| 108|0x000000008ba00000, 0x000000008ba00000, 0x000000008bb00000|  0%| F|  |TAMS 0x000000008ba00000, 0x000000008ba00000| Untracked 
| 109|0x000000008bb00000, 0x000000008bb00000, 0x000000008bc00000|  0%| F|  |TAMS 0x000000008bb00000, 0x000000008bb00000| Untracked 
| 110|0x000000008bc00000, 0x000000008bc00000, 0x000000008bd00000|  0%| F|  |TAMS 0x000000008bc00000, 0x000000008bc00000| Untracked 
| 111|0x000000008bd00000, 0x000000008bd00000, 0x000000008be00000|  0%| F|  |TAMS 0x000000008bd00000, 0x000000008bd00000| Untracked 
| 112|0x000000008be00000, 0x000000008be00000, 0x000000008bf00000|  0%| F|  |TAMS 0x000000008be00000, 0x000000008be00000| Untracked 
| 113|0x000000008bf00000, 0x000000008bf00000, 0x000000008c000000|  0%| F|  |TAMS 0x000000008bf00000, 0x000000008bf00000| Untracked 
| 114|0x000000008c000000, 0x000000008c000000, 0x000000008c100000|  0%| F|  |TAMS 0x000000008c000000, 0x000000008c000000| Untracked 
| 115|0x000000008c100000, 0x000000008c100000, 0x000000008c200000|  0%| F|  |TAMS 0x000000008c100000, 0x000000008c100000| Untracked 
| 116|0x000000008c200000, 0x000000008c200000, 0x000000008c300000|  0%| F|  |TAMS 0x000000008c200000, 0x000000008c200000| Untracked 
| 117|0x000000008c300000, 0x000000008c300000, 0x000000008c400000|  0%| F|  |TAMS 0x000000008c300000, 0x000000008c300000| Untracked 
| 118|0x000000008c400000, 0x000000008c400000, 0x000000008c500000|  0%| F|  |TAMS 0x000000008c400000, 0x000000008c400000| Untracked 
| 119|0x000000008c500000, 0x000000008c500000, 0x000000008c600000|  0%| F|  |TAMS 0x000000008c500000, 0x000000008c500000| Untracked 
| 120|0x000000008c600000, 0x000000008c600000, 0x000000008c700000|  0%| F|  |TAMS 0x000000008c600000, 0x000000008c600000| Untracked 
| 121|0x000000008c700000, 0x000000008c700000, 0x000000008c800000|  0%| F|  |TAMS 0x000000008c700000, 0x000000008c700000| Untracked 
| 122|0x000000008c800000, 0x000000008c800000, 0x000000008c900000|  0%| F|  |TAMS 0x000000008c800000, 0x000000008c800000| Untracked 
| 123|0x000000008c900000, 0x000000008c900000, 0x000000008ca00000|  0%| F|  |TAMS 0x000000008c900000, 0x000000008c900000| Untracked 

Card table byte_map: [0x00000146a41a0000,0x00000146a4580000] _byte_map_base: 0x00000146a3d79000

Marking Bits (Prev, Next): (CMBitMap*) 0x000001468b0e7bb0, (CMBitMap*) 0x000001468b0e7bf0
 Prev Bits: [0x00000146a4960000, 0x00000146a6828000)
 Next Bits: [0x00000146a6830000, 0x00000146a86f8000)

Polling page: 0x000001468ade0000

Metaspace:

Usage:
  Non-class:     64.53 MB used.
      Class:     10.25 MB used.
       Both:     74.78 MB used.

Virtual space:
  Non-class space:      128.00 MB reserved,      64.88 MB ( 51%) committed,  2 nodes.
      Class space:        1.00 GB reserved,      10.56 MB (  1%) committed,  1 nodes.
             Both:        1.12 GB reserved,      75.44 MB (  7%) committed. 

Chunk freelists:
   Non-Class:  14.54 MB
       Class:  5.50 MB
        Both:  20.04 MB

MaxMetaspaceSize: unlimited
CompressedClassSpaceSize: 1.00 GB
Initial GC threshold: 21.00 MB
Current GC threshold: 123.38 MB
CDS: on
MetaspaceReclaimPolicy: balanced
 - commit_granule_bytes: 65536.
 - commit_granule_words: 8192.
 - virtual_space_node_default_size: 8388608.
 - enlarge_chunks_in_place: 1.
 - new_chunks_are_fully_committed: 0.
 - uncommit_free_chunks: 1.
 - use_allocation_guard: 0.
 - handle_deallocations: 1.


Internal statistics:

num_allocs_failed_limit: 9.
num_arena_births: 836.
num_arena_deaths: 0.
num_vsnodes_births: 3.
num_vsnodes_deaths: 0.
num_space_committed: 1207.
num_space_uncommitted: 0.
num_chunks_returned_to_freelist: 9.
num_chunks_taken_from_freelist: 3605.
num_chunk_merges: 9.
num_chunk_splits: 2584.
num_chunks_enlarged: 2000.
num_inconsistent_stats: 0.

CodeHeap 'non-profiled nmethods': size=120000Kb used=5291Kb max_used=5856Kb free=114708Kb
 bounds [0x000001469bc10000, 0x000001469c1d0000, 0x00000146a3140000]
CodeHeap 'profiled nmethods': size=120000Kb used=14855Kb max_used=15443Kb free=105144Kb
 bounds [0x0000014694140000, 0x0000014695060000, 0x000001469b670000]
CodeHeap 'non-nmethods': size=5760Kb used=1362Kb max_used=1417Kb free=4397Kb
 bounds [0x000001469b670000, 0x000001469b8e0000, 0x000001469bc10000]
 total_blobs=8543 nmethods=7853 adapters=601
 compilation: enabled
              stopped_count=0, restarted_count=0
 full_count=0

Compilation events (20 events):
Event: 23.462 Thread 0x00000146f450b220 nmethod 9209 0x000001469bd50590 code [0x000001469bd50720, 0x000001469bd509d8]
Event: 23.462 Thread 0x00000146f450b220 9243       4       org.antlr.v4.runtime.atn.PredictionMode$AltAndContextConfigEqualityComparator::hashCode (9 bytes)
Event: 23.464 Thread 0x00000146f450b220 nmethod 9243 0x000001469be52a10 code [0x000001469be52ba0, 0x000001469be52cf8]
Event: 23.464 Thread 0x00000146f450b220 9197       4       org.antlr.v4.runtime.atn.ArrayPredictionContext::equals (68 bytes)
Event: 23.477 Thread 0x00000146f450b220 nmethod 9197 0x000001469bd6b710 code [0x000001469bd6b8a0, 0x000001469bd6bcd8]
Event: 23.477 Thread 0x00000146f450b220 9065       4       org.antlr.v4.runtime.atn.ATNConfig::hashCode (53 bytes)
Event: 23.480 Thread 0x00000146f450b220 nmethod 9065 0x000001469bd50010 code [0x000001469bd501a0, 0x000001469bd503b8]
Event: 23.480 Thread 0x00000146f450b220 9268       4       java.util.LinkedList::linkLast (59 bytes)
Event: 23.488 Thread 0x00000146aab964e0 9344       2       jdk.internal.misc.Unsafe::getAndAddLong (27 bytes)
Event: 23.488 Thread 0x00000146aab964e0 nmethod 9344 0x0000014694f73190 code [0x0000014694f73340, 0x0000014694f73548]
Event: 23.489 Thread 0x00000146aab964e0 9345       2       jdk.internal.misc.Unsafe::weakCompareAndSetLong (11 bytes)
Event: 23.489 Thread 0x00000146aab964e0 nmethod 9345 0x0000014694b05b10 code [0x0000014694b05ca0, 0x0000014694b05db8]
Event: 23.492 Thread 0x00000146f450b220 nmethod 9268 0x000001469bd6b110 code [0x000001469bd6b2a0, 0x000001469bd6b618]
Event: 23.492 Thread 0x00000146f450b220 9246       4       org.antlr.v4.runtime.atn.ATNConfigSet$AbstractConfigHashSet::createBucket (6 bytes)
Event: 23.493 Thread 0x00000146f450b220 nmethod 9246 0x000001469bd6ad10 code [0x000001469bd6aea0, 0x000001469bd6b038]
Event: 23.493 Thread 0x00000146f450b220 9035       4       org.antlr.v4.runtime.atn.SingletonPredictionContext::<init> (49 bytes)
Event: 23.495 Thread 0x00000146f450b220 nmethod 9035 0x000001469bd6a890 code [0x000001469bd6aa20, 0x000001469bd6ac48]
Event: 23.495 Thread 0x00000146f450b220 9299       4       org.antlr.v4.runtime.atn.PredictionContext::mergeRoot (156 bytes)
Event: 23.496 Thread 0x00000146f450b220 nmethod 9299 0x000001469bef3490 code [0x000001469bef3600, 0x000001469bef3698]
Event: 23.496 Thread 0x00000146f450b220 9265       4       java.util.BitSet::checkInvariants (111 bytes)

GC Heap History (20 events):
Event: 15.631 GC heap after
{Heap after GC invocations=17 (full 0):
 garbage-first heap   total 86016K, used 43118K [0x0000000084e00000, 0x0000000100000000)
  region size 1024K, 5 young (5120K), 5 survivors (5120K)
 Metaspace       used 63917K, committed 64512K, reserved 1114112K
  class space    used 8551K, committed 8832K, reserved 1048576K
}
Event: 21.243 GC heap before
{Heap before GC invocations=17 (full 0):
 garbage-first heap   total 86016K, used 64622K [0x0000000084e00000, 0x0000000100000000)
  region size 1024K, 26 young (26624K), 5 survivors (5120K)
 Metaspace       used 66149K, committed 66752K, reserved 1114112K
  class space    used 8789K, committed 9088K, reserved 1048576K
}
Event: 21.253 GC heap after
{Heap after GC invocations=18 (full 0):
 garbage-first heap   total 86016K, used 45513K [0x0000000084e00000, 0x0000000100000000)
  region size 1024K, 3 young (3072K), 3 survivors (3072K)
 Metaspace       used 66149K, committed 66752K, reserved 1114112K
  class space    used 8789K, committed 9088K, reserved 1048576K
}
Event: 21.693 GC heap before
{Heap before GC invocations=19 (full 0):
 garbage-first heap   total 86016K, used 64969K [0x0000000084e00000, 0x0000000100000000)
  region size 1024K, 22 young (22528K), 3 survivors (3072K)
 Metaspace       used 67762K, committed 68352K, reserved 1114112K
  class space    used 9113K, committed 9408K, reserved 1048576K
}
Event: 21.700 GC heap after
{Heap after GC invocations=20 (full 0):
 garbage-first heap   total 86016K, used 47498K [0x0000000084e00000, 0x0000000100000000)
  region size 1024K, 2 young (2048K), 2 survivors (2048K)
 Metaspace       used 67762K, committed 68352K, reserved 1114112K
  class space    used 9113K, committed 9408K, reserved 1048576K
}
Event: 21.747 GC heap before
{Heap before GC invocations=20 (full 0):
 garbage-first heap   total 86016K, used 49546K [0x0000000084e00000, 0x0000000100000000)
  region size 1024K, 4 young (4096K), 2 survivors (2048K)
 Metaspace       used 67953K, committed 68480K, reserved 1114112K
  class space    used 9146K, committed 9408K, reserved 1048576K
}
Event: 21.750 GC heap after
{Heap after GC invocations=21 (full 0):
 garbage-first heap   total 86016K, used 47922K [0x0000000084e00000, 0x0000000100000000)
  region size 1024K, 1 young (1024K), 1 survivors (1024K)
 Metaspace       used 67953K, committed 68480K, reserved 1114112K
  class space    used 9146K, committed 9408K, reserved 1048576K
}
Event: 22.031 GC heap before
{Heap before GC invocations=21 (full 0):
 garbage-first heap   total 86016K, used 67378K [0x0000000084e00000, 0x0000000100000000)
  region size 1024K, 20 young (20480K), 1 survivors (1024K)
 Metaspace       used 69310K, committed 69824K, reserved 1114112K
  class space    used 9321K, committed 9600K, reserved 1048576K
}
Event: 22.035 GC heap after
{Heap after GC invocations=22 (full 0):
 garbage-first heap   total 104448K, used 49066K [0x0000000084e00000, 0x0000000100000000)
  region size 1024K, 2 young (2048K), 2 survivors (2048K)
 Metaspace       used 69310K, committed 69824K, reserved 1114112K
  class space    used 9321K, committed 9600K, reserved 1048576K
}
Event: 22.697 GC heap before
{Heap before GC invocations=23 (full 0):
 garbage-first heap   total 104448K, used 80810K [0x0000000084e00000, 0x0000000100000000)
  region size 1024K, 34 young (34816K), 2 survivors (2048K)
 Metaspace       used 73499K, committed 74048K, reserved 1114112K
  class space    used 10110K, committed 10368K, reserved 1048576K
}
Event: 22.703 GC heap after
{Heap after GC invocations=24 (full 0):
 garbage-first heap   total 104448K, used 51899K [0x0000000084e00000, 0x0000000100000000)
  region size 1024K, 5 young (5120K), 5 survivors (5120K)
 Metaspace       used 73499K, committed 74048K, reserved 1114112K
  class space    used 10110K, committed 10368K, reserved 1048576K
}
Event: 22.707 GC heap before
{Heap before GC invocations=24 (full 0):
 garbage-first heap   total 104448K, used 52923K [0x0000000084e00000, 0x0000000100000000)
  region size 1024K, 6 young (6144K), 5 survivors (5120K)
 Metaspace       used 73502K, committed 74048K, reserved 1114112K
  class space    used 10110K, committed 10368K, reserved 1048576K
}
Event: 22.713 GC heap after
{Heap after GC invocations=25 (full 0):
 garbage-first heap   total 104448K, used 51850K [0x0000000084e00000, 0x0000000100000000)
  region size 1024K, 1 young (1024K), 1 survivors (1024K)
 Metaspace       used 73502K, committed 74048K, reserved 1114112K
  class space    used 10110K, committed 10368K, reserved 1048576K
}
Event: 23.028 GC heap before
{Heap before GC invocations=25 (full 0):
 garbage-first heap   total 104448K, used 81546K [0x0000000084e00000, 0x0000000100000000)
  region size 1024K, 31 young (31744K), 1 survivors (1024K)
 Metaspace       used 75176K, committed 75776K, reserved 1179648K
  class space    used 10322K, committed 10624K, reserved 1048576K
}
Event: 23.034 GC heap after
{Heap after GC invocations=26 (full 0):
 garbage-first heap   total 104448K, used 53666K [0x0000000084e00000, 0x0000000100000000)
  region size 1024K, 3 young (3072K), 3 survivors (3072K)
 Metaspace       used 75176K, committed 75776K, reserved 1179648K
  class space    used 10322K, committed 10624K, reserved 1048576K
}
Event: 23.162 GC heap before
{Heap before GC invocations=27 (full 0):
 garbage-first heap   total 107520K, used 83362K [0x0000000084e00000, 0x0000000100000000)
  region size 1024K, 32 young (32768K), 3 survivors (3072K)
 Metaspace       used 75209K, committed 75776K, reserved 1179648K
  class space    used 10322K, committed 10624K, reserved 1048576K
}
Event: 23.168 GC heap after
{Heap after GC invocations=28 (full 0):
 garbage-first heap   total 107520K, used 59261K [0x0000000084e00000, 0x0000000100000000)
  region size 1024K, 4 young (4096K), 4 survivors (4096K)
 Metaspace       used 75209K, committed 75776K, reserved 1179648K
  class space    used 10322K, committed 10624K, reserved 1048576K
}
Event: 23.174 GC heap before
{Heap before GC invocations=28 (full 0):
 garbage-first heap   total 107520K, used 60285K [0x0000000084e00000, 0x0000000100000000)
  region size 1024K, 5 young (5120K), 4 survivors (4096K)
 Metaspace       used 75209K, committed 75776K, reserved 1179648K
  class space    used 10322K, committed 10624K, reserved 1048576K
}
Event: 23.180 GC heap after
{Heap after GC invocations=29 (full 0):
 garbage-first heap   total 107520K, used 59848K [0x0000000084e00000, 0x0000000100000000)
  region size 1024K, 1 young (1024K), 1 survivors (1024K)
 Metaspace       used 75209K, committed 75776K, reserved 1179648K
  class space    used 10322K, committed 10624K, reserved 1048576K
}
Event: 23.496 GC heap before
{Heap before GC invocations=29 (full 0):
 garbage-first heap   total 107520K, used 84424K [0x0000000084e00000, 0x0000000100000000)
  region size 1024K, 25 young (25600K), 1 survivors (1024K)
 Metaspace       used 76571K, committed 77248K, reserved 1179648K
  class space    used 10492K, committed 10816K, reserved 1048576K
}

Deoptimization events (20 events):
Event: 23.213 Thread 0x00000146f2521190 DEOPT PACKING pc=0x000001469c0fa060 sp=0x00000040a0df9c30
Event: 23.213 Thread 0x00000146f2521190 DEOPT UNPACKING pc=0x000001469b6c23a3 sp=0x00000040a0df9c00 mode 2
Event: 23.213 Thread 0x00000146f2521190 Uncommon trap: trap_request=0xffffffd6 fr.pc=0x000001469c0fa060 relative=0x00000000000010a0
Event: 23.213 Thread 0x00000146f2521190 Uncommon trap: reason=array_check action=maybe_recompile pc=0x000001469c0fa060 method=org.antlr.v4.runtime.misc.Array2DHashSet.getOrAddImpl(Ljava/lang/Object;)Ljava/lang/Object; @ 128 c2
Event: 23.213 Thread 0x00000146f2521190 DEOPT PACKING pc=0x000001469c0fa060 sp=0x00000040a0df97b0
Event: 23.213 Thread 0x00000146f2521190 DEOPT UNPACKING pc=0x000001469b6c23a3 sp=0x00000040a0df9780 mode 2
Event: 23.252 Thread 0x00000146f2521190 Uncommon trap: trap_request=0xffffffd6 fr.pc=0x000001469bf1873c relative=0x000000000000107c
Event: 23.252 Thread 0x00000146f2521190 Uncommon trap: reason=array_check action=maybe_recompile pc=0x000001469bf1873c method=org.antlr.v4.runtime.misc.Array2DHashSet.getOrAddImpl(Ljava/lang/Object;)Ljava/lang/Object; @ 133 c2
Event: 23.252 Thread 0x00000146f2521190 DEOPT PACKING pc=0x000001469bf1873c sp=0x00000040a0df9960
Event: 23.252 Thread 0x00000146f2521190 DEOPT UNPACKING pc=0x000001469b6c23a3 sp=0x00000040a0df9930 mode 2
Event: 23.252 Thread 0x00000146f2521190 Uncommon trap: trap_request=0xffffffd6 fr.pc=0x000001469bf1873c relative=0x000000000000107c
Event: 23.252 Thread 0x00000146f2521190 Uncommon trap: reason=array_check action=maybe_recompile pc=0x000001469bf1873c method=org.antlr.v4.runtime.misc.Array2DHashSet.getOrAddImpl(Ljava/lang/Object;)Ljava/lang/Object; @ 133 c2
Event: 23.252 Thread 0x00000146f2521190 DEOPT PACKING pc=0x000001469bf1873c sp=0x00000040a0df9960
Event: 23.252 Thread 0x00000146f2521190 DEOPT UNPACKING pc=0x000001469b6c23a3 sp=0x00000040a0df9930 mode 2
Event: 23.253 Thread 0x00000146f2521190 DEOPT PACKING pc=0x0000014694e9d9dd sp=0x00000040a0dfa610
Event: 23.253 Thread 0x00000146f2521190 DEOPT UNPACKING pc=0x000001469b6c2b43 sp=0x00000040a0df9b08 mode 0
Event: 23.392 Thread 0x00000146f2521190 Uncommon trap: trap_request=0xffffff45 fr.pc=0x000001469c05fb5c relative=0x000000000000039c
Event: 23.392 Thread 0x00000146f2521190 Uncommon trap: reason=unstable_if action=reinterpret pc=0x000001469c05fb5c method=java.lang.reflect.AccessibleObject.checkAccess(Ljava/lang/Class;Ljava/lang/Class;Ljava/lang/Class;I)V @ 9 c2
Event: 23.392 Thread 0x00000146f2521190 DEOPT PACKING pc=0x000001469c05fb5c sp=0x00000040a0dfa9b0
Event: 23.392 Thread 0x00000146f2521190 DEOPT UNPACKING pc=0x000001469b6c23a3 sp=0x00000040a0dfa990 mode 2

Classes unloaded (0 events):
No events

Classes redefined (0 events):
No events

Internal exceptions (20 events):
Event: 21.553 Thread 0x00000146f2521190 Exception <a 'java/lang/reflect/InvocationTargetException'{0x0000000089694ac8}> (0x0000000089694ac8) 
thrown [s\open\src\hotspot\share\runtime\reflection.cpp, line 1121]
Event: 21.556 Thread 0x00000146f2521190 Exception <a 'java/lang/reflect/InvocationTargetException'{0x00000000896a1250}> (0x00000000896a1250) 
thrown [s\open\src\hotspot\share\runtime\reflection.cpp, line 1121]
Event: 21.558 Thread 0x00000146f2521190 Exception <a 'java/lang/reflect/InvocationTargetException'{0x00000000896ad5e0}> (0x00000000896ad5e0) 
thrown [s\open\src\hotspot\share\runtime\reflection.cpp, line 1121]
Event: 21.562 Thread 0x00000146f2521190 Exception <a 'java/lang/reflect/InvocationTargetException'{0x00000000896bf080}> (0x00000000896bf080) 
thrown [s\open\src\hotspot\share\runtime\reflection.cpp, line 1121]
Event: 21.979 Thread 0x00000146f2521190 Exception <a 'sun/nio/fs/WindowsException'{0x0000000089168628}> (0x0000000089168628) 
thrown [s\open\src\hotspot\share\prims\jni.cpp, line 516]
Event: 22.230 Thread 0x00000146f2521190 Exception <a 'java/lang/NoSuchMethodError'{0x000000008aca09b8}: 'long java.lang.invoke.DirectMethodHandle$Holder.invokeVirtual(java.lang.Object, java.lang.Object)'> (0x000000008aca09b8) 
thrown [s\open\src\hotspot\share\interpreter\linkResolver.cpp, line 759]
Event: 22.234 Thread 0x00000146f2521190 Exception <a 'java/io/FileNotFoundException'{0x000000008acce5d8}> (0x000000008acce5d8) 
thrown [s\open\src\hotspot\share\prims\jni.cpp, line 516]
Event: 22.275 Thread 0x00000146f2521190 Exception <a 'java/lang/reflect/InvocationTargetException'{0x000000008a98cb10}> (0x000000008a98cb10) 
thrown [s\open\src\hotspot\share\runtime\reflection.cpp, line 1121]
Event: 22.559 Thread 0x00000146f2521190 Exception <a 'java/lang/reflect/InvocationTargetException'{0x0000000089ec0fe8}> (0x0000000089ec0fe8) 
thrown [s\open\src\hotspot\share\runtime\reflection.cpp, line 1121]
Event: 22.830 Thread 0x00000146f2521190 Exception <a 'java/lang/reflect/InvocationTargetException'{0x000000008ade0748}> (0x000000008ade0748) 
thrown [s\open\src\hotspot\share\runtime\reflection.cpp, line 1121]
Event: 22.832 Thread 0x00000146f2521190 Exception <a 'java/lang/reflect/InvocationTargetException'{0x000000008adee4c0}> (0x000000008adee4c0) 
thrown [s\open\src\hotspot\share\runtime\reflection.cpp, line 1121]
Event: 22.847 Thread 0x00000146f2521190 Exception <a 'java/lang/reflect/InvocationTargetException'{0x000000008ac799b8}> (0x000000008ac799b8) 
thrown [s\open\src\hotspot\share\runtime\reflection.cpp, line 1121]
Event: 22.894 Thread 0x00000146f2521190 Exception <a 'java/lang/reflect/InvocationTargetException'{0x000000008a70bd50}> (0x000000008a70bd50) 
thrown [s\open\src\hotspot\share\runtime\reflection.cpp, line 1121]
Event: 22.979 Thread 0x00000146f2521190 Exception <a 'java/lang/reflect/InvocationTargetException'{0x0000000089fb6728}> (0x0000000089fb6728) 
thrown [s\open\src\hotspot\share\runtime\reflection.cpp, line 1121]
Event: 22.995 Thread 0x00000146f2521190 Exception <a 'java/lang/reflect/InvocationTargetException'{0x0000000089c3aa38}> (0x0000000089c3aa38) 
thrown [s\open\src\hotspot\share\runtime\reflection.cpp, line 1121]
Event: 23.073 Thread 0x00000146f2521190 Exception <a 'java/lang/reflect/InvocationTargetException'{0x000000008acbc860}> (0x000000008acbc860) 
thrown [s\open\src\hotspot\share\runtime\reflection.cpp, line 1121]
Event: 23.262 Thread 0x00000146f2521190 Exception <a 'java/lang/reflect/InvocationTargetException'{0x000000008a4e62a0}> (0x000000008a4e62a0) 
thrown [s\open\src\hotspot\share\runtime\reflection.cpp, line 1121]
Event: 23.269 Thread 0x00000146f2521190 Exception <a 'java/lang/reflect/InvocationTargetException'{0x000000008a4fd260}> (0x000000008a4fd260) 
thrown [s\open\src\hotspot\share\runtime\reflection.cpp, line 1121]
Event: 23.400 Thread 0x00000146f2521190 Exception <a 'java/lang/NoSuchMethodError'{0x000000008a0b6468}: 'java.lang.Object java.lang.invoke.DirectMethodHandle$Holder.invokeStaticInit(java.lang.Object, java.lang.Object, int)'> (0x000000008a0b6468) 
thrown [s\open\src\hotspot\share\interpreter\linkResolver.cpp, line 759]
Event: 23.496 Thread 0x00000146f2521190 Exception <a 'java/lang/NoSuchMethodError'{0x0000000089efc930}: 'void java.lang.invoke.DirectMethodHandle$Holder.invokeStaticInit(java.lang.Object, java.lang.Object, java.lang.Object, java.lang.Object)'> (0x0000000089efc930) 
thrown [s\open\src\hotspot\share\interpreter\linkResolver.cpp, line 759]

VM Operations (20 events):
Event: 22.510 Executing VM operation: ICBufferFull done
Event: 22.697 Executing VM operation: G1CollectForAllocation
Event: 22.703 Executing VM operation: G1CollectForAllocation done
Event: 22.706 Executing VM operation: G1CollectForAllocation
Event: 22.713 Executing VM operation: G1CollectForAllocation done
Event: 22.761 Executing VM operation: HandshakeAllThreads
Event: 22.761 Executing VM operation: HandshakeAllThreads done
Event: 22.791 Executing VM operation: HandshakeAllThreads
Event: 22.791 Executing VM operation: HandshakeAllThreads done
Event: 23.028 Executing VM operation: G1CollectForAllocation
Event: 23.034 Executing VM operation: G1CollectForAllocation done
Event: 23.080 Executing VM operation: G1Concurrent
Event: 23.094 Executing VM operation: G1Concurrent done
Event: 23.116 Executing VM operation: G1Concurrent
Event: 23.116 Executing VM operation: G1Concurrent done
Event: 23.162 Executing VM operation: G1CollectForAllocation
Event: 23.168 Executing VM operation: G1CollectForAllocation done
Event: 23.174 Executing VM operation: G1CollectForAllocation
Event: 23.180 Executing VM operation: G1CollectForAllocation done
Event: 23.496 Executing VM operation: G1CollectForAllocation

Events (20 events):
Event: 22.230 loading class java/nio/channels/CompletionHandler
Event: 22.230 loading class java/nio/channels/CompletionHandler done
Event: 22.246 Thread 0x00000146f2863ed0 Thread added: 0x00000146f2863ed0
Event: 22.247 Thread 0x00000146f2865310 Thread added: 0x00000146f2865310
Event: 22.253 Thread 0x00000146f2865820 Thread added: 0x00000146f2865820
Event: 22.309 loading class java/util/EmptyStackException
Event: 22.310 loading class java/util/EmptyStackException done
Event: 22.320 loading class java/io/InvalidClassException
Event: 22.320 loading class java/io/InvalidClassException done
Event: 22.953 loading class java/nio/charset/UnsupportedCharsetException
Event: 22.953 loading class java/nio/charset/UnsupportedCharsetException done
Event: 23.110 Thread 0x00000146f450b770 Thread added: 0x00000146f450b770
Event: 23.381 loading class sun/misc/Unsafe
Event: 23.382 loading class sun/misc/Unsafe done
Event: 23.392 loading class java/nio/ShortBuffer
Event: 23.392 loading class java/nio/ShortBuffer done
Event: 23.392 loading class java/nio/FloatBuffer
Event: 23.393 loading class java/nio/FloatBuffer done
Event: 23.393 loading class java/nio/DoubleBuffer
Event: 23.393 loading class java/nio/DoubleBuffer done


Dynamic libraries:
0x00007ff6fa3b0000 - 0x00007ff6fa3c0000 	C:\Program Files\Java\jdk-17\bin\java.exe
0x00007fffe4a40000 - 0x00007fffe4ca8000 	C:\WINDOWS\SYSTEM32\ntdll.dll
0x00007fffe42e0000 - 0x00007fffe43a9000 	C:\WINDOWS\System32\KERNEL32.DLL
0x00007fffe1bd0000 - 0x00007fffe1fc2000 	C:\WINDOWS\System32\KERNELBASE.dll
0x00007fffe2340000 - 0x00007fffe248b000 	C:\WINDOWS\System32\ucrtbase.dll
0x00007fffb7a70000 - 0x00007fffb7a89000 	C:\Program Files\Java\jdk-17\bin\jli.dll
0x00007fffb7a90000 - 0x00007fffb7aab000 	C:\Program Files\Java\jdk-17\bin\VCRUNTIME140.dll
0x00007fffe2960000 - 0x00007fffe2a14000 	C:\WINDOWS\System32\ADVAPI32.dll
0x00007fffe28b0000 - 0x00007fffe2959000 	C:\WINDOWS\System32\msvcrt.dll
0x00007fffe3d00000 - 0x00007fffe3da6000 	C:\WINDOWS\System32\sechost.dll
0x00007fffe3db0000 - 0x00007fffe3ec8000 	C:\WINDOWS\System32\RPCRT4.dll
0x00007fffe2e70000 - 0x00007fffe3035000 	C:\WINDOWS\System32\USER32.dll
0x00007fffe2490000 - 0x00007fffe24b7000 	C:\WINDOWS\System32\win32u.dll
0x00007fffc3030000 - 0x00007fffc32c3000 	C:\WINDOWS\WinSxS\amd64_microsoft.windows.common-controls_6595b64144ccf1df_6.0.26100.6899_none_3e0efeeae32e88c1\COMCTL32.dll
0x00007fffe4430000 - 0x00007fffe445b000 	C:\WINDOWS\System32\GDI32.dll
0x00007fffe1fd0000 - 0x00007fffe20fd000 	C:\WINDOWS\System32\gdi32full.dll
0x00007fffe2760000 - 0x00007fffe2803000 	C:\WINDOWS\System32\msvcp_win.dll
0x00007fffcc980000 - 0x00007fffcc98b000 	C:\WINDOWS\SYSTEM32\VERSION.dll
0x00007fffe2870000 - 0x00007fffe289f000 	C:\WINDOWS\System32\IMM32.DLL
0x00007fffb7a60000 - 0x00007fffb7a6c000 	C:\Program Files\Java\jdk-17\bin\vcruntime140_1.dll
0x00007fffb79d0000 - 0x00007fffb7a5e000 	C:\Program Files\Java\jdk-17\bin\msvcp140.dll
0x00007fffb6dc0000 - 0x00007fffb79a1000 	C:\Program Files\Java\jdk-17\bin\server\jvm.dll
0x00007fffe48f0000 - 0x00007fffe48f8000 	C:\WINDOWS\System32\PSAPI.DLL
0x00007fffb6db0000 - 0x00007fffb6dba000 	C:\WINDOWS\SYSTEM32\WSOCK32.dll
0x00007fffdf390000 - 0x00007fffdf3c5000 	C:\WINDOWS\SYSTEM32\WINMM.dll
0x00007fffe3090000 - 0x00007fffe3104000 	C:\WINDOWS\System32\WS2_32.dll
0x00007fffe09a0000 - 0x00007fffe09bb000 	C:\WINDOWS\SYSTEM32\kernel.appcore.dll
0x00007fffb6da0000 - 0x00007fffb6daa000 	C:\Program Files\Java\jdk-17\bin\jimage.dll
0x00007fffdf0b0000 - 0x00007fffdf2f2000 	C:\WINDOWS\SYSTEM32\DBGHELP.DLL
0x00007fffe3ed0000 - 0x00007fffe424b000 	C:\WINDOWS\System32\combase.dll
0x00007fffe2d80000 - 0x00007fffe2e57000 	C:\WINDOWS\System32\OLEAUT32.dll
0x00007fffdf300000 - 0x00007fffdf33c000 	C:\WINDOWS\SYSTEM32\dbgcore.DLL
0x00007fffe24c0000 - 0x00007fffe2558000 	C:\WINDOWS\System32\bcryptPrimitives.dll
0x00007fffd8270000 - 0x00007fffd827e000 	C:\Program Files\Java\jdk-17\bin\instrument.dll
0x00007fffb6100000 - 0x00007fffb6125000 	C:\Program Files\Java\jdk-17\bin\java.dll
0x00007fffb5f30000 - 0x00007fffb6007000 	C:\Program Files\Java\jdk-17\bin\jsvml.dll
0x00007fffe3450000 - 0x00007fffe3b9d000 	C:\WINDOWS\System32\SHELL32.dll
0x00007fffe2560000 - 0x00007fffe26cb000 	C:\WINDOWS\System32\wintypes.dll
0x00007fffdf820000 - 0x00007fffe007d000 	C:\WINDOWS\SYSTEM32\windows.storage.dll
0x00007fffe4900000 - 0x00007fffe49f2000 	C:\WINDOWS\System32\SHCORE.dll
0x00007fffe2c30000 - 0x00007fffe2c92000 	C:\WINDOWS\System32\shlwapi.dll
0x00007fffe1af0000 - 0x00007fffe1b19000 	C:\WINDOWS\SYSTEM32\profapi.dll
0x00007fffb5d20000 - 0x00007fffb5d38000 	C:\Program Files\Java\jdk-17\bin\zip.dll
0x00007fffb5cc0000 - 0x00007fffb5cd9000 	C:\Program Files\Java\jdk-17\bin\net.dll
0x00007fffd26e0000 - 0x00007fffd27ff000 	C:\WINDOWS\SYSTEM32\WINHTTP.dll
0x00007fffe0f10000 - 0x00007fffe0f7b000 	C:\WINDOWS\system32\mswsock.dll
0x00007fffb5d40000 - 0x00007fffb5d56000 	C:\Program Files\Java\jdk-17\bin\nio.dll
0x00007fffcdcb0000 - 0x00007fffcdcca000 	C:\Program Files\JetBrains\IntelliJ IDEA Community Edition 2024.1.1\bin\breakgen64.dll
0x00007fff999b0000 - 0x00007fff999ba000 	C:\Program Files\Java\jdk-17\bin\management.dll
0x00007fff999a0000 - 0x00007fff999ab000 	C:\Program Files\Java\jdk-17\bin\management_ext.dll
0x00007fffafa40000 - 0x00007fffafa4e000 	C:\Program Files\Java\jdk-17\bin\sunmscapi.dll
0x00007fffe21c0000 - 0x00007fffe2337000 	C:\WINDOWS\System32\CRYPT32.dll
0x00007fffe13e0000 - 0x00007fffe1410000 	C:\WINDOWS\SYSTEM32\ncrypt.dll
0x00007fffe1390000 - 0x00007fffe13cf000 	C:\WINDOWS\SYSTEM32\NTASN1.dll
0x00007fffe11c0000 - 0x00007fffe11db000 	C:\WINDOWS\SYSTEM32\CRYPTSP.dll
0x00007fffe0900000 - 0x00007fffe093b000 	C:\WINDOWS\system32\rsaenh.dll
0x00007fffe0fb0000 - 0x00007fffe0fdb000 	C:\WINDOWS\SYSTEM32\USERENV.dll
0x00007fffe1ac0000 - 0x00007fffe1ae6000 	C:\WINDOWS\SYSTEM32\bcrypt.dll
0x00007fffe11e0000 - 0x00007fffe11ec000 	C:\WINDOWS\SYSTEM32\CRYPTBASE.dll
0x00007fffe04f0000 - 0x00007fffe0524000 	C:\WINDOWS\SYSTEM32\IPHLPAPI.DLL
0x00007fffe3120000 - 0x00007fffe312a000 	C:\WINDOWS\System32\NSI.dll
0x00007fffdaed0000 - 0x00007fffdaeee000 	C:\WINDOWS\SYSTEM32\dhcpcsvc6.DLL
0x00007fffdaea0000 - 0x00007fffdaec3000 	C:\WINDOWS\SYSTEM32\dhcpcsvc.DLL
0x00007fffe0530000 - 0x00007fffe0656000 	C:\WINDOWS\SYSTEM32\DNSAPI.dll
0x00007fffafc40000 - 0x00007fffafc50000 	C:\Program Files\Java\jdk-17\bin\verify.dll
0x00007fffd2b20000 - 0x00007fffd2b2b000 	C:\Windows\System32\rasadhlp.dll
0x00007fffdb000000 - 0x00007fffdb086000 	C:\WINDOWS\System32\fwpuclnt.dll

dbghelp: loaded successfully - version: 4.0.5 - missing functions: none
symbol engine: initialized successfully - sym options: 0x614 - pdb path: .;C:\Program Files\Java\jdk-17\bin;C:\WINDOWS\SYSTEM32;C:\WINDOWS\WinSxS\amd64_microsoft.windows.common-controls_6595b64144ccf1df_6.0.26100.6899_none_3e0efeeae32e88c1;C:\Program Files\Java\jdk-17\bin\server;C:\Program Files\JetBrains\IntelliJ IDEA Community Edition 2024.1.1\bin

VM Arguments:
jvm_args: -javaagent:C:\Program Files\JetBrains\IntelliJ IDEA Community Edition 2024.1.1\lib\idea_rt.jar=50664:C:\Program Files\JetBrains\IntelliJ IDEA Community Edition 2024.1.1\bin -Dfile.encoding=UTF-8 
java_command: com.tiximax.txm.TiximaxApplication
java_class_path (initial): D:\Tiximax_BE\txm\target\classes;C:\Users\TAN PHAT\.m2\repository\org\springframework\boot\spring-boot-starter-data-jpa\3.2.5\spring-boot-starter-data-jpa-3.2.5.jar;C:\Users\TAN PHAT\.m2\repository\org\springframework\boot\spring-boot-starter-aop\3.2.5\spring-boot-starter-aop-3.2.5.jar;C:\Users\TAN PHAT\.m2\repository\org\aspectj\aspectjweaver\1.9.22\aspectjweaver-1.9.22.jar;C:\Users\TAN PHAT\.m2\repository\org\springframework\boot\spring-boot-starter-jdbc\3.2.5\spring-boot-starter-jdbc-3.2.5.jar;C:\Users\TAN PHAT\.m2\repository\com\zaxxer\HikariCP\5.0.1\HikariCP-5.0.1.jar;C:\Users\TAN PHAT\.m2\repository\org\springframework\spring-jdbc\6.1.6\spring-jdbc-6.1.6.jar;C:\Users\TAN PHAT\.m2\repository\org\hibernate\orm\hibernate-core\6.4.4.Final\hibernate-core-6.4.4.Final.jar;C:\Users\TAN PHAT\.m2\repository\jakarta\persistence\jakarta.persistence-api\3.1.0\jakarta.persistence-api-3.1.0.jar;C:\Users\TAN PHAT\.m2\repository\jakarta\transaction\jakarta.transaction-api\2.0.1\jakarta.transaction-api-2.0.1.jar;C:\Users\TAN PHAT\.m2\repository\org\jboss\logging\jboss-logging\3.5.3.Final\jboss-logging-3.5.3.Final.jar;C:\Users\TAN PHAT\.m2\repository\org\hibernate\common\hibernate-commons-annotations\6.0.6.Final\hibernate-commons-annotations-6.0.6.Final.jar;C:\Users\TAN PHAT\.m2\repository\io\smallrye\jandex\3.1.2\jandex-3.1.2.jar;C:\Users\TAN PHAT\.m2\repository\com\fasterxml\classmate\1.6.0\classmate-1.6.0.jar;C:\Users\TAN PHAT\.m2\repository\net\bytebuddy\byte-buddy\1.14.13\byte-buddy-1.14.13.jar;C:\Users\TAN PHAT\.m2\repository\org\glassfish\jaxb\jaxb-runtime\4.0.5\jaxb-runtime-4.0.5.jar;C:\Users\TAN PHAT\.m2\repository\org\glassfish\jaxb\jaxb-core\4.0.5\jaxb-core-4.0.5.jar;C:\Users\TAN PHAT\.m2\repository\org\glassfish\jaxb\txw2\4.0.5\txw2-4.0.5.jar;C:\Users\TAN PHAT\.m2\repository\com\sun\istack\istack-commons-runtime\4.1.2\istack-commons-runtime-4.1.2.jar;C:\Users\TAN PHAT\.m2\repository\jakarta\inject\jakarta.inject-api\2.0.1\jakarta.inject-a
Launcher Type: SUN_STANDARD

[Global flags]
     intx CICompilerCount                          = 4                                         {product} {ergonomic}
     uint ConcGCThreads                            = 3                                         {product} {ergonomic}
     uint G1ConcRefinementThreads                  = 10                                        {product} {ergonomic}
   size_t G1HeapRegionSize                         = 1048576                                   {product} {ergonomic}
    uintx GCDrainStackTargetSize                   = 64                                        {product} {ergonomic}
   size_t InitialHeapSize                          = 130023424                                 {product} {ergonomic}
   size_t MarkStackSize                            = 4194304                                   {product} {ergonomic}
   size_t MaxHeapSize                              = 2065694720                                {product} {ergonomic}
   size_t MaxNewSize                               = 1239416832                                {product} {ergonomic}
   size_t MinHeapDeltaBytes                        = 1048576                                   {product} {ergonomic}
   size_t MinHeapSize                              = 8388608                                   {product} {ergonomic}
    uintx NonNMethodCodeHeapSize                   = 5839372                                {pd product} {ergonomic}
    uintx NonProfiledCodeHeapSize                  = 122909434                              {pd product} {ergonomic}
    uintx ProfiledCodeHeapSize                     = 122909434                              {pd product} {ergonomic}
    uintx ReservedCodeCacheSize                    = 251658240                              {pd product} {ergonomic}
     bool SegmentedCodeCache                       = true                                      {product} {ergonomic}
   size_t SoftMaxHeapSize                          = 2065694720                             {manageable} {ergonomic}
     bool UseCompressedClassPointers               = true                           {product lp64_product} {ergonomic}
     bool UseCompressedOops                        = true                           {product lp64_product} {ergonomic}
     bool UseG1GC                                  = true                                      {product} {ergonomic}
     bool UseLargePagesIndividualAllocation        = false                                  {pd product} {ergonomic}

Logging:
Log output configuration:
 #0: stdout all=warning uptime,level,tags
 #1: stderr all=off uptime,level,tags

Environment Variables:
JAVA_HOME=C:\Program Files\Java\jdk-17
CLASSPATH=C:\Program Files\Java\jdk-17\lib
PATH=C:\Program Files\Common Files\Oracle\Java\javapath;C:\Program Files (x86)\Common Files\Oracle\Java\javapath;C:\WINDOWS\system32;C:\WINDOWS;C:\WINDOWS\System32\Wbem;C:\WINDOWS\System32\WindowsPowerShell\v1.0\;C:\WINDOWS\System32\OpenSSH\;C:\Program Files\dotnet\;C:\Program Files\Microsoft SQL Server\Client SDK\ODBC\110\Tools\Binn\;C:\Program Files\nodejs\;C:\Program Files\nodejs;C:\Program Files\nodejs\node_modules\npm\bin;C:\Program Files\Microsoft SQL Server\Client SDK\ODBC\170\Tools\Binn\;C:\Program Files (x86)\Microsoft SQL Server\150\Tools\Binn\;C:\Program Files\Microsoft SQL Server\150\Tools\Binn\;C:\Program Files\Microsoft SQL Server\150\DTS\Binn\;C:\Program Files (x86)\Microsoft SQL Server\160\DTS\Binn\;C:\Program Files\Azure Data Studio\bin;C:\Program Files\Git\cmd;C:\Program Files\apache-maven-3.9.7\bin;C:\Program Files\Java\jdk-17\bin;C:\Program Files\Java\jdk-17;C:\Users\TAN PHAT\AppData\Local\Programs\Python\Python312\Scripts\;C:\Users\TAN PHAT\AppData\Local\Programs\Python\Python312\;C:\Users\TAN PHAT\AppData\Local\Microsoft\WindowsApps;C:\Users\TAN PHAT\AppData\Local\Programs\Microsoft VS Code\bin;C:\Users\TAN PHAT\AppData\Roaming\npm;C:\Program Files\Azure Data Studio\bin;
USERNAME=TAN PHAT
OS=Windows_NT
PROCESSOR_IDENTIFIER=Intel64 Family 6 Model 154 Stepping 4, GenuineIntel



---------------  S Y S T E M  ---------------

OS:
 Windows 11 , 64 bit Build 26100 (10.0.26100.6725)
OS uptime: 13 days 0:26 hours
Hyper-V role detected

CPU: total 12 (initial active 12) (6 cores per cpu, 2 threads per core) family 6 model 154 stepping 4 microcode 0x435, cx8, cmov, fxsr, ht, mmx, 3dnowpref, sse, sse2, sse3, ssse3, sse4.1, sse4.2, popcnt, lzcnt, tsc, tscinvbit, avx, avx2, aes, erms, clmul, bmi1, bmi2, adx, sha, fma, vzeroupper, clflush, clflushopt, clwb, hv

Memory: 4k page, system-wide physical 7876M (949M free)
TotalPageFile size 32452M (AvailPageFile size 74M)
current process WorkingSet (physical memory assigned to process): 334M, peak: 337M
current process commit charge ("private bytes"): 393M, peak: 588M

vm_info: Java HotSpot(TM) 64-Bit Server VM (17.0.9+11-LTS-201) for windows-amd64 JRE (17.0.9+11-LTS-201), built on Oct 10 2023 23:16:06 by "mach5one" with MS VC++ 17.1 (VS2022)

END.
