#
# There is insufficient memory for the Java Runtime Environment to continue.
# Native memory allocation (malloc) failed to allocate 1632496 bytes for Chunk::new
# Possible reasons:
#   The system is out of physical RAM or swap space
#   The process is running with CompressedOops enabled, and the Java Heap may be blocking the growth of the native heap
# Possible solutions:
#   Reduce memory load on the system
#   Increase physical memory or swap space
#   Check if swap backing store is full
#   Decrease Java heap size (-Xmx/-Xms)
#   Decrease number of Java threads
#   Decrease Java thread stack sizes (-Xss)
#   Set larger code cache with -XX:ReservedCodeCacheSize=
#   JVM is running with Unscaled Compressed Oops mode in which the Java heap is
#     placed in the first 4GB address space. The Java Heap base address is the
#     maximum limit for the native heap growth. Please use -XX:HeapBaseMinAddress
#     to set the Java Heap base and to place the Java Heap above 4GB virtual address.
# This output file may be truncated or incomplete.
#
#  Out of Memory Error (arena.cpp:189), pid=20392, tid=6656
#
# JRE version: Java(TM) SE Runtime Environment (17.0.9+11) (build 17.0.9+11-LTS-201)
# Java VM: Java HotSpot(TM) 64-Bit Server VM (17.0.9+11-LTS-201, mixed mode, sharing, tiered, compressed oops, compressed class ptrs, g1 gc, windows-amd64)
# No core dump will be written. Minidumps are not enabled by default on client versions of Windows
#

---------------  S U M M A R Y ------------

Command Line: -javaagent:C:\Program Files\JetBrains\IntelliJ IDEA Community Edition 2024.1.1\lib\idea_rt.jar=57699:C:\Program Files\JetBrains\IntelliJ IDEA Community Edition 2024.1.1\bin -Dfile.encoding=UTF-8 com.tiximax.txm.TiximaxApplication

Host: 12th Gen Intel(R) Core(TM) i7-1255U, 12 cores, 7G,  Windows 11 , 64 bit Build 26100 (10.0.26100.6725)
Time: Thu Oct 30 09:30:13 2025 SE Asia Standard Time elapsed time: 35.778209 seconds (0d 0h 0m 35s)

---------------  T H R E A D  ---------------

Current thread (0x0000026247226ad0):  JavaThread "C2 CompilerThread1" daemon [_thread_in_native, id=6656, stack(0x000000dfc6c00000,0x000000dfc6d00000)]


Current CompileTask:
C2:  35779 10174       4       org.springframework.core.annotation.TypeMappedAnnotations::scan (66 bytes)

Stack: [0x000000dfc6c00000,0x000000dfc6d00000]
Native frames: (J=compiled Java code, j=interpreted, Vv=VM code, C=native code)
V  [jvm.dll+0x678a4a]
V  [jvm.dll+0x7d9cfd]
V  [jvm.dll+0x7db60e]
V  [jvm.dll+0x7dbc73]
V  [jvm.dll+0x245e1f]
V  [jvm.dll+0xaaafb]
V  [jvm.dll+0xab09c]
V  [jvm.dll+0x36232f]
V  [jvm.dll+0x32ca01]
V  [jvm.dll+0x32be9a]
V  [jvm.dll+0x21812f]
V  [jvm.dll+0x217561]
V  [jvm.dll+0x1a3bc0]
V  [jvm.dll+0x2272de]
V  [jvm.dll+0x22548b]
V  [jvm.dll+0x78f58c]
V  [jvm.dll+0x78998a]
V  [jvm.dll+0x677875]
C  [ucrtbase.dll+0x37b0]
C  [KERNEL32.DLL+0x2e8d7]
C  [ntdll.dll+0x8c53c]


---------------  P R O C E S S  ---------------

Threads class SMR info:
_java_thread_list=0x000002624b80f5c0, length=22, elements={
0x0000026261aefc80, 0x000002627fb4c5a0, 0x000002627fb4ce70, 0x000002627fb5e030,
0x000002627fb5e900, 0x000002627fb5f1d0, 0x000002627fb5faa0, 0x000002627fb626b0,
0x000002627fb63070, 0x000002627fb63980, 0x00000262451184c0, 0x000002624540cfe0,
0x0000026245647820, 0x000002624628eea0, 0x00000262460e1110, 0x0000026245efd610,
0x0000026245efd100, 0x0000026247226ad0, 0x000002624b62b210, 0x000002624b62e9c0,
0x000002624b62eed0, 0x000002624b62d580
}

Java Threads: ( => current thread )
  0x0000026261aefc80 JavaThread "main" [_thread_blocked, id=11348, stack(0x000000dfc5800000,0x000000dfc5900000)]
  0x000002627fb4c5a0 JavaThread "Reference Handler" daemon [_thread_blocked, id=23880, stack(0x000000dfc5f00000,0x000000dfc6000000)]
  0x000002627fb4ce70 JavaThread "Finalizer" daemon [_thread_blocked, id=5360, stack(0x000000dfc6000000,0x000000dfc6100000)]
  0x000002627fb5e030 JavaThread "Signal Dispatcher" daemon [_thread_blocked, id=21944, stack(0x000000dfc6100000,0x000000dfc6200000)]
  0x000002627fb5e900 JavaThread "Attach Listener" daemon [_thread_blocked, id=16316, stack(0x000000dfc6200000,0x000000dfc6300000)]
  0x000002627fb5f1d0 JavaThread "Service Thread" daemon [_thread_blocked, id=13996, stack(0x000000dfc6300000,0x000000dfc6400000)]
  0x000002627fb5faa0 JavaThread "Monitor Deflation Thread" daemon [_thread_blocked, id=1112, stack(0x000000dfc6400000,0x000000dfc6500000)]
  0x000002627fb626b0 JavaThread "C2 CompilerThread0" daemon [_thread_in_native, id=23620, stack(0x000000dfc6500000,0x000000dfc6600000)]
  0x000002627fb63070 JavaThread "C1 CompilerThread0" daemon [_thread_blocked, id=22180, stack(0x000000dfc6600000,0x000000dfc6700000)]
  0x000002627fb63980 JavaThread "Sweeper thread" daemon [_thread_blocked, id=19292, stack(0x000000dfc6700000,0x000000dfc6800000)]
  0x00000262451184c0 JavaThread "Common-Cleaner" daemon [_thread_blocked, id=15900, stack(0x000000dfc6800000,0x000000dfc6900000)]
  0x000002624540cfe0 JavaThread "Monitor Ctrl-Break" daemon [_thread_in_native, id=17160, stack(0x000000dfc6900000,0x000000dfc6a00000)]
  0x0000026245647820 JavaThread "Notification Thread" daemon [_thread_blocked, id=2500, stack(0x000000dfc6a00000,0x000000dfc6b00000)]
  0x000002624628eea0 JavaThread "Thread-0" [_thread_blocked, id=660, stack(0x000000dfc7100000,0x000000dfc7200000)]
  0x00000262460e1110 JavaThread "restartedMain" [_thread_in_native, id=20856, stack(0x000000dfc7200000,0x000000dfc7300000)]
  0x0000026245efd610 JavaThread "PostgreSQL-JDBC-Cleaner" daemon [_thread_blocked, id=11428, stack(0x000000dfc7b00000,0x000000dfc7c00000)]
  0x0000026245efd100 JavaThread "HikariPool-1 housekeeper" daemon [_thread_blocked, id=20604, stack(0x000000dfc7c00000,0x000000dfc7d00000)]
=>0x0000026247226ad0 JavaThread "C2 CompilerThread1" daemon [_thread_in_native, id=6656, stack(0x000000dfc6c00000,0x000000dfc6d00000)]
  0x000002624b62b210 JavaThread "Catalina-utility-1" [_thread_blocked, id=9772, stack(0x000000dfc7d00000,0x000000dfc7e00000)]
  0x000002624b62e9c0 JavaThread "Catalina-utility-2" [_thread_blocked, id=23820, stack(0x000000dfc8300000,0x000000dfc8400000)]
  0x000002624b62eed0 JavaThread "container-0" [_thread_blocked, id=19348, stack(0x000000dfc8400000,0x000000dfc8500000)]
  0x000002624b62d580 JavaThread "boundedElastic-evictor-1" daemon [_thread_blocked, id=3716, stack(0x000000dfc8500000,0x000000dfc8600000)]

Other Threads:
  0x000002627fb45cd0 VMThread "VM Thread" [stack: 0x000000dfc5e00000,0x000000dfc5f00000] [id=9880]
  0x0000026261b685c0 WatcherThread [stack: 0x000000dfc6b00000,0x000000dfc6c00000] [id=19232]
  0x0000026261b4b010 GCTaskThread "GC Thread#0" [stack: 0x000000dfc5900000,0x000000dfc5a00000] [id=9540]
  0x000002624607a320 GCTaskThread "GC Thread#1" [stack: 0x000000dfc6d00000,0x000000dfc6e00000] [id=10500]
  0x00000262461a6be0 GCTaskThread "GC Thread#2" [stack: 0x000000dfc6e00000,0x000000dfc6f00000] [id=15636]
  0x00000262460d16a0 GCTaskThread "GC Thread#3" [stack: 0x000000dfc6f00000,0x000000dfc7000000] [id=12784]
  0x00000262460d1960 GCTaskThread "GC Thread#4" [stack: 0x000000dfc7000000,0x000000dfc7100000] [id=21732]
  0x0000026246301430 GCTaskThread "GC Thread#5" [stack: 0x000000dfc7300000,0x000000dfc7400000] [id=22552]
  0x00000262462d7080 GCTaskThread "GC Thread#6" [stack: 0x000000dfc7400000,0x000000dfc7500000] [id=22900]
  0x00000262485e9ee0 GCTaskThread "GC Thread#7" [stack: 0x000000dfc7500000,0x000000dfc7600000] [id=5620]
  0x00000262477f7620 GCTaskThread "GC Thread#8" [stack: 0x000000dfc7600000,0x000000dfc7700000] [id=17532]
  0x0000026246fe3ce0 GCTaskThread "GC Thread#9" [stack: 0x000000dfc7700000,0x000000dfc7800000] [id=9792]
  0x0000026261b5b4b0 ConcurrentGCThread "G1 Main Marker" [stack: 0x000000dfc5a00000,0x000000dfc5b00000] [id=11684]
  0x0000026261b5caa0 ConcurrentGCThread "G1 Conc#0" [stack: 0x000000dfc5b00000,0x000000dfc5c00000] [id=23424]
  0x0000026248503390 ConcurrentGCThread "G1 Conc#1" [stack: 0x000000dfc7800000,0x000000dfc7900000] [id=17176]
  0x0000026248502050 ConcurrentGCThread "G1 Conc#2" [stack: 0x000000dfc7900000,0x000000dfc7a00000] [id=15384]
  0x0000026261b9e5b0 ConcurrentGCThread "G1 Refine#0" [stack: 0x000000dfc5c00000,0x000000dfc5d00000] [id=16508]
  0x00000262464db960 ConcurrentGCThread "G1 Refine#1" [stack: 0x000000dfc7e00000,0x000000dfc7f00000] [id=21020]
  0x00000262464db090 ConcurrentGCThread "G1 Refine#2" [stack: 0x000000dfc7f00000,0x000000dfc8000000] [id=4760]
  0x00000262464da4d0 ConcurrentGCThread "G1 Refine#3" [stack: 0x000000dfc8000000,0x000000dfc8100000] [id=16548]
  0x00000262464d9ef0 ConcurrentGCThread "G1 Refine#4" [stack: 0x000000dfc8100000,0x000000dfc8200000] [id=16656]
  0x00000262464da7c0 ConcurrentGCThread "G1 Refine#5" [stack: 0x000000dfc8200000,0x000000dfc8300000] [id=1212]
  0x0000026261b9ec90 ConcurrentGCThread "G1 Service" [stack: 0x000000dfc5d00000,0x000000dfc5e00000] [id=20668]

Threads with active compile tasks:
C2 CompilerThread0    35852 10431       4       org.springframework.beans.factory.support.AbstractBeanFactory::isTypeMatch (745 bytes)
C2 CompilerThread1    35852 10174       4       org.springframework.core.annotation.TypeMappedAnnotations::scan (66 bytes)

VM state: not at safepoint (normal execution)

VM Mutex/Monitor currently owned by a thread: None

Heap address: 0x0000000084e00000, size: 1970 MB, Compressed Oops mode: 32-bit

CDS archive(s) mapped at: [0x0000026200000000-0x0000026200bd0000-0x0000026200bd0000), size 12386304, SharedBaseAddress: 0x0000026200000000, ArchiveRelocationMode: 1.
Compressed class space mapped at: 0x0000026201000000-0x0000026241000000, reserved size: 1073741824
Narrow klass base: 0x0000026200000000, Narrow klass shift: 0, Narrow klass range: 0x100000000

GC Precious Log:
 CPUs: 12 total, 12 available
 Memory: 7876M
 Large Page Support: Disabled
 NUMA Support: Disabled
 Compressed Oops: Enabled (32-bit)
 Heap Region Size: 1M
 Heap Min Capacity: 8M
 Heap Initial Capacity: 124M
 Heap Max Capacity: 1970M
 Pre-touch: Disabled
 Parallel Workers: 10
 Concurrent Workers: 3
 Concurrent Refinement Workers: 10
 Periodic GC: Disabled

Heap:
 garbage-first heap   total 226304K, used 110065K [0x0000000084e00000, 0x0000000100000000)
  region size 1024K, 46 young (47104K), 1 survivors (1024K)
 Metaspace       used 84602K, committed 85248K, reserved 1179648K
  class space    used 11513K, committed 11840K, reserved 1048576K

Heap Regions: E=young(eden), S=young(survivor), O=old, HS=humongous(starts), HC=humongous(continues), CS=collection set, F=free, OA=open archive, CA=closed archive, TAMS=top-at-mark-start (previous, next)
|   0|0x0000000084e00000, 0x0000000084f00000, 0x0000000084f00000|100%|HS|  |TAMS 0x0000000084f00000, 0x0000000084e00000| Complete 
|   1|0x0000000084f00000, 0x0000000085000000, 0x0000000085000000|100%| O|  |TAMS 0x0000000085000000, 0x0000000084f00000| Untracked 
|   2|0x0000000085000000, 0x0000000085100000, 0x0000000085100000|100%| O|  |TAMS 0x0000000085100000, 0x0000000085000000| Untracked 
|   3|0x0000000085100000, 0x0000000085200000, 0x0000000085200000|100%| O|  |TAMS 0x0000000085200000, 0x0000000085100000| Untracked 
|   4|0x0000000085200000, 0x0000000085300000, 0x0000000085300000|100%| O|  |TAMS 0x0000000085300000, 0x0000000085200000| Untracked 
|   5|0x0000000085300000, 0x0000000085400000, 0x0000000085400000|100%| O|  |TAMS 0x0000000085400000, 0x0000000085300000| Untracked 
|   6|0x0000000085400000, 0x0000000085500000, 0x0000000085500000|100%| O|  |TAMS 0x0000000085500000, 0x0000000085400000| Untracked 
|   7|0x0000000085500000, 0x0000000085600000, 0x0000000085600000|100%| O|  |TAMS 0x0000000085600000, 0x0000000085500000| Untracked 
|   8|0x0000000085600000, 0x0000000085700000, 0x0000000085700000|100%| O|  |TAMS 0x0000000085700000, 0x0000000085600000| Untracked 
|   9|0x0000000085700000, 0x0000000085800000, 0x0000000085800000|100%| O|  |TAMS 0x0000000085800000, 0x0000000085700000| Untracked 
|  10|0x0000000085800000, 0x0000000085900000, 0x0000000085900000|100%| O|  |TAMS 0x0000000085900000, 0x0000000085800000| Untracked 
|  11|0x0000000085900000, 0x0000000085a00000, 0x0000000085a00000|100%| O|  |TAMS 0x0000000085a00000, 0x0000000085900000| Untracked 
|  12|0x0000000085a00000, 0x0000000085b00000, 0x0000000085b00000|100%| O|  |TAMS 0x0000000085b00000, 0x0000000085a00000| Untracked 
|  13|0x0000000085b00000, 0x0000000085c00000, 0x0000000085c00000|100%| O|  |TAMS 0x0000000085c00000, 0x0000000085b00000| Untracked 
|  14|0x0000000085c00000, 0x0000000085d00000, 0x0000000085d00000|100%| O|  |TAMS 0x0000000085d00000, 0x0000000085c00000| Untracked 
|  15|0x0000000085d00000, 0x0000000085e00000, 0x0000000085e00000|100%| O|  |TAMS 0x0000000085e00000, 0x0000000085d00000| Untracked 
|  16|0x0000000085e00000, 0x0000000085f00000, 0x0000000085f00000|100%| O|  |TAMS 0x0000000085f00000, 0x0000000085e00000| Untracked 
|  17|0x0000000085f00000, 0x0000000086000000, 0x0000000086000000|100%| O|  |TAMS 0x0000000086000000, 0x0000000085f00000| Untracked 
|  18|0x0000000086000000, 0x0000000086100000, 0x0000000086100000|100%| O|  |TAMS 0x0000000086100000, 0x0000000086000000| Untracked 
|  19|0x0000000086100000, 0x0000000086200000, 0x0000000086200000|100%| O|  |TAMS 0x0000000086100000, 0x0000000086100000| Untracked 
|  20|0x0000000086200000, 0x0000000086300000, 0x0000000086300000|100%| O|  |TAMS 0x0000000086300000, 0x0000000086200000| Untracked 
|  21|0x0000000086300000, 0x0000000086400000, 0x0000000086400000|100%| O|  |TAMS 0x0000000086400000, 0x0000000086300000| Untracked 
|  22|0x0000000086400000, 0x0000000086500000, 0x0000000086500000|100%| O|  |TAMS 0x0000000086500000, 0x0000000086400000| Untracked 
|  23|0x0000000086500000, 0x0000000086600000, 0x0000000086600000|100%| O|  |TAMS 0x0000000086600000, 0x0000000086500000| Untracked 
|  24|0x0000000086600000, 0x0000000086700000, 0x0000000086700000|100%| O|  |TAMS 0x0000000086700000, 0x0000000086600000| Untracked 
|  25|0x0000000086700000, 0x0000000086800000, 0x0000000086800000|100%| O|  |TAMS 0x0000000086800000, 0x0000000086700000| Untracked 
|  26|0x0000000086800000, 0x0000000086900000, 0x0000000086900000|100%| O|  |TAMS 0x0000000086900000, 0x0000000086800000| Untracked 
|  27|0x0000000086900000, 0x0000000086a00000, 0x0000000086a00000|100%| O|  |TAMS 0x0000000086a00000, 0x0000000086900000| Untracked 
|  28|0x0000000086a00000, 0x0000000086b00000, 0x0000000086b00000|100%| O|  |TAMS 0x0000000086b00000, 0x0000000086a00000| Untracked 
|  29|0x0000000086b00000, 0x0000000086c00000, 0x0000000086c00000|100%| O|  |TAMS 0x0000000086c00000, 0x0000000086b00000| Untracked 
|  30|0x0000000086c00000, 0x0000000086d00000, 0x0000000086d00000|100%| O|  |TAMS 0x0000000086d00000, 0x0000000086c00000| Untracked 
|  31|0x0000000086d00000, 0x0000000086e00000, 0x0000000086e00000|100%| O|  |TAMS 0x0000000086e00000, 0x0000000086d00000| Untracked 
|  32|0x0000000086e00000, 0x0000000086f00000, 0x0000000086f00000|100%| O|  |TAMS 0x0000000086f00000, 0x0000000086e00000| Untracked 
|  33|0x0000000086f00000, 0x0000000087000000, 0x0000000087000000|100%| O|  |TAMS 0x0000000087000000, 0x0000000086f00000| Untracked 
|  34|0x0000000087000000, 0x0000000087100000, 0x0000000087100000|100%| O|  |TAMS 0x0000000087100000, 0x0000000087000000| Untracked 
|  35|0x0000000087100000, 0x0000000087200000, 0x0000000087200000|100%| O|  |TAMS 0x0000000087200000, 0x0000000087100000| Untracked 
|  36|0x0000000087200000, 0x0000000087300000, 0x0000000087300000|100%| O|  |TAMS 0x0000000087300000, 0x0000000087200000| Untracked 
|  37|0x0000000087300000, 0x0000000087400000, 0x0000000087400000|100%| O|  |TAMS 0x0000000087400000, 0x0000000087300000| Untracked 
|  38|0x0000000087400000, 0x0000000087500000, 0x0000000087500000|100%| O|  |TAMS 0x0000000087500000, 0x0000000087400000| Untracked 
|  39|0x0000000087500000, 0x0000000087600000, 0x0000000087600000|100%| O|  |TAMS 0x0000000087600000, 0x0000000087500000| Untracked 
|  40|0x0000000087600000, 0x0000000087700000, 0x0000000087700000|100%| O|  |TAMS 0x0000000087700000, 0x0000000087600000| Untracked 
|  41|0x0000000087700000, 0x0000000087800000, 0x0000000087800000|100%| O|  |TAMS 0x0000000087800000, 0x0000000087700000| Untracked 
|  42|0x0000000087800000, 0x0000000087900000, 0x0000000087900000|100%| O|  |TAMS 0x0000000087900000, 0x0000000087800000| Untracked 
|  43|0x0000000087900000, 0x0000000087a00000, 0x0000000087a00000|100%| O|  |TAMS 0x0000000087a00000, 0x0000000087900000| Untracked 
|  44|0x0000000087a00000, 0x0000000087b00000, 0x0000000087b00000|100%| O|  |TAMS 0x0000000087b00000, 0x0000000087a00000| Untracked 
|  45|0x0000000087b00000, 0x0000000087c00000, 0x0000000087c00000|100%| O|  |TAMS 0x0000000087c00000, 0x0000000087b00000| Untracked 
|  46|0x0000000087c00000, 0x0000000087d00000, 0x0000000087d00000|100%| O|  |TAMS 0x0000000087d00000, 0x0000000087c00000| Untracked 
|  47|0x0000000087d00000, 0x0000000087e00000, 0x0000000087e00000|100%| O|  |TAMS 0x0000000087e00000, 0x0000000087d00000| Untracked 
|  48|0x0000000087e00000, 0x0000000087f00000, 0x0000000087f00000|100%| O|  |TAMS 0x0000000087f00000, 0x0000000087e00000| Untracked 
|  49|0x0000000087f00000, 0x0000000088000000, 0x0000000088000000|100%| O|  |TAMS 0x0000000088000000, 0x0000000087f00000| Untracked 
|  50|0x0000000088000000, 0x0000000088100000, 0x0000000088100000|100%| O|  |TAMS 0x0000000088100000, 0x0000000088000000| Untracked 
|  51|0x0000000088100000, 0x0000000088200000, 0x0000000088200000|100%| O|  |TAMS 0x0000000088200000, 0x0000000088100000| Untracked 
|  52|0x0000000088200000, 0x0000000088200000, 0x0000000088300000|  0%| F|  |TAMS 0x0000000088200000, 0x0000000088200000| Untracked 
|  53|0x0000000088300000, 0x0000000088400000, 0x0000000088400000|100%| O|  |TAMS 0x0000000088400000, 0x0000000088300000| Untracked 
|  54|0x0000000088400000, 0x0000000088500000, 0x0000000088500000|100%| O|  |TAMS 0x0000000088500000, 0x0000000088400000| Untracked 
|  55|0x0000000088500000, 0x0000000088600000, 0x0000000088600000|100%| O|  |TAMS 0x0000000088600000, 0x0000000088500000| Untracked 
|  56|0x0000000088600000, 0x0000000088700000, 0x0000000088700000|100%| O|  |TAMS 0x0000000088700000, 0x0000000088600000| Untracked 
|  57|0x0000000088700000, 0x0000000088800000, 0x0000000088800000|100%| O|  |TAMS 0x0000000088800000, 0x0000000088700000| Untracked 
|  58|0x0000000088800000, 0x0000000088800000, 0x0000000088900000|  0%| F|  |TAMS 0x0000000088800000, 0x0000000088800000| Untracked 
|  59|0x0000000088900000, 0x0000000088a00000, 0x0000000088a00000|100%| O|  |TAMS 0x0000000088900000, 0x0000000088900000| Untracked 
|  60|0x0000000088a00000, 0x0000000088b00000, 0x0000000088b00000|100%| O|  |TAMS 0x0000000088b00000, 0x0000000088a00000| Untracked 
|  61|0x0000000088b00000, 0x0000000088c00000, 0x0000000088c00000|100%| O|  |TAMS 0x0000000088b74000, 0x0000000088b00000| Untracked 
|  62|0x0000000088c00000, 0x0000000088d00000, 0x0000000088d00000|100%| O|  |TAMS 0x0000000088c00000, 0x0000000088c00000| Untracked 
|  63|0x0000000088d00000, 0x0000000088e00000, 0x0000000088e00000|100%| O|  |TAMS 0x0000000088d00000, 0x0000000088d00000| Untracked 
|  64|0x0000000088e00000, 0x0000000088e96c00, 0x0000000088f00000| 58%| O|  |TAMS 0x0000000088e00000, 0x0000000088e00000| Untracked 
|  65|0x0000000088f00000, 0x0000000088f00000, 0x0000000089000000|  0%| F|  |TAMS 0x0000000088f00000, 0x0000000088f00000| Untracked 
|  66|0x0000000089000000, 0x0000000089000000, 0x0000000089100000|  0%| F|  |TAMS 0x0000000089000000, 0x0000000089000000| Untracked 
|  67|0x0000000089100000, 0x0000000089100000, 0x0000000089200000|  0%| F|  |TAMS 0x0000000089100000, 0x0000000089100000| Untracked 
|  68|0x0000000089200000, 0x0000000089200000, 0x0000000089300000|  0%| F|  |TAMS 0x0000000089200000, 0x0000000089200000| Untracked 
|  69|0x0000000089300000, 0x0000000089300000, 0x0000000089400000|  0%| F|  |TAMS 0x0000000089300000, 0x0000000089300000| Untracked 
|  70|0x0000000089400000, 0x0000000089400000, 0x0000000089500000|  0%| F|  |TAMS 0x0000000089400000, 0x0000000089400000| Untracked 
|  71|0x0000000089500000, 0x0000000089500000, 0x0000000089600000|  0%| F|  |TAMS 0x0000000089500000, 0x0000000089500000| Untracked 
|  72|0x0000000089600000, 0x0000000089600000, 0x0000000089700000|  0%| F|  |TAMS 0x0000000089600000, 0x0000000089600000| Untracked 
|  73|0x0000000089700000, 0x0000000089700000, 0x0000000089800000|  0%| F|  |TAMS 0x0000000089700000, 0x0000000089700000| Untracked 
|  74|0x0000000089800000, 0x0000000089800000, 0x0000000089900000|  0%| F|  |TAMS 0x0000000089800000, 0x0000000089800000| Untracked 
|  75|0x0000000089900000, 0x0000000089900000, 0x0000000089a00000|  0%| F|  |TAMS 0x0000000089900000, 0x0000000089900000| Untracked 
|  76|0x0000000089a00000, 0x0000000089a00000, 0x0000000089b00000|  0%| F|  |TAMS 0x0000000089a00000, 0x0000000089a00000| Untracked 
|  77|0x0000000089b00000, 0x0000000089b00000, 0x0000000089c00000|  0%| F|  |TAMS 0x0000000089b00000, 0x0000000089b00000| Untracked 
|  78|0x0000000089c00000, 0x0000000089c00000, 0x0000000089d00000|  0%| F|  |TAMS 0x0000000089c00000, 0x0000000089c00000| Untracked 
|  79|0x0000000089d00000, 0x0000000089d00000, 0x0000000089e00000|  0%| F|  |TAMS 0x0000000089d00000, 0x0000000089d00000| Untracked 
|  80|0x0000000089e00000, 0x0000000089e00000, 0x0000000089f00000|  0%| F|  |TAMS 0x0000000089e00000, 0x0000000089e00000| Untracked 
|  81|0x0000000089f00000, 0x0000000089f00000, 0x000000008a000000|  0%| F|  |TAMS 0x0000000089f00000, 0x0000000089f00000| Untracked 
|  82|0x000000008a000000, 0x000000008a000000, 0x000000008a100000|  0%| F|  |TAMS 0x000000008a000000, 0x000000008a000000| Untracked 
|  83|0x000000008a100000, 0x000000008a100000, 0x000000008a200000|  0%| F|  |TAMS 0x000000008a100000, 0x000000008a100000| Untracked 
|  84|0x000000008a200000, 0x000000008a200000, 0x000000008a300000|  0%| F|  |TAMS 0x000000008a200000, 0x000000008a200000| Untracked 
|  85|0x000000008a300000, 0x000000008a300000, 0x000000008a400000|  0%| F|  |TAMS 0x000000008a300000, 0x000000008a300000| Untracked 
|  86|0x000000008a400000, 0x000000008a400000, 0x000000008a500000|  0%| F|  |TAMS 0x000000008a400000, 0x000000008a400000| Untracked 
|  87|0x000000008a500000, 0x000000008a500000, 0x000000008a600000|  0%| F|  |TAMS 0x000000008a500000, 0x000000008a500000| Untracked 
|  88|0x000000008a600000, 0x000000008a600000, 0x000000008a700000|  0%| F|  |TAMS 0x000000008a600000, 0x000000008a600000| Untracked 
|  89|0x000000008a700000, 0x000000008a700000, 0x000000008a800000|  0%| F|  |TAMS 0x000000008a700000, 0x000000008a700000| Untracked 
|  90|0x000000008a800000, 0x000000008a800000, 0x000000008a900000|  0%| F|  |TAMS 0x000000008a800000, 0x000000008a800000| Untracked 
|  91|0x000000008a900000, 0x000000008a900000, 0x000000008aa00000|  0%| F|  |TAMS 0x000000008a900000, 0x000000008a900000| Untracked 
|  92|0x000000008aa00000, 0x000000008aa00000, 0x000000008ab00000|  0%| F|  |TAMS 0x000000008aa00000, 0x000000008aa00000| Untracked 
|  93|0x000000008ab00000, 0x000000008ab00000, 0x000000008ac00000|  0%| F|  |TAMS 0x000000008ab00000, 0x000000008ab00000| Untracked 
|  94|0x000000008ac00000, 0x000000008ac00000, 0x000000008ad00000|  0%| F|  |TAMS 0x000000008ac00000, 0x000000008ac00000| Untracked 
|  95|0x000000008ad00000, 0x000000008ad00000, 0x000000008ae00000|  0%| F|  |TAMS 0x000000008ad00000, 0x000000008ad00000| Untracked 
|  96|0x000000008ae00000, 0x000000008ae00000, 0x000000008af00000|  0%| F|  |TAMS 0x000000008ae00000, 0x000000008ae00000| Untracked 
|  97|0x000000008af00000, 0x000000008af00000, 0x000000008b000000|  0%| F|  |TAMS 0x000000008af00000, 0x000000008af00000| Untracked 
|  98|0x000000008b000000, 0x000000008b000000, 0x000000008b100000|  0%| F|  |TAMS 0x000000008b000000, 0x000000008b000000| Untracked 
|  99|0x000000008b100000, 0x000000008b100000, 0x000000008b200000|  0%| F|  |TAMS 0x000000008b100000, 0x000000008b100000| Untracked 
| 100|0x000000008b200000, 0x000000008b200000, 0x000000008b300000|  0%| F|  |TAMS 0x000000008b200000, 0x000000008b200000| Untracked 
| 101|0x000000008b300000, 0x000000008b300000, 0x000000008b400000|  0%| F|  |TAMS 0x000000008b300000, 0x000000008b300000| Untracked 
| 102|0x000000008b400000, 0x000000008b400000, 0x000000008b500000|  0%| F|  |TAMS 0x000000008b400000, 0x000000008b400000| Untracked 
| 103|0x000000008b500000, 0x000000008b500000, 0x000000008b600000|  0%| F|  |TAMS 0x000000008b500000, 0x000000008b500000| Untracked 
| 104|0x000000008b600000, 0x000000008b600000, 0x000000008b700000|  0%| F|  |TAMS 0x000000008b600000, 0x000000008b600000| Untracked 
| 105|0x000000008b700000, 0x000000008b700000, 0x000000008b800000|  0%| F|  |TAMS 0x000000008b700000, 0x000000008b700000| Untracked 
| 106|0x000000008b800000, 0x000000008b800000, 0x000000008b900000|  0%| F|  |TAMS 0x000000008b800000, 0x000000008b800000| Untracked 
| 107|0x000000008b900000, 0x000000008b900000, 0x000000008ba00000|  0%| F|  |TAMS 0x000000008b900000, 0x000000008b900000| Untracked 
| 108|0x000000008ba00000, 0x000000008ba00000, 0x000000008bb00000|  0%| F|  |TAMS 0x000000008ba00000, 0x000000008ba00000| Untracked 
| 109|0x000000008bb00000, 0x000000008bb00000, 0x000000008bc00000|  0%| F|  |TAMS 0x000000008bb00000, 0x000000008bb00000| Untracked 
| 110|0x000000008bc00000, 0x000000008bc00000, 0x000000008bd00000|  0%| F|  |TAMS 0x000000008bc00000, 0x000000008bc00000| Untracked 
| 111|0x000000008bd00000, 0x000000008bd00000, 0x000000008be00000|  0%| F|  |TAMS 0x000000008bd00000, 0x000000008bd00000| Untracked 
| 112|0x000000008be00000, 0x000000008be00000, 0x000000008bf00000|  0%| F|  |TAMS 0x000000008be00000, 0x000000008be00000| Untracked 
| 113|0x000000008bf00000, 0x000000008bf00000, 0x000000008c000000|  0%| F|  |TAMS 0x000000008bf00000, 0x000000008bf00000| Untracked 
| 114|0x000000008c000000, 0x000000008c000000, 0x000000008c100000|  0%| F|  |TAMS 0x000000008c000000, 0x000000008c000000| Untracked 
| 115|0x000000008c100000, 0x000000008c100000, 0x000000008c200000|  0%| F|  |TAMS 0x000000008c100000, 0x000000008c100000| Untracked 
| 116|0x000000008c200000, 0x000000008c200000, 0x000000008c300000|  0%| F|  |TAMS 0x000000008c200000, 0x000000008c200000| Untracked 
| 117|0x000000008c300000, 0x000000008c300000, 0x000000008c400000|  0%| F|  |TAMS 0x000000008c300000, 0x000000008c300000| Untracked 
| 118|0x000000008c400000, 0x000000008c400000, 0x000000008c500000|  0%| F|  |TAMS 0x000000008c400000, 0x000000008c400000| Untracked 
| 119|0x000000008c500000, 0x000000008c500000, 0x000000008c600000|  0%| F|  |TAMS 0x000000008c500000, 0x000000008c500000| Untracked 
| 120|0x000000008c600000, 0x000000008c600000, 0x000000008c700000|  0%| F|  |TAMS 0x000000008c600000, 0x000000008c600000| Untracked 
| 121|0x000000008c700000, 0x000000008c700000, 0x000000008c800000|  0%| F|  |TAMS 0x000000008c700000, 0x000000008c700000| Untracked 
| 122|0x000000008c800000, 0x000000008c800000, 0x000000008c900000|  0%| F|  |TAMS 0x000000008c800000, 0x000000008c800000| Untracked 
| 123|0x000000008c900000, 0x000000008c900000, 0x000000008ca00000|  0%| F|  |TAMS 0x000000008c900000, 0x000000008c900000| Untracked 
| 124|0x000000008ca00000, 0x000000008ca00000, 0x000000008cb00000|  0%| F|  |TAMS 0x000000008ca00000, 0x000000008ca00000| Untracked 
| 125|0x000000008cb00000, 0x000000008cb00000, 0x000000008cc00000|  0%| F|  |TAMS 0x000000008cb00000, 0x000000008cb00000| Untracked 
| 126|0x000000008cc00000, 0x000000008cc00000, 0x000000008cd00000|  0%| F|  |TAMS 0x000000008cc00000, 0x000000008cc00000| Untracked 
| 127|0x000000008cd00000, 0x000000008cd00000, 0x000000008ce00000|  0%| F|  |TAMS 0x000000008cd00000, 0x000000008cd00000| Untracked 
| 128|0x000000008ce00000, 0x000000008ce00000, 0x000000008cf00000|  0%| F|  |TAMS 0x000000008ce00000, 0x000000008ce00000| Untracked 
| 129|0x000000008cf00000, 0x000000008cf00000, 0x000000008d000000|  0%| F|  |TAMS 0x000000008cf00000, 0x000000008cf00000| Untracked 
| 130|0x000000008d000000, 0x000000008d000000, 0x000000008d100000|  0%| F|  |TAMS 0x000000008d000000, 0x000000008d000000| Untracked 
| 131|0x000000008d100000, 0x000000008d100000, 0x000000008d200000|  0%| F|  |TAMS 0x000000008d100000, 0x000000008d100000| Untracked 
| 132|0x000000008d200000, 0x000000008d200000, 0x000000008d300000|  0%| F|  |TAMS 0x000000008d200000, 0x000000008d200000| Untracked 
| 133|0x000000008d300000, 0x000000008d300000, 0x000000008d400000|  0%| F|  |TAMS 0x000000008d300000, 0x000000008d300000| Untracked 
| 134|0x000000008d400000, 0x000000008d400000, 0x000000008d500000|  0%| F|  |TAMS 0x000000008d400000, 0x000000008d400000| Untracked 
| 135|0x000000008d500000, 0x000000008d500000, 0x000000008d600000|  0%| F|  |TAMS 0x000000008d500000, 0x000000008d500000| Untracked 
| 136|0x000000008d600000, 0x000000008d600000, 0x000000008d700000|  0%| F|  |TAMS 0x000000008d600000, 0x000000008d600000| Untracked 
| 137|0x000000008d700000, 0x000000008d700000, 0x000000008d800000|  0%| F|  |TAMS 0x000000008d700000, 0x000000008d700000| Untracked 
| 138|0x000000008d800000, 0x000000008d800000, 0x000000008d900000|  0%| F|  |TAMS 0x000000008d800000, 0x000000008d800000| Untracked 
| 139|0x000000008d900000, 0x000000008d900000, 0x000000008da00000|  0%| F|  |TAMS 0x000000008d900000, 0x000000008d900000| Untracked 
| 140|0x000000008da00000, 0x000000008da00000, 0x000000008db00000|  0%| F|  |TAMS 0x000000008da00000, 0x000000008da00000| Untracked 
| 141|0x000000008db00000, 0x000000008db00000, 0x000000008dc00000|  0%| F|  |TAMS 0x000000008db00000, 0x000000008db00000| Untracked 
| 142|0x000000008dc00000, 0x000000008dc00000, 0x000000008dd00000|  0%| F|  |TAMS 0x000000008dc00000, 0x000000008dc00000| Untracked 
| 143|0x000000008dd00000, 0x000000008dd00000, 0x000000008de00000|  0%| F|  |TAMS 0x000000008dd00000, 0x000000008dd00000| Untracked 
| 144|0x000000008de00000, 0x000000008de00000, 0x000000008df00000|  0%| F|  |TAMS 0x000000008de00000, 0x000000008de00000| Untracked 
| 145|0x000000008df00000, 0x000000008df00000, 0x000000008e000000|  0%| F|  |TAMS 0x000000008df00000, 0x000000008df00000| Untracked 
| 146|0x000000008e000000, 0x000000008e000000, 0x000000008e100000|  0%| F|  |TAMS 0x000000008e000000, 0x000000008e000000| Untracked 
| 147|0x000000008e100000, 0x000000008e100000, 0x000000008e200000|  0%| F|  |TAMS 0x000000008e100000, 0x000000008e100000| Untracked 
| 148|0x000000008e200000, 0x000000008e200000, 0x000000008e300000|  0%| F|  |TAMS 0x000000008e200000, 0x000000008e200000| Untracked 
| 149|0x000000008e300000, 0x000000008e300000, 0x000000008e400000|  0%| F|  |TAMS 0x000000008e300000, 0x000000008e300000| Untracked 
| 150|0x000000008e400000, 0x000000008e400000, 0x000000008e500000|  0%| F|  |TAMS 0x000000008e400000, 0x000000008e400000| Untracked 
| 151|0x000000008e500000, 0x000000008e500000, 0x000000008e600000|  0%| F|  |TAMS 0x000000008e500000, 0x000000008e500000| Untracked 
| 152|0x000000008e600000, 0x000000008e600000, 0x000000008e700000|  0%| F|  |TAMS 0x000000008e600000, 0x000000008e600000| Untracked 
| 153|0x000000008e700000, 0x000000008e700000, 0x000000008e800000|  0%| F|  |TAMS 0x000000008e700000, 0x000000008e700000| Untracked 
| 154|0x000000008e800000, 0x000000008e800000, 0x000000008e900000|  0%| F|  |TAMS 0x000000008e800000, 0x000000008e800000| Untracked 
| 155|0x000000008e900000, 0x000000008e900000, 0x000000008ea00000|  0%| F|  |TAMS 0x000000008e900000, 0x000000008e900000| Untracked 
| 156|0x000000008ea00000, 0x000000008ea00000, 0x000000008eb00000|  0%| F|  |TAMS 0x000000008ea00000, 0x000000008ea00000| Untracked 
| 157|0x000000008eb00000, 0x000000008eb00000, 0x000000008ec00000|  0%| F|  |TAMS 0x000000008eb00000, 0x000000008eb00000| Untracked 
| 158|0x000000008ec00000, 0x000000008ec00000, 0x000000008ed00000|  0%| F|  |TAMS 0x000000008ec00000, 0x000000008ec00000| Untracked 
| 159|0x000000008ed00000, 0x000000008ed00000, 0x000000008ee00000|  0%| F|  |TAMS 0x000000008ed00000, 0x000000008ed00000| Untracked 
| 160|0x000000008ee00000, 0x000000008ee00000, 0x000000008ef00000|  0%| F|  |TAMS 0x000000008ee00000, 0x000000008ee00000| Untracked 
| 161|0x000000008ef00000, 0x000000008ef00000, 0x000000008f000000|  0%| F|  |TAMS 0x000000008ef00000, 0x000000008ef00000| Untracked 
| 162|0x000000008f000000, 0x000000008f000000, 0x000000008f100000|  0%| F|  |TAMS 0x000000008f000000, 0x000000008f000000| Untracked 
| 163|0x000000008f100000, 0x000000008f100000, 0x000000008f200000|  0%| F|  |TAMS 0x000000008f100000, 0x000000008f100000| Untracked 
| 164|0x000000008f200000, 0x000000008f200000, 0x000000008f300000|  0%| F|  |TAMS 0x000000008f200000, 0x000000008f200000| Untracked 
| 165|0x000000008f300000, 0x000000008f300000, 0x000000008f400000|  0%| F|  |TAMS 0x000000008f300000, 0x000000008f300000| Untracked 
| 166|0x000000008f400000, 0x000000008f400000, 0x000000008f500000|  0%| F|  |TAMS 0x000000008f400000, 0x000000008f400000| Untracked 
| 167|0x000000008f500000, 0x000000008f500000, 0x000000008f600000|  0%| F|  |TAMS 0x000000008f500000, 0x000000008f500000| Untracked 
| 168|0x000000008f600000, 0x000000008f600000, 0x000000008f700000|  0%| F|  |TAMS 0x000000008f600000, 0x000000008f600000| Untracked 
| 169|0x000000008f700000, 0x000000008f700000, 0x000000008f800000|  0%| F|  |TAMS 0x000000008f700000, 0x000000008f700000| Untracked 
| 170|0x000000008f800000, 0x000000008f800000, 0x000000008f900000|  0%| F|  |TAMS 0x000000008f800000, 0x000000008f800000| Untracked 
| 171|0x000000008f900000, 0x000000008f900000, 0x000000008fa00000|  0%| F|  |TAMS 0x000000008f900000, 0x000000008f900000| Untracked 
| 172|0x000000008fa00000, 0x000000008fa00000, 0x000000008fb00000|  0%| F|  |TAMS 0x000000008fa00000, 0x000000008fa00000| Untracked 
| 173|0x000000008fb00000, 0x000000008fb00000, 0x000000008fc00000|  0%| F|  |TAMS 0x000000008fb00000, 0x000000008fb00000| Untracked 
| 174|0x000000008fc00000, 0x000000008fc00000, 0x000000008fd00000|  0%| F|  |TAMS 0x000000008fc00000, 0x000000008fc00000| Untracked 
| 175|0x000000008fd00000, 0x000000008fd80800, 0x000000008fe00000| 50%| E|  |TAMS 0x000000008fd00000, 0x000000008fd00000| Complete 
| 176|0x000000008fe00000, 0x000000008ff00000, 0x000000008ff00000|100%| E|CS|TAMS 0x000000008fe00000, 0x000000008fe00000| Complete 
| 177|0x000000008ff00000, 0x0000000090000000, 0x0000000090000000|100%| E|CS|TAMS 0x000000008ff00000, 0x000000008ff00000| Complete 
| 178|0x0000000090000000, 0x0000000090100000, 0x0000000090100000|100%| E|CS|TAMS 0x0000000090000000, 0x0000000090000000| Complete 
| 179|0x0000000090100000, 0x0000000090200000, 0x0000000090200000|100%| E|CS|TAMS 0x0000000090100000, 0x0000000090100000| Complete 
| 180|0x0000000090200000, 0x0000000090300000, 0x0000000090300000|100%| E|CS|TAMS 0x0000000090200000, 0x0000000090200000| Complete 
| 181|0x0000000090300000, 0x0000000090400000, 0x0000000090400000|100%| E|CS|TAMS 0x0000000090300000, 0x0000000090300000| Complete 
| 182|0x0000000090400000, 0x0000000090500000, 0x0000000090500000|100%| E|CS|TAMS 0x0000000090400000, 0x0000000090400000| Complete 
| 183|0x0000000090500000, 0x0000000090600000, 0x0000000090600000|100%| E|CS|TAMS 0x0000000090500000, 0x0000000090500000| Complete 
| 184|0x0000000090600000, 0x0000000090700000, 0x0000000090700000|100%| E|CS|TAMS 0x0000000090600000, 0x0000000090600000| Complete 
| 185|0x0000000090700000, 0x0000000090800000, 0x0000000090800000|100%| E|CS|TAMS 0x0000000090700000, 0x0000000090700000| Complete 
| 186|0x0000000090800000, 0x0000000090900000, 0x0000000090900000|100%| E|CS|TAMS 0x0000000090800000, 0x0000000090800000| Complete 
| 187|0x0000000090900000, 0x0000000090a00000, 0x0000000090a00000|100%| E|CS|TAMS 0x0000000090900000, 0x0000000090900000| Complete 
| 188|0x0000000090a00000, 0x0000000090b00000, 0x0000000090b00000|100%| E|CS|TAMS 0x0000000090a00000, 0x0000000090a00000| Complete 
| 189|0x0000000090b00000, 0x0000000090c00000, 0x0000000090c00000|100%| E|CS|TAMS 0x0000000090b00000, 0x0000000090b00000| Complete 
| 190|0x0000000090c00000, 0x0000000090d00000, 0x0000000090d00000|100%| E|CS|TAMS 0x0000000090c00000, 0x0000000090c00000| Complete 
| 191|0x0000000090d00000, 0x0000000090e00000, 0x0000000090e00000|100%| E|CS|TAMS 0x0000000090d00000, 0x0000000090d00000| Complete 
| 192|0x0000000090e00000, 0x0000000090f00000, 0x0000000090f00000|100%| E|CS|TAMS 0x0000000090e00000, 0x0000000090e00000| Complete 
| 193|0x0000000090f00000, 0x0000000091000000, 0x0000000091000000|100%| E|CS|TAMS 0x0000000090f00000, 0x0000000090f00000| Complete 
| 194|0x0000000091000000, 0x0000000091100000, 0x0000000091100000|100%| E|CS|TAMS 0x0000000091000000, 0x0000000091000000| Complete 
| 195|0x0000000091100000, 0x0000000091200000, 0x0000000091200000|100%| E|CS|TAMS 0x0000000091100000, 0x0000000091100000| Complete 
| 196|0x0000000091200000, 0x0000000091300000, 0x0000000091300000|100%| E|CS|TAMS 0x0000000091200000, 0x0000000091200000| Complete 
| 197|0x0000000091300000, 0x0000000091400000, 0x0000000091400000|100%| E|CS|TAMS 0x0000000091300000, 0x0000000091300000| Complete 
| 198|0x0000000091400000, 0x0000000091500000, 0x0000000091500000|100%| E|CS|TAMS 0x0000000091400000, 0x0000000091400000| Complete 
| 199|0x0000000091500000, 0x0000000091600000, 0x0000000091600000|100%| E|CS|TAMS 0x0000000091500000, 0x0000000091500000| Complete 
| 200|0x0000000091600000, 0x0000000091700000, 0x0000000091700000|100%| E|CS|TAMS 0x0000000091600000, 0x0000000091600000| Complete 
| 201|0x0000000091700000, 0x0000000091800000, 0x0000000091800000|100%| E|CS|TAMS 0x0000000091700000, 0x0000000091700000| Complete 
| 202|0x0000000091800000, 0x0000000091900000, 0x0000000091900000|100%| E|CS|TAMS 0x0000000091800000, 0x0000000091800000| Complete 
| 203|0x0000000091900000, 0x0000000091a00000, 0x0000000091a00000|100%| E|CS|TAMS 0x0000000091900000, 0x0000000091900000| Complete 
| 204|0x0000000091a00000, 0x0000000091b00000, 0x0000000091b00000|100%| E|CS|TAMS 0x0000000091a00000, 0x0000000091a00000| Complete 
| 205|0x0000000091b00000, 0x0000000091c00000, 0x0000000091c00000|100%| E|CS|TAMS 0x0000000091b00000, 0x0000000091b00000| Complete 
| 206|0x0000000091c00000, 0x0000000091d00000, 0x0000000091d00000|100%| E|CS|TAMS 0x0000000091c00000, 0x0000000091c00000| Complete 
| 207|0x0000000091d00000, 0x0000000091e00000, 0x0000000091e00000|100%| E|CS|TAMS 0x0000000091d00000, 0x0000000091d00000| Complete 
| 208|0x0000000091e00000, 0x0000000091f00000, 0x0000000091f00000|100%| E|CS|TAMS 0x0000000091e00000, 0x0000000091e00000| Complete 
| 209|0x0000000091f00000, 0x0000000092000000, 0x0000000092000000|100%| E|CS|TAMS 0x0000000091f00000, 0x0000000091f00000| Complete 
| 210|0x0000000092000000, 0x0000000092100000, 0x0000000092100000|100%| E|CS|TAMS 0x0000000092000000, 0x0000000092000000| Complete 
| 211|0x0000000092100000, 0x0000000092200000, 0x0000000092200000|100%| E|CS|TAMS 0x0000000092100000, 0x0000000092100000| Complete 
| 212|0x0000000092200000, 0x0000000092300000, 0x0000000092300000|100%| E|CS|TAMS 0x0000000092200000, 0x0000000092200000| Complete 
| 213|0x0000000092300000, 0x0000000092400000, 0x0000000092400000|100%| E|CS|TAMS 0x0000000092300000, 0x0000000092300000| Complete 
| 214|0x0000000092400000, 0x0000000092500000, 0x0000000092500000|100%| E|CS|TAMS 0x0000000092400000, 0x0000000092400000| Complete 
| 215|0x0000000092500000, 0x00000000925e5a00, 0x0000000092600000| 89%| S|CS|TAMS 0x0000000092500000, 0x0000000092500000| Complete 
| 216|0x0000000092600000, 0x0000000092700000, 0x0000000092700000|100%| E|CS|TAMS 0x0000000092600000, 0x0000000092600000| Complete 
| 217|0x0000000092700000, 0x0000000092800000, 0x0000000092800000|100%| E|CS|TAMS 0x0000000092700000, 0x0000000092700000| Complete 
| 218|0x0000000092800000, 0x0000000092900000, 0x0000000092900000|100%| E|CS|TAMS 0x0000000092800000, 0x0000000092800000| Complete 
| 219|0x0000000092900000, 0x0000000092a00000, 0x0000000092a00000|100%| E|CS|TAMS 0x0000000092900000, 0x0000000092900000| Complete 
| 220|0x0000000092a00000, 0x0000000092b00000, 0x0000000092b00000|100%| E|CS|TAMS 0x0000000092a00000, 0x0000000092a00000| Complete 

Card table byte_map: [0x0000026278ca0000,0x0000026279080000] _byte_map_base: 0x0000026278879000

Marking Bits (Prev, Next): (CMBitMap*) 0x0000026261b4b580, (CMBitMap*) 0x0000026261b4b540
 Prev Bits: [0x000002627b330000, 0x000002627d1f8000)
 Next Bits: [0x0000026279460000, 0x000002627b328000)

Polling page: 0x000002625fa20000

Metaspace:

Usage:
  Non-class:     71.41 MB used.
      Class:     11.25 MB used.
       Both:     82.66 MB used.

Virtual space:
  Non-class space:      128.00 MB reserved,      71.69 MB ( 56%) committed,  2 nodes.
      Class space:        1.00 GB reserved,      11.56 MB (  1%) committed,  1 nodes.
             Both:        1.12 GB reserved,      83.25 MB (  7%) committed. 

Chunk freelists:
   Non-Class:  8.02 MB
       Class:  4.27 MB
        Both:  12.28 MB

MaxMetaspaceSize: unlimited
CompressedClassSpaceSize: 1.00 GB
Initial GC threshold: 21.00 MB
Current GC threshold: 129.06 MB
CDS: on
MetaspaceReclaimPolicy: balanced
 - commit_granule_bytes: 65536.
 - commit_granule_words: 8192.
 - virtual_space_node_default_size: 8388608.
 - enlarge_chunks_in_place: 1.
 - new_chunks_are_fully_committed: 0.
 - uncommit_free_chunks: 1.
 - use_allocation_guard: 0.
 - handle_deallocations: 1.


Internal statistics:

num_allocs_failed_limit: 6.
num_arena_births: 902.
num_arena_deaths: 0.
num_vsnodes_births: 3.
num_vsnodes_deaths: 0.
num_space_committed: 1332.
num_space_uncommitted: 0.
num_chunks_returned_to_freelist: 6.
num_chunks_taken_from_freelist: 4040.
num_chunk_merges: 6.
num_chunk_splits: 2881.
num_chunks_enlarged: 2202.
num_inconsistent_stats: 0.

CodeHeap 'non-profiled nmethods': size=120000Kb used=6051Kb max_used=6051Kb free=113948Kb
 bounds [0x0000026270e40000, 0x0000026271430000, 0x0000026278370000]
CodeHeap 'profiled nmethods': size=120000Kb used=16639Kb max_used=16739Kb free=103360Kb
 bounds [0x0000026269370000, 0x000002626a3d0000, 0x00000262708a0000]
CodeHeap 'non-nmethods': size=5760Kb used=1370Kb max_used=1457Kb free=4389Kb
 bounds [0x00000262708a0000, 0x0000026270b10000, 0x0000026270e40000]
 total_blobs=9576 nmethods=8877 adapters=610
 compilation: enabled
              stopped_count=0, restarted_count=0
 full_count=0

Compilation events (20 events):
Event: 34.705 Thread 0x000002627fb63070 10450       2       org.springframework.core.annotation.AnnotationAwareOrderComparator::findOrderFromAnnotation (69 bytes)
Event: 34.706 Thread 0x000002627fb63070 nmethod 10450 0x000002626a014990 code [0x000002626a014b80, 0x000002626a014f18]
Event: 34.707 Thread 0x000002627fb63070 10451       2       org.springframework.orm.jpa.AbstractEntityManagerFactoryBean::getObjectType (20 bytes)
Event: 34.707 Thread 0x000002627fb63070 nmethod 10451 0x000002626a014610 code [0x000002626a0147a0, 0x000002626a0148f8]
Event: 34.709 Thread 0x000002627fb63070 10452       2       jdk.internal.reflect.ClassFileAssembler::opc_dup_x1 (11 bytes)
Event: 34.710 Thread 0x000002627fb63070 nmethod 10452 0x000002626a014190 code [0x000002626a014340, 0x000002626a0144c8]
Event: 34.710 Thread 0x000002627fb63070 10453       2       jdk.internal.reflect.ClassFileAssembler::opc_swap (7 bytes)
Event: 34.710 Thread 0x000002627fb63070 nmethod 10453 0x000002626a013d90 code [0x000002626a013f40, 0x000002626a0140a8]
Event: 34.710 Thread 0x000002627fb63070 10454       1       jdk.internal.reflect.ByteVectorImpl::getData (5 bytes)
Event: 34.710 Thread 0x000002627fb63070 nmethod 10454 0x000002627114b190 code [0x000002627114b320, 0x000002627114b3f8]
Event: 34.714 Thread 0x000002627fb63070 10455   !   3       org.springframework.util.ReflectionUtils::doWithLocalFields (63 bytes)
Event: 34.714 Thread 0x000002627fb63070 nmethod 10455 0x000002626a013510 code [0x000002626a013700, 0x000002626a013b38]
Event: 34.723 Thread 0x000002627fb63070 10456 % !   3       org.springframework.util.ConcurrentReferenceHashMap$Segment::restructure @ 151 (411 bytes)
Event: 34.725 Thread 0x000002627fb63070 nmethod 10456% 0x000002626a00eb10 code [0x000002626a00ef80, 0x000002626a011d38]
Event: 34.753 Thread 0x000002627fb63070 10457       3       org.springframework.core.annotation.AnnotationUtils::isCandidateClass (41 bytes)
Event: 34.754 Thread 0x000002627fb63070 nmethod 10457 0x000002626a00d910 code [0x000002626a00db80, 0x000002626a00e728]
Event: 34.770 Thread 0x000002627fb63070 10458       2       org.springframework.beans.GenericTypeAwarePropertyDescriptor::<init> (328 bytes)
Event: 34.774 Thread 0x000002627fb63070 nmethod 10458 0x000002626a00bb90 code [0x000002626a00bec0, 0x000002626a00cf08]
Event: 34.774 Thread 0x000002627fb63070 10459       2       org.springframework.core.ResolvableType::asMap (7 bytes)
Event: 34.774 Thread 0x000002627fb63070 nmethod 10459 0x000002626a00b590 code [0x000002626a00b720, 0x000002626a00b848]

GC Heap History (20 events):
Event: 29.841 GC heap before
{Heap before GC invocations=27 (full 0):
 garbage-first heap   total 87040K, used 64910K [0x0000000084e00000, 0x0000000100000000)
  region size 1024K, 20 young (20480K), 3 survivors (3072K)
 Metaspace       used 69365K, committed 69952K, reserved 1114112K
  class space    used 9317K, committed 9600K, reserved 1048576K
}
Event: 29.845 GC heap after
{Heap after GC invocations=28 (full 0):
 garbage-first heap   total 87040K, used 48762K [0x0000000084e00000, 0x0000000100000000)
  region size 1024K, 3 young (3072K), 3 survivors (3072K)
 Metaspace       used 69365K, committed 69952K, reserved 1114112K
  class space    used 9317K, committed 9600K, reserved 1048576K
}
Event: 30.366 GC heap before
{Heap before GC invocations=28 (full 0):
 garbage-first heap   total 87040K, used 68218K [0x0000000084e00000, 0x0000000100000000)
  region size 1024K, 23 young (23552K), 3 survivors (3072K)
 Metaspace       used 72304K, committed 72832K, reserved 1114112K
  class space    used 9786K, committed 10048K, reserved 1048576K
}
Event: 30.370 GC heap after
{Heap after GC invocations=29 (full 0):
 garbage-first heap   total 104448K, used 50536K [0x0000000084e00000, 0x0000000100000000)
  region size 1024K, 3 young (3072K), 3 survivors (3072K)
 Metaspace       used 72304K, committed 72832K, reserved 1114112K
  class space    used 9786K, committed 10048K, reserved 1048576K
}
Event: 30.839 GC heap before
{Heap before GC invocations=30 (full 0):
 garbage-first heap   total 104448K, used 82280K [0x0000000084e00000, 0x0000000100000000)
  region size 1024K, 35 young (35840K), 3 survivors (3072K)
 Metaspace       used 75171K, committed 75776K, reserved 1179648K
  class space    used 10307K, committed 10560K, reserved 1048576K
}
Event: 30.843 GC heap after
{Heap after GC invocations=31 (full 0):
 garbage-first heap   total 104448K, used 52758K [0x0000000084e00000, 0x0000000100000000)
  region size 1024K, 4 young (4096K), 4 survivors (4096K)
 Metaspace       used 75171K, committed 75776K, reserved 1179648K
  class space    used 10307K, committed 10560K, reserved 1048576K
}
Event: 30.850 GC heap before
{Heap before GC invocations=31 (full 0):
 garbage-first heap   total 104448K, used 53782K [0x0000000084e00000, 0x0000000100000000)
  region size 1024K, 5 young (5120K), 4 survivors (4096K)
 Metaspace       used 75188K, committed 75776K, reserved 1179648K
  class space    used 10308K, committed 10560K, reserved 1048576K
}
Event: 30.853 GC heap after
{Heap after GC invocations=32 (full 0):
 garbage-first heap   total 104448K, used 52734K [0x0000000084e00000, 0x0000000100000000)
  region size 1024K, 1 young (1024K), 1 survivors (1024K)
 Metaspace       used 75188K, committed 75776K, reserved 1179648K
  class space    used 10308K, committed 10560K, reserved 1048576K
}
Event: 30.982 GC heap before
{Heap before GC invocations=32 (full 0):
 garbage-first heap   total 104448K, used 84478K [0x0000000084e00000, 0x0000000100000000)
  region size 1024K, 32 young (32768K), 1 survivors (1024K)
 Metaspace       used 75278K, committed 75840K, reserved 1179648K
  class space    used 10316K, committed 10560K, reserved 1048576K
}
Event: 30.986 GC heap after
{Heap after GC invocations=33 (full 0):
 garbage-first heap   total 104448K, used 56851K [0x0000000084e00000, 0x0000000100000000)
  region size 1024K, 4 young (4096K), 4 survivors (4096K)
 Metaspace       used 75278K, committed 75840K, reserved 1179648K
  class space    used 10316K, committed 10560K, reserved 1048576K
}
Event: 31.104 GC heap before
{Heap before GC invocations=34 (full 0):
 garbage-first heap   total 106496K, used 83475K [0x0000000084e00000, 0x0000000100000000)
  region size 1024K, 30 young (30720K), 4 survivors (4096K)
 Metaspace       used 75339K, committed 75968K, reserved 1179648K
  class space    used 10334K, committed 10624K, reserved 1048576K
}
Event: 31.110 GC heap after
{Heap after GC invocations=35 (full 0):
 garbage-first heap   total 106496K, used 61827K [0x0000000084e00000, 0x0000000100000000)
  region size 1024K, 4 young (4096K), 4 survivors (4096K)
 Metaspace       used 75339K, committed 75968K, reserved 1179648K
  class space    used 10334K, committed 10624K, reserved 1048576K
}
Event: 31.144 GC heap before
{Heap before GC invocations=35 (full 0):
 garbage-first heap   total 106496K, used 62851K [0x0000000084e00000, 0x0000000100000000)
  region size 1024K, 5 young (5120K), 4 survivors (4096K)
 Metaspace       used 75546K, committed 76160K, reserved 1179648K
  class space    used 10350K, committed 10624K, reserved 1048576K
}
Event: 31.151 GC heap after
{Heap after GC invocations=36 (full 0):
 garbage-first heap   total 106496K, used 62680K [0x0000000084e00000, 0x0000000100000000)
  region size 1024K, 1 young (1024K), 1 survivors (1024K)
 Metaspace       used 75546K, committed 76160K, reserved 1179648K
  class space    used 10350K, committed 10624K, reserved 1048576K
}
Event: 31.757 GC heap before
{Heap before GC invocations=36 (full 0):
 garbage-first heap   total 106496K, used 84184K [0x0000000084e00000, 0x0000000100000000)
  region size 1024K, 22 young (22528K), 1 survivors (1024K)
 Metaspace       used 78735K, committed 79296K, reserved 1179648K
  class space    used 10762K, committed 11008K, reserved 1048576K
}
Event: 31.761 GC heap after
{Heap after GC invocations=37 (full 0):
 garbage-first heap   total 226304K, used 63773K [0x0000000084e00000, 0x0000000100000000)
  region size 1024K, 2 young (2048K), 2 survivors (2048K)
 Metaspace       used 78735K, committed 79296K, reserved 1179648K
  class space    used 10762K, committed 11008K, reserved 1048576K
}
Event: 32.514 GC heap before
{Heap before GC invocations=38 (full 0):
 garbage-first heap   total 226304K, used 155933K [0x0000000084e00000, 0x0000000100000000)
  region size 1024K, 93 young (95232K), 2 survivors (2048K)
 Metaspace       used 80877K, committed 81408K, reserved 1179648K
  class space    used 10987K, committed 11264K, reserved 1048576K
}
Event: 32.522 GC heap after
{Heap after GC invocations=39 (full 0):
 garbage-first heap   total 226304K, used 66273K [0x0000000084e00000, 0x0000000100000000)
  region size 1024K, 6 young (6144K), 6 survivors (6144K)
 Metaspace       used 80877K, committed 81408K, reserved 1179648K
  class space    used 10987K, committed 11264K, reserved 1048576K
}
Event: 32.681 GC heap before
{Heap before GC invocations=39 (full 0):
 garbage-first heap   total 226304K, used 71393K [0x0000000084e00000, 0x0000000100000000)
  region size 1024K, 11 young (11264K), 6 survivors (6144K)
 Metaspace       used 81598K, committed 82176K, reserved 1179648K
  class space    used 11102K, committed 11328K, reserved 1048576K
}
Event: 32.685 GC heap after
{Heap after GC invocations=40 (full 0):
 garbage-first heap   total 226304K, used 65009K [0x0000000084e00000, 0x0000000100000000)
  region size 1024K, 1 young (1024K), 1 survivors (1024K)
 Metaspace       used 81598K, committed 82176K, reserved 1179648K
  class space    used 11102K, committed 11328K, reserved 1048576K
}

Deoptimization events (20 events):
Event: 33.344 Thread 0x00000262460e1110 DEOPT PACKING pc=0x000002627126e8ec sp=0x000000dfc72fd130
Event: 33.344 Thread 0x00000262460e1110 DEOPT UNPACKING pc=0x00000262708f23a3 sp=0x000000dfc72fd0d8 mode 2
Event: 33.349 Thread 0x00000262460e1110 Uncommon trap: trap_request=0xffffffc6 fr.pc=0x000002627126e8ec relative=0x00000000000002ac
Event: 33.349 Thread 0x00000262460e1110 Uncommon trap: reason=bimorphic_or_optimized_type_check action=maybe_recompile pc=0x000002627126e8ec method=java.util.stream.AbstractPipeline.spliterator()Ljava/util/Spliterator; @ 112 c2
Event: 33.349 Thread 0x00000262460e1110 DEOPT PACKING pc=0x000002627126e8ec sp=0x000000dfc72fd130
Event: 33.349 Thread 0x00000262460e1110 DEOPT UNPACKING pc=0x00000262708f23a3 sp=0x000000dfc72fd0d8 mode 2
Event: 33.355 Thread 0x00000262460e1110 Uncommon trap: trap_request=0xffffffc6 fr.pc=0x000002627126e8ec relative=0x00000000000002ac
Event: 33.355 Thread 0x00000262460e1110 Uncommon trap: reason=bimorphic_or_optimized_type_check action=maybe_recompile pc=0x000002627126e8ec method=java.util.stream.AbstractPipeline.spliterator()Ljava/util/Spliterator; @ 112 c2
Event: 33.355 Thread 0x00000262460e1110 DEOPT PACKING pc=0x000002627126e8ec sp=0x000000dfc72fd110
Event: 33.356 Thread 0x00000262460e1110 DEOPT UNPACKING pc=0x00000262708f23a3 sp=0x000000dfc72fd0b8 mode 2
Event: 34.542 Thread 0x00000262460e1110 DEOPT PACKING pc=0x0000026269b6e458 sp=0x000000dfc72fd590
Event: 34.542 Thread 0x00000262460e1110 DEOPT UNPACKING pc=0x00000262708f2b43 sp=0x000000dfc72fcb30 mode 0
Event: 34.603 Thread 0x00000262460e1110 DEOPT PACKING pc=0x0000026269b6e458 sp=0x000000dfc72fd410
Event: 34.603 Thread 0x00000262460e1110 DEOPT UNPACKING pc=0x00000262708f2b43 sp=0x000000dfc72fc9b0 mode 0
Event: 34.671 Thread 0x00000262460e1110 DEOPT PACKING pc=0x0000026269b6e458 sp=0x000000dfc72fd1c0
Event: 34.671 Thread 0x00000262460e1110 DEOPT UNPACKING pc=0x00000262708f2b43 sp=0x000000dfc72fc760 mode 0
Event: 34.707 Thread 0x00000262460e1110 DEOPT PACKING pc=0x0000026269b6e458 sp=0x000000dfc72fd4e0
Event: 34.707 Thread 0x00000262460e1110 DEOPT UNPACKING pc=0x00000262708f2b43 sp=0x000000dfc72fca80 mode 0
Event: 34.759 Thread 0x00000262460e1110 DEOPT PACKING pc=0x000002626a261d08 sp=0x000000dfc72fdb60
Event: 34.759 Thread 0x00000262460e1110 DEOPT UNPACKING pc=0x00000262708f2b43 sp=0x000000dfc72fd060 mode 0

Classes unloaded (0 events):
No events

Classes redefined (0 events):
No events

Internal exceptions (20 events):
Event: 29.237 Thread 0x00000262460e1110 Exception <a 'java/lang/reflect/InvocationTargetException'{0x000000008a31c560}> (0x000000008a31c560) 
thrown [s\open\src\hotspot\share\runtime\reflection.cpp, line 1121]
Event: 29.771 Thread 0x00000262460e1110 Exception <a 'sun/nio/fs/WindowsException'{0x00000000897ce158}> (0x00000000897ce158) 
thrown [s\open\src\hotspot\share\prims\jni.cpp, line 516]
Event: 29.994 Thread 0x00000262460e1110 Exception <a 'java/lang/NoSuchMethodError'{0x000000008a2c6348}: 'long java.lang.invoke.DirectMethodHandle$Holder.invokeVirtual(java.lang.Object, java.lang.Object)'> (0x000000008a2c6348) 
thrown [s\open\src\hotspot\share\interpreter\linkResolver.cpp, line 759]
Event: 30.000 Thread 0x00000262460e1110 Exception <a 'java/io/FileNotFoundException'{0x000000008a2f4d98}> (0x000000008a2f4d98) 
thrown [s\open\src\hotspot\share\prims\jni.cpp, line 516]
Event: 30.357 Thread 0x00000262460e1110 Exception <a 'java/lang/reflect/InvocationTargetException'{0x0000000088c9b520}> (0x0000000088c9b520) 
thrown [s\open\src\hotspot\share\runtime\reflection.cpp, line 1121]
Event: 30.693 Thread 0x00000262460e1110 Exception <a 'java/lang/reflect/InvocationTargetException'{0x000000008a124108}> (0x000000008a124108) 
thrown [s\open\src\hotspot\share\runtime\reflection.cpp, line 1121]
Event: 30.705 Thread 0x00000262460e1110 Exception <a 'java/lang/reflect/InvocationTargetException'{0x000000008a194690}> (0x000000008a194690) 
thrown [s\open\src\hotspot\share\runtime\reflection.cpp, line 1121]
Event: 30.713 Thread 0x00000262460e1110 Exception <a 'java/lang/reflect/InvocationTargetException'{0x000000008a0825f8}> (0x000000008a0825f8) 
thrown [s\open\src\hotspot\share\runtime\reflection.cpp, line 1121]
Event: 30.716 Thread 0x00000262460e1110 Exception <a 'java/lang/reflect/InvocationTargetException'{0x000000008a090510}> (0x000000008a090510) 
thrown [s\open\src\hotspot\share\runtime\reflection.cpp, line 1121]
Event: 30.736 Thread 0x00000262460e1110 Exception <a 'java/lang/reflect/InvocationTargetException'{0x0000000089eac138}> (0x0000000089eac138) 
thrown [s\open\src\hotspot\share\runtime\reflection.cpp, line 1121]
Event: 30.827 Thread 0x00000262460e1110 Exception <a 'java/lang/reflect/InvocationTargetException'{0x00000000895640f0}> (0x00000000895640f0) 
thrown [s\open\src\hotspot\share\runtime\reflection.cpp, line 1121]
Event: 30.828 Thread 0x00000262460e1110 Exception <a 'java/lang/reflect/InvocationTargetException'{0x0000000089571558}> (0x0000000089571558) 
thrown [s\open\src\hotspot\share\runtime\reflection.cpp, line 1121]
Event: 30.848 Thread 0x00000262460e1110 Exception <a 'java/lang/reflect/InvocationTargetException'{0x000000008c9c0240}> (0x000000008c9c0240) 
thrown [s\open\src\hotspot\share\runtime\reflection.cpp, line 1121]
Event: 30.916 Thread 0x00000262460e1110 Exception <a 'java/lang/reflect/InvocationTargetException'{0x000000008a4818a0}> (0x000000008a4818a0) 
thrown [s\open\src\hotspot\share\runtime\reflection.cpp, line 1121]
Event: 31.087 Thread 0x00000262460e1110 Exception <a 'java/lang/reflect/InvocationTargetException'{0x0000000089ea2d18}> (0x0000000089ea2d18) 
thrown [s\open\src\hotspot\share\runtime\reflection.cpp, line 1121]
Event: 31.218 Thread 0x00000262460e1110 Exception <a 'java/lang/NoSuchMethodError'{0x000000008b364cf0}: 'java.lang.Object java.lang.invoke.DirectMethodHandle$Holder.invokeStaticInit(java.lang.Object, java.lang.Object, int)'> (0x000000008b364cf0) 
thrown [s\open\src\hotspot\share\interpreter\linkResolver.cpp, line 759]
Event: 31.319 Thread 0x00000262460e1110 Exception <a 'java/lang/NoSuchMethodError'{0x000000008b1acb58}: 'void java.lang.invoke.DirectMethodHandle$Holder.invokeStaticInit(java.lang.Object, java.lang.Object, java.lang.Object, java.lang.Object)'> (0x000000008b1acb58) 
thrown [s\open\src\hotspot\share\interpreter\linkResolver.cpp, line 759]
Event: 31.574 Thread 0x00000262460e1110 Exception <a 'java/lang/NoSuchMethodError'{0x000000008ac63c90}: 'java.lang.Object java.lang.invoke.DirectMethodHandle$Holder.invokeStaticInit(java.lang.Object, java.lang.Object, java.lang.Object, java.lang.Object, java.lang.Object)'> (0x000000008ac63c90) 
thrown [s\open\src\hotspot\share\interpreter\linkResolver.cpp, line 759]
Event: 33.005 Thread 0x00000262460e1110 Exception <a 'java/lang/IncompatibleClassChangeError'{0x0000000091dd4338}: Found class java.lang.Object, but interface was expected> (0x0000000091dd4338) 
thrown [s\open\src\hotspot\share\interpreter\linkResolver.cpp, line 826]
Event: 34.739 Thread 0x00000262460e1110 Exception <a 'java/lang/IncompatibleClassChangeError'{0x00000000903dd358}: Found class java.lang.Object, but interface was expected> (0x00000000903dd358) 
thrown [s\open\src\hotspot\share\interpreter\linkResolver.cpp, line 826]

VM Operations (20 events):
Event: 31.831 Executing VM operation: G1Concurrent
Event: 31.831 Executing VM operation: G1Concurrent done
Event: 31.901 Executing VM operation: HandshakeAllThreads
Event: 31.901 Executing VM operation: HandshakeAllThreads done
Event: 32.272 Executing VM operation: ICBufferFull
Event: 32.273 Executing VM operation: ICBufferFull done
Event: 32.514 Executing VM operation: G1CollectForAllocation
Event: 32.522 Executing VM operation: G1CollectForAllocation done
Event: 32.681 Executing VM operation: G1CollectForAllocation
Event: 32.685 Executing VM operation: G1CollectForAllocation done
Event: 32.827 Executing VM operation: HandshakeAllThreads
Event: 32.827 Executing VM operation: HandshakeAllThreads done
Event: 32.829 Executing VM operation: HandshakeAllThreads
Event: 32.829 Executing VM operation: HandshakeAllThreads done
Event: 33.399 Executing VM operation: HandshakeAllThreads
Event: 33.399 Executing VM operation: HandshakeAllThreads done
Event: 34.409 Executing VM operation: Cleanup
Event: 34.489 Executing VM operation: Cleanup done
Event: 35.496 Executing VM operation: Cleanup
Event: 35.496 Executing VM operation: Cleanup done

Events (20 events):
Event: 32.831 loading class sun/reflect/annotation/TypeAnnotation$TypeAnnotationTarget
Event: 32.832 loading class sun/reflect/annotation/TypeAnnotation$TypeAnnotationTarget done
Event: 32.832 loading class sun/reflect/annotation/TypeAnnotationParser
Event: 32.833 loading class sun/reflect/annotation/TypeAnnotationParser done
Event: 32.833 loading class sun/reflect/annotation/TypeAnnotation
Event: 32.833 loading class sun/reflect/annotation/TypeAnnotation done
Event: 32.833 loading class sun/reflect/annotation/AnnotatedTypeFactory
Event: 32.833 loading class sun/reflect/annotation/AnnotatedTypeFactory done
Event: 32.834 loading class sun/reflect/annotation/AnnotatedTypeFactory$AnnotatedTypeBaseImpl
Event: 32.834 loading class sun/reflect/annotation/AnnotatedTypeFactory$AnnotatedTypeBaseImpl done
Event: 32.834 loading class sun/reflect/annotation/TypeAnnotation$LocationInfo
Event: 32.835 loading class sun/reflect/annotation/TypeAnnotation$LocationInfo done
Event: 32.835 loading class sun/reflect/annotation/TypeAnnotation$LocationInfo$Location
Event: 32.835 loading class sun/reflect/annotation/TypeAnnotation$LocationInfo$Location done
Event: 32.863 loading class sun/reflect/generics/tree/IntSignature
Event: 32.864 loading class sun/reflect/generics/tree/IntSignature done
Event: 32.902 loading class sun/reflect/annotation/AnnotatedTypeFactory$AnnotatedParameterizedTypeImpl
Event: 32.903 loading class sun/reflect/annotation/AnnotatedTypeFactory$AnnotatedParameterizedTypeImpl done
Event: 32.970 loading class java/util/HashMap$EntrySpliterator
Event: 32.970 loading class java/util/HashMap$EntrySpliterator done


Dynamic libraries:
0x00007ff6fa3b0000 - 0x00007ff6fa3c0000 	C:\Program Files\Java\jdk-17\bin\java.exe
0x00007fffe4a40000 - 0x00007fffe4ca8000 	C:\WINDOWS\SYSTEM32\ntdll.dll
0x00007fffe42e0000 - 0x00007fffe43a9000 	C:\WINDOWS\System32\KERNEL32.DLL
0x00007fffe1bd0000 - 0x00007fffe1fc2000 	C:\WINDOWS\System32\KERNELBASE.dll
0x00007fffe2340000 - 0x00007fffe248b000 	C:\WINDOWS\System32\ucrtbase.dll
0x00007fffb7a90000 - 0x00007fffb7aab000 	C:\Program Files\Java\jdk-17\bin\VCRUNTIME140.dll
0x00007fffb7a70000 - 0x00007fffb7a89000 	C:\Program Files\Java\jdk-17\bin\jli.dll
0x00007fffe2960000 - 0x00007fffe2a14000 	C:\WINDOWS\System32\ADVAPI32.dll
0x00007fffe28b0000 - 0x00007fffe2959000 	C:\WINDOWS\System32\msvcrt.dll
0x00007fffe3d00000 - 0x00007fffe3da6000 	C:\WINDOWS\System32\sechost.dll
0x00007fffe3db0000 - 0x00007fffe3ec8000 	C:\WINDOWS\System32\RPCRT4.dll
0x00007fffe2e70000 - 0x00007fffe3035000 	C:\WINDOWS\System32\USER32.dll
0x00007fffe2490000 - 0x00007fffe24b7000 	C:\WINDOWS\System32\win32u.dll
0x00007fffe4430000 - 0x00007fffe445b000 	C:\WINDOWS\System32\GDI32.dll
0x00007fffe1fd0000 - 0x00007fffe20fd000 	C:\WINDOWS\System32\gdi32full.dll
0x00007fffc3030000 - 0x00007fffc32c3000 	C:\WINDOWS\WinSxS\amd64_microsoft.windows.common-controls_6595b64144ccf1df_6.0.26100.6899_none_3e0efeeae32e88c1\COMCTL32.dll
0x00007fffe2760000 - 0x00007fffe2803000 	C:\WINDOWS\System32\msvcp_win.dll
0x00007fffcc980000 - 0x00007fffcc98b000 	C:\WINDOWS\SYSTEM32\VERSION.dll
0x00007fffe2870000 - 0x00007fffe289f000 	C:\WINDOWS\System32\IMM32.DLL
0x00007fffb7a60000 - 0x00007fffb7a6c000 	C:\Program Files\Java\jdk-17\bin\vcruntime140_1.dll
0x00007fffb79d0000 - 0x00007fffb7a5e000 	C:\Program Files\Java\jdk-17\bin\msvcp140.dll
0x00007fffb6dc0000 - 0x00007fffb79a1000 	C:\Program Files\Java\jdk-17\bin\server\jvm.dll
0x00007fffe48f0000 - 0x00007fffe48f8000 	C:\WINDOWS\System32\PSAPI.DLL
0x00007fffb6db0000 - 0x00007fffb6dba000 	C:\WINDOWS\SYSTEM32\WSOCK32.dll
0x00007fffe3090000 - 0x00007fffe3104000 	C:\WINDOWS\System32\WS2_32.dll
0x00007fffdf390000 - 0x00007fffdf3c5000 	C:\WINDOWS\SYSTEM32\WINMM.dll
0x00007fffe09a0000 - 0x00007fffe09bb000 	C:\WINDOWS\SYSTEM32\kernel.appcore.dll
0x00007fffb6da0000 - 0x00007fffb6daa000 	C:\Program Files\Java\jdk-17\bin\jimage.dll
0x00007fffdf0b0000 - 0x00007fffdf2f2000 	C:\WINDOWS\SYSTEM32\DBGHELP.DLL
0x00007fffe3ed0000 - 0x00007fffe424b000 	C:\WINDOWS\System32\combase.dll
0x00007fffe2d80000 - 0x00007fffe2e57000 	C:\WINDOWS\System32\OLEAUT32.dll
0x00007fffdf300000 - 0x00007fffdf33c000 	C:\WINDOWS\SYSTEM32\dbgcore.DLL
0x00007fffe24c0000 - 0x00007fffe2558000 	C:\WINDOWS\System32\bcryptPrimitives.dll
0x00007fffcdbb0000 - 0x00007fffcdbbe000 	C:\Program Files\Java\jdk-17\bin\instrument.dll
0x00007fffb6100000 - 0x00007fffb6125000 	C:\Program Files\Java\jdk-17\bin\java.dll
0x00007fffb5f30000 - 0x00007fffb6007000 	C:\Program Files\Java\jdk-17\bin\jsvml.dll
0x00007fffe3450000 - 0x00007fffe3b9d000 	C:\WINDOWS\System32\SHELL32.dll
0x00007fffe2560000 - 0x00007fffe26cb000 	C:\WINDOWS\System32\wintypes.dll
0x00007fffdf820000 - 0x00007fffe007d000 	C:\WINDOWS\SYSTEM32\windows.storage.dll
0x00007fffe4900000 - 0x00007fffe49f2000 	C:\WINDOWS\System32\SHCORE.dll
0x00007fffe2c30000 - 0x00007fffe2c92000 	C:\WINDOWS\System32\shlwapi.dll
0x00007fffe1af0000 - 0x00007fffe1b19000 	C:\WINDOWS\SYSTEM32\profapi.dll
0x00007fffb5d20000 - 0x00007fffb5d38000 	C:\Program Files\Java\jdk-17\bin\zip.dll
0x00007fffb5cc0000 - 0x00007fffb5cd9000 	C:\Program Files\Java\jdk-17\bin\net.dll
0x00007fffd26e0000 - 0x00007fffd27ff000 	C:\WINDOWS\SYSTEM32\WINHTTP.dll
0x00007fffe0f10000 - 0x00007fffe0f7b000 	C:\WINDOWS\system32\mswsock.dll
0x00007fffb5d40000 - 0x00007fffb5d56000 	C:\Program Files\Java\jdk-17\bin\nio.dll
0x00007fffcdb80000 - 0x00007fffcdb9a000 	C:\Program Files\JetBrains\IntelliJ IDEA Community Edition 2024.1.1\bin\breakgen64.dll
0x00007fff999b0000 - 0x00007fff999ba000 	C:\Program Files\Java\jdk-17\bin\management.dll
0x00007fff999a0000 - 0x00007fff999ab000 	C:\Program Files\Java\jdk-17\bin\management_ext.dll
0x00007fffafa40000 - 0x00007fffafa4e000 	C:\Program Files\Java\jdk-17\bin\sunmscapi.dll
0x00007fffe21c0000 - 0x00007fffe2337000 	C:\WINDOWS\System32\CRYPT32.dll
0x00007fffe13e0000 - 0x00007fffe1410000 	C:\WINDOWS\SYSTEM32\ncrypt.dll
0x00007fffe1390000 - 0x00007fffe13cf000 	C:\WINDOWS\SYSTEM32\NTASN1.dll
0x00007fffe11c0000 - 0x00007fffe11db000 	C:\WINDOWS\SYSTEM32\CRYPTSP.dll
0x00007fffe0900000 - 0x00007fffe093b000 	C:\WINDOWS\system32\rsaenh.dll
0x00007fffe0fb0000 - 0x00007fffe0fdb000 	C:\WINDOWS\SYSTEM32\USERENV.dll
0x00007fffe1ac0000 - 0x00007fffe1ae6000 	C:\WINDOWS\SYSTEM32\bcrypt.dll
0x00007fffe11e0000 - 0x00007fffe11ec000 	C:\WINDOWS\SYSTEM32\CRYPTBASE.dll
0x00007fffe04f0000 - 0x00007fffe0524000 	C:\WINDOWS\SYSTEM32\IPHLPAPI.DLL
0x00007fffe3120000 - 0x00007fffe312a000 	C:\WINDOWS\System32\NSI.dll
0x00007fffdaed0000 - 0x00007fffdaeee000 	C:\WINDOWS\SYSTEM32\dhcpcsvc6.DLL
0x00007fffdaea0000 - 0x00007fffdaec3000 	C:\WINDOWS\SYSTEM32\dhcpcsvc.DLL
0x00007fffe0530000 - 0x00007fffe0656000 	C:\WINDOWS\SYSTEM32\DNSAPI.dll
0x00007fffafc40000 - 0x00007fffafc50000 	C:\Program Files\Java\jdk-17\bin\verify.dll
0x00007fffd2b20000 - 0x00007fffd2b2b000 	C:\Windows\System32\rasadhlp.dll
0x00007fffdb000000 - 0x00007fffdb086000 	C:\WINDOWS\System32\fwpuclnt.dll

dbghelp: loaded successfully - version: 4.0.5 - missing functions: none
symbol engine: initialized successfully - sym options: 0x614 - pdb path: .;C:\Program Files\Java\jdk-17\bin;C:\WINDOWS\SYSTEM32;C:\WINDOWS\WinSxS\amd64_microsoft.windows.common-controls_6595b64144ccf1df_6.0.26100.6899_none_3e0efeeae32e88c1;C:\Program Files\Java\jdk-17\bin\server;C:\Program Files\JetBrains\IntelliJ IDEA Community Edition 2024.1.1\bin

VM Arguments:
jvm_args: -javaagent:C:\Program Files\JetBrains\IntelliJ IDEA Community Edition 2024.1.1\lib\idea_rt.jar=57699:C:\Program Files\JetBrains\IntelliJ IDEA Community Edition 2024.1.1\bin -Dfile.encoding=UTF-8 
java_command: com.tiximax.txm.TiximaxApplication
java_class_path (initial): D:\Tiximax_BE\txm\target\classes;C:\Users\TAN PHAT\.m2\repository\org\springframework\boot\spring-boot-starter-data-jpa\3.2.5\spring-boot-starter-data-jpa-3.2.5.jar;C:\Users\TAN PHAT\.m2\repository\org\springframework\boot\spring-boot-starter-aop\3.2.5\spring-boot-starter-aop-3.2.5.jar;C:\Users\TAN PHAT\.m2\repository\org\aspectj\aspectjweaver\1.9.22\aspectjweaver-1.9.22.jar;C:\Users\TAN PHAT\.m2\repository\org\springframework\boot\spring-boot-starter-jdbc\3.2.5\spring-boot-starter-jdbc-3.2.5.jar;C:\Users\TAN PHAT\.m2\repository\com\zaxxer\HikariCP\5.0.1\HikariCP-5.0.1.jar;C:\Users\TAN PHAT\.m2\repository\org\springframework\spring-jdbc\6.1.6\spring-jdbc-6.1.6.jar;C:\Users\TAN PHAT\.m2\repository\org\hibernate\orm\hibernate-core\6.4.4.Final\hibernate-core-6.4.4.Final.jar;C:\Users\TAN PHAT\.m2\repository\jakarta\persistence\jakarta.persistence-api\3.1.0\jakarta.persistence-api-3.1.0.jar;C:\Users\TAN PHAT\.m2\repository\jakarta\transaction\jakarta.transaction-api\2.0.1\jakarta.transaction-api-2.0.1.jar;C:\Users\TAN PHAT\.m2\repository\org\jboss\logging\jboss-logging\3.5.3.Final\jboss-logging-3.5.3.Final.jar;C:\Users\TAN PHAT\.m2\repository\org\hibernate\common\hibernate-commons-annotations\6.0.6.Final\hibernate-commons-annotations-6.0.6.Final.jar;C:\Users\TAN PHAT\.m2\repository\io\smallrye\jandex\3.1.2\jandex-3.1.2.jar;C:\Users\TAN PHAT\.m2\repository\com\fasterxml\classmate\1.6.0\classmate-1.6.0.jar;C:\Users\TAN PHAT\.m2\repository\net\bytebuddy\byte-buddy\1.14.13\byte-buddy-1.14.13.jar;C:\Users\TAN PHAT\.m2\repository\org\glassfish\jaxb\jaxb-runtime\4.0.5\jaxb-runtime-4.0.5.jar;C:\Users\TAN PHAT\.m2\repository\org\glassfish\jaxb\jaxb-core\4.0.5\jaxb-core-4.0.5.jar;C:\Users\TAN PHAT\.m2\repository\org\glassfish\jaxb\txw2\4.0.5\txw2-4.0.5.jar;C:\Users\TAN PHAT\.m2\repository\com\sun\istack\istack-commons-runtime\4.1.2\istack-commons-runtime-4.1.2.jar;C:\Users\TAN PHAT\.m2\repository\jakarta\inject\jakarta.inject-api\2.0.1\jakarta.inject-a
Launcher Type: SUN_STANDARD

[Global flags]
     intx CICompilerCount                          = 4                                         {product} {ergonomic}
     uint ConcGCThreads                            = 3                                         {product} {ergonomic}
     uint G1ConcRefinementThreads                  = 10                                        {product} {ergonomic}
   size_t G1HeapRegionSize                         = 1048576                                   {product} {ergonomic}
    uintx GCDrainStackTargetSize                   = 64                                        {product} {ergonomic}
   size_t InitialHeapSize                          = 130023424                                 {product} {ergonomic}
   size_t MarkStackSize                            = 4194304                                   {product} {ergonomic}
   size_t MaxHeapSize                              = 2065694720                                {product} {ergonomic}
   size_t MaxNewSize                               = 1239416832                                {product} {ergonomic}
   size_t MinHeapDeltaBytes                        = 1048576                                   {product} {ergonomic}
   size_t MinHeapSize                              = 8388608                                   {product} {ergonomic}
    uintx NonNMethodCodeHeapSize                   = 5839372                                {pd product} {ergonomic}
    uintx NonProfiledCodeHeapSize                  = 122909434                              {pd product} {ergonomic}
    uintx ProfiledCodeHeapSize                     = 122909434                              {pd product} {ergonomic}
    uintx ReservedCodeCacheSize                    = 251658240                              {pd product} {ergonomic}
     bool SegmentedCodeCache                       = true                                      {product} {ergonomic}
   size_t SoftMaxHeapSize                          = 2065694720                             {manageable} {ergonomic}
     bool UseCompressedClassPointers               = true                           {product lp64_product} {ergonomic}
     bool UseCompressedOops                        = true                           {product lp64_product} {ergonomic}
     bool UseG1GC                                  = true                                      {product} {ergonomic}
     bool UseLargePagesIndividualAllocation        = false                                  {pd product} {ergonomic}

Logging:
Log output configuration:
 #0: stdout all=warning uptime,level,tags
 #1: stderr all=off uptime,level,tags

Environment Variables:
JAVA_HOME=C:\Program Files\Java\jdk-17
CLASSPATH=C:\Program Files\Java\jdk-17\lib
PATH=C:\Program Files\Common Files\Oracle\Java\javapath;C:\Program Files (x86)\Common Files\Oracle\Java\javapath;C:\WINDOWS\system32;C:\WINDOWS;C:\WINDOWS\System32\Wbem;C:\WINDOWS\System32\WindowsPowerShell\v1.0\;C:\WINDOWS\System32\OpenSSH\;C:\Program Files\dotnet\;C:\Program Files\Microsoft SQL Server\Client SDK\ODBC\110\Tools\Binn\;C:\Program Files\nodejs\;C:\Program Files\nodejs;C:\Program Files\nodejs\node_modules\npm\bin;C:\Program Files\Microsoft SQL Server\Client SDK\ODBC\170\Tools\Binn\;C:\Program Files (x86)\Microsoft SQL Server\150\Tools\Binn\;C:\Program Files\Microsoft SQL Server\150\Tools\Binn\;C:\Program Files\Microsoft SQL Server\150\DTS\Binn\;C:\Program Files (x86)\Microsoft SQL Server\160\DTS\Binn\;C:\Program Files\Azure Data Studio\bin;C:\Program Files\Git\cmd;C:\Program Files\apache-maven-3.9.7\bin;C:\Program Files\Java\jdk-17\bin;C:\Program Files\Java\jdk-17;C:\Users\TAN PHAT\AppData\Local\Programs\Python\Python312\Scripts\;C:\Users\TAN PHAT\AppData\Local\Programs\Python\Python312\;C:\Users\TAN PHAT\AppData\Local\Microsoft\WindowsApps;C:\Users\TAN PHAT\AppData\Local\Programs\Microsoft VS Code\bin;C:\Users\TAN PHAT\AppData\Roaming\npm;C:\Program Files\Azure Data Studio\bin;
USERNAME=TAN PHAT
OS=Windows_NT
PROCESSOR_IDENTIFIER=Intel64 Family 6 Model 154 Stepping 4, GenuineIntel



---------------  S Y S T E M  ---------------

OS:
 Windows 11 , 64 bit Build 26100 (10.0.26100.6725)
OS uptime: 13 days 0:30 hours
Hyper-V role detected

CPU: total 12 (initial active 12) (6 cores per cpu, 2 threads per core) family 6 model 154 stepping 4 microcode 0x435, cx8, cmov, fxsr, ht, mmx, 3dnowpref, sse, sse2, sse3, ssse3, sse4.1, sse4.2, popcnt, lzcnt, tsc, tscinvbit, avx, avx2, aes, erms, clmul, bmi1, bmi2, adx, sha, fma, vzeroupper, clflush, clflushopt, clwb, hv

Memory: 4k page, system-wide physical 7876M (573M free)
TotalPageFile size 32452M (AvailPageFile size 18M)
current process WorkingSet (physical memory assigned to process): 444M, peak: 447M
current process commit charge ("private bytes"): 518M, peak: 521M

vm_info: Java HotSpot(TM) 64-Bit Server VM (17.0.9+11-LTS-201) for windows-amd64 JRE (17.0.9+11-LTS-201), built on Oct 10 2023 23:16:06 by "mach5one" with MS VC++ 17.1 (VS2022)

END.
