#
# There is insufficient memory for the Java Runtime Environment to continue.
# Native memory allocation (malloc) failed to allocate 1108896 bytes for Chunk::new
# Possible reasons:
#   The system is out of physical RAM or swap space
#   The process is running with CompressedOops enabled, and the Java Heap may be blocking the growth of the native heap
# Possible solutions:
#   Reduce memory load on the system
#   Increase physical memory or swap space
#   Check if swap backing store is full
#   Decrease Java heap size (-Xmx/-Xms)
#   Decrease number of Java threads
#   Decrease Java thread stack sizes (-Xss)
#   Set larger code cache with -XX:ReservedCodeCacheSize=
#   JVM is running with Unscaled Compressed Oops mode in which the Java heap is
#     placed in the first 4GB address space. The Java Heap base address is the
#     maximum limit for the native heap growth. Please use -XX:HeapBaseMinAddress
#     to set the Java Heap base and to place the Java Heap above 4GB virtual address.
# This output file may be truncated or incomplete.
#
#  Out of Memory Error (arena.cpp:189), pid=12188, tid=4548
#
# JRE version: Java(TM) SE Runtime Environment (17.0.9+11) (build 17.0.9+11-LTS-201)
# Java VM: Java HotSpot(TM) 64-Bit Server VM (17.0.9+11-LTS-201, mixed mode, sharing, tiered, compressed oops, compressed class ptrs, g1 gc, windows-amd64)
# No core dump will be written. Minidumps are not enabled by default on client versions of Windows
#

---------------  S U M M A R Y ------------

Command Line: -javaagent:C:\Program Files\JetBrains\IntelliJ IDEA Community Edition 2024.1.1\lib\idea_rt.jar=55316:C:\Program Files\JetBrains\IntelliJ IDEA Community Edition 2024.1.1\bin -Dfile.encoding=UTF-8 com.tiximax.txm.TiximaxApplication

Host: 12th Gen Intel(R) Core(TM) i7-1255U, 12 cores, 7G,  Windows 11 , 64 bit Build 26100 (10.0.26100.6725)
Time: Thu Oct 30 09:23:14 2025 SE Asia Standard Time elapsed time: 10.815673 seconds (0d 0h 0m 10s)

---------------  T H R E A D  ---------------

Current thread (0x0000018778ce00f0):  JavaThread "C2 CompilerThread0" daemon [_thread_in_native, id=4548, stack(0x0000008059000000,0x0000008059100000)]


Current CompileTask:
C2:  10816 1892   !   4       jdk.internal.loader.URLClassPath$JarLoader::getResource (354 bytes)

Stack: [0x0000008059000000,0x0000008059100000]
Native frames: (J=compiled Java code, j=interpreted, Vv=VM code, C=native code)
V  [jvm.dll+0x678a4a]
V  [jvm.dll+0x7d9cfd]
V  [jvm.dll+0x7db60e]
V  [jvm.dll+0x7dbc73]
V  [jvm.dll+0x245e1f]
V  [jvm.dll+0xaaafb]
V  [jvm.dll+0xab09c]
V  [jvm.dll+0x2ab7ef]
V  [jvm.dll+0x5812e5]
V  [jvm.dll+0x220c52]
V  [jvm.dll+0x22102f]
V  [jvm.dll+0x219f86]
V  [jvm.dll+0x217459]
V  [jvm.dll+0x1a3bc0]
V  [jvm.dll+0x2272de]
V  [jvm.dll+0x22548b]
V  [jvm.dll+0x78f58c]
V  [jvm.dll+0x78998a]
V  [jvm.dll+0x677875]
C  [ucrtbase.dll+0x37b0]
C  [KERNEL32.DLL+0x2e8d7]
C  [ntdll.dll+0x8c53c]


---------------  P R O C E S S  ---------------

Threads class SMR info:
_java_thread_list=0x000001877e93d590, length=17, elements={
0x000001875897de80, 0x0000018778cc3bd0, 0x0000018778cc5100, 0x0000018778cd5ba0,
0x0000018778cd8880, 0x0000018778cd9db0, 0x0000018778cdb2e0, 0x0000018778ce00f0,
0x0000018778cecc00, 0x0000018778cfb080, 0x0000018778caca60, 0x000001877d2cfd10,
0x000001877d86cdc0, 0x0000018778ced150, 0x000001877dae0890, 0x000001877e2be390,
0x000001877e2f1b90
}

Java Threads: ( => current thread )
  0x000001875897de80 JavaThread "main" [_thread_blocked, id=9148, stack(0x0000008058300000,0x0000008058400000)]
  0x0000018778cc3bd0 JavaThread "Reference Handler" daemon [_thread_blocked, id=13424, stack(0x0000008058a00000,0x0000008058b00000)]
  0x0000018778cc5100 JavaThread "Finalizer" daemon [_thread_blocked, id=23696, stack(0x0000008058b00000,0x0000008058c00000)]
  0x0000018778cd5ba0 JavaThread "Signal Dispatcher" daemon [_thread_blocked, id=23700, stack(0x0000008058c00000,0x0000008058d00000)]
  0x0000018778cd8880 JavaThread "Attach Listener" daemon [_thread_blocked, id=18704, stack(0x0000008058d00000,0x0000008058e00000)]
  0x0000018778cd9db0 JavaThread "Service Thread" daemon [_thread_blocked, id=23464, stack(0x0000008058e00000,0x0000008058f00000)]
  0x0000018778cdb2e0 JavaThread "Monitor Deflation Thread" daemon [_thread_blocked, id=21972, stack(0x0000008058f00000,0x0000008059000000)]
=>0x0000018778ce00f0 JavaThread "C2 CompilerThread0" daemon [_thread_in_native, id=4548, stack(0x0000008059000000,0x0000008059100000)]
  0x0000018778cecc00 JavaThread "C1 CompilerThread0" daemon [_thread_blocked, id=5472, stack(0x0000008059100000,0x0000008059200000)]
  0x0000018778cfb080 JavaThread "Sweeper thread" daemon [_thread_blocked, id=23648, stack(0x0000008059200000,0x0000008059300000)]
  0x0000018778caca60 JavaThread "Common-Cleaner" daemon [_thread_blocked, id=1336, stack(0x0000008059300000,0x0000008059400000)]
  0x000001877d2cfd10 JavaThread "Monitor Ctrl-Break" daemon [_thread_in_native, id=18792, stack(0x0000008059400000,0x0000008059500000)]
  0x000001877d86cdc0 JavaThread "Notification Thread" daemon [_thread_blocked, id=18220, stack(0x0000008059500000,0x0000008059600000)]
  0x0000018778ced150 JavaThread "C2 CompilerThread1" daemon [_thread_in_native, id=20780, stack(0x0000008059b00000,0x0000008059c00000)]
  0x000001877dae0890 JavaThread "Thread-0" [_thread_blocked, id=19496, stack(0x0000008059c00000,0x0000008059d00000)]
  0x000001877e2be390 JavaThread "restartedMain" [_thread_in_vm, id=20436, stack(0x0000008059d00000,0x0000008059e00000)]
  0x000001877e2f1b90 JavaThread "background-preinit" [_thread_in_vm, id=9856, stack(0x000000805a000000,0x000000805a100000)]

Other Threads:
  0x0000018778cbc6a0 VMThread "VM Thread" [stack: 0x0000008058900000,0x0000008058a00000] [id=18992]
  0x000001877d2d5500 WatcherThread [stack: 0x0000008059600000,0x0000008059700000] [id=18720]
  0x00000187589d9480 GCTaskThread "GC Thread#0" [stack: 0x0000008058400000,0x0000008058500000] [id=17812]
  0x000001877e018790 GCTaskThread "GC Thread#1" [stack: 0x0000008059700000,0x0000008059800000] [id=18028]
  0x000001877ddb9ba0 GCTaskThread "GC Thread#2" [stack: 0x0000008059800000,0x0000008059900000] [id=15664]
  0x000001877e05bcc0 GCTaskThread "GC Thread#3" [stack: 0x0000008059900000,0x0000008059a00000] [id=19960]
  0x000001877e05bf80 GCTaskThread "GC Thread#4" [stack: 0x0000008059a00000,0x0000008059b00000] [id=24328]
  0x000001877e2f8790 GCTaskThread "GC Thread#5" [stack: 0x0000008059e00000,0x0000008059f00000] [id=21656]
  0x000001877de72a40 GCTaskThread "GC Thread#6" [stack: 0x0000008059f00000,0x000000805a000000] [id=24736]
  0x00000187589ea6e0 ConcurrentGCThread "G1 Main Marker" [stack: 0x0000008058500000,0x0000008058600000] [id=9236]
  0x00000187589eb0f0 ConcurrentGCThread "G1 Conc#0" [stack: 0x0000008058600000,0x0000008058700000] [id=15976]
  0x0000018778b65530 ConcurrentGCThread "G1 Refine#0" [stack: 0x0000008058700000,0x0000008058800000] [id=13400]
  0x0000018778b65d70 ConcurrentGCThread "G1 Service" [stack: 0x0000008058800000,0x0000008058900000] [id=16472]

Threads with active compile tasks:
C2 CompilerThread0    10914 1892   !   4       jdk.internal.loader.URLClassPath$JarLoader::getResource (354 bytes)
C2 CompilerThread1    10914 2020   !   4       java.util.concurrent.ConcurrentHashMap::transfer (849 bytes)

VM state: not at safepoint (normal execution)

VM Mutex/Monitor currently owned by a thread: None

Heap address: 0x0000000084e00000, size: 1970 MB, Compressed Oops mode: 32-bit

CDS archive(s) mapped at: [0x0000018700000000-0x0000018700bd0000-0x0000018700bd0000), size 12386304, SharedBaseAddress: 0x0000018700000000, ArchiveRelocationMode: 1.
Compressed class space mapped at: 0x0000018701000000-0x0000018741000000, reserved size: 1073741824
Narrow klass base: 0x0000018700000000, Narrow klass shift: 0, Narrow klass range: 0x100000000

GC Precious Log:
 CPUs: 12 total, 12 available
 Memory: 7876M
 Large Page Support: Disabled
 NUMA Support: Disabled
 Compressed Oops: Enabled (32-bit)
 Heap Region Size: 1M
 Heap Min Capacity: 8M
 Heap Initial Capacity: 124M
 Heap Max Capacity: 1970M
 Pre-touch: Disabled
 Parallel Workers: 10
 Concurrent Workers: 3
 Concurrent Refinement Workers: 10
 Periodic GC: Disabled

Heap:
 garbage-first heap   total 126976K, used 31821K [0x0000000084e00000, 0x0000000100000000)
  region size 1024K, 23 young (23552K), 2 survivors (2048K)
 Metaspace       used 13921K, committed 14144K, reserved 1114112K
  class space    used 1679K, committed 1792K, reserved 1048576K

Heap Regions: E=young(eden), S=young(survivor), O=old, HS=humongous(starts), HC=humongous(continues), CS=collection set, F=free, OA=open archive, CA=closed archive, TAMS=top-at-mark-start (previous, next)
|   0|0x0000000084e00000, 0x0000000084f00000, 0x0000000084f00000|100%|HS|  |TAMS 0x0000000084e00000, 0x0000000084e00000| Complete 
|   1|0x0000000084f00000, 0x0000000084f00000, 0x0000000085000000|  0%| F|  |TAMS 0x0000000084f00000, 0x0000000084f00000| Untracked 
|   2|0x0000000085000000, 0x0000000085100000, 0x0000000085100000|100%| O|  |TAMS 0x0000000085000000, 0x0000000085000000| Untracked 
|   3|0x0000000085100000, 0x0000000085200000, 0x0000000085200000|100%| O|  |TAMS 0x0000000085100000, 0x0000000085100000| Untracked 
|   4|0x0000000085200000, 0x0000000085300000, 0x0000000085300000|100%| O|  |TAMS 0x0000000085200000, 0x0000000085200000| Untracked 
|   5|0x0000000085300000, 0x0000000085400000, 0x0000000085400000|100%| O|  |TAMS 0x0000000085300000, 0x0000000085300000| Untracked 
|   6|0x0000000085400000, 0x0000000085500000, 0x0000000085500000|100%| O|  |TAMS 0x0000000085400000, 0x0000000085400000| Untracked 
|   7|0x0000000085500000, 0x0000000085600000, 0x0000000085600000|100%| O|  |TAMS 0x0000000085500000, 0x0000000085500000| Untracked 
|   8|0x0000000085600000, 0x0000000085700000, 0x0000000085700000|100%| O|  |TAMS 0x0000000085600000, 0x0000000085600000| Untracked 
|   9|0x0000000085700000, 0x0000000085800000, 0x0000000085800000|100%| O|  |TAMS 0x0000000085700000, 0x0000000085700000| Untracked 
|  10|0x0000000085800000, 0x0000000085863800, 0x0000000085900000| 38%| O|  |TAMS 0x0000000085800000, 0x0000000085800000| Untracked 
|  11|0x0000000085900000, 0x0000000085900000, 0x0000000085a00000|  0%| F|  |TAMS 0x0000000085900000, 0x0000000085900000| Untracked 
|  12|0x0000000085a00000, 0x0000000085a00000, 0x0000000085b00000|  0%| F|  |TAMS 0x0000000085a00000, 0x0000000085a00000| Untracked 
|  13|0x0000000085b00000, 0x0000000085b00000, 0x0000000085c00000|  0%| F|  |TAMS 0x0000000085b00000, 0x0000000085b00000| Untracked 
|  14|0x0000000085c00000, 0x0000000085c00000, 0x0000000085d00000|  0%| F|  |TAMS 0x0000000085c00000, 0x0000000085c00000| Untracked 
|  15|0x0000000085d00000, 0x0000000085d00000, 0x0000000085e00000|  0%| F|  |TAMS 0x0000000085d00000, 0x0000000085d00000| Untracked 
|  16|0x0000000085e00000, 0x0000000085e00000, 0x0000000085f00000|  0%| F|  |TAMS 0x0000000085e00000, 0x0000000085e00000| Untracked 
|  17|0x0000000085f00000, 0x0000000085f00000, 0x0000000086000000|  0%| F|  |TAMS 0x0000000085f00000, 0x0000000085f00000| Untracked 
|  18|0x0000000086000000, 0x0000000086000000, 0x0000000086100000|  0%| F|  |TAMS 0x0000000086000000, 0x0000000086000000| Untracked 
|  19|0x0000000086100000, 0x0000000086100000, 0x0000000086200000|  0%| F|  |TAMS 0x0000000086100000, 0x0000000086100000| Untracked 
|  20|0x0000000086200000, 0x0000000086200000, 0x0000000086300000|  0%| F|  |TAMS 0x0000000086200000, 0x0000000086200000| Untracked 
|  21|0x0000000086300000, 0x0000000086300000, 0x0000000086400000|  0%| F|  |TAMS 0x0000000086300000, 0x0000000086300000| Untracked 
|  22|0x0000000086400000, 0x0000000086400000, 0x0000000086500000|  0%| F|  |TAMS 0x0000000086400000, 0x0000000086400000| Untracked 
|  23|0x0000000086500000, 0x0000000086500000, 0x0000000086600000|  0%| F|  |TAMS 0x0000000086500000, 0x0000000086500000| Untracked 
|  24|0x0000000086600000, 0x0000000086600000, 0x0000000086700000|  0%| F|  |TAMS 0x0000000086600000, 0x0000000086600000| Untracked 
|  25|0x0000000086700000, 0x0000000086700000, 0x0000000086800000|  0%| F|  |TAMS 0x0000000086700000, 0x0000000086700000| Untracked 
|  26|0x0000000086800000, 0x0000000086800000, 0x0000000086900000|  0%| F|  |TAMS 0x0000000086800000, 0x0000000086800000| Untracked 
|  27|0x0000000086900000, 0x0000000086900000, 0x0000000086a00000|  0%| F|  |TAMS 0x0000000086900000, 0x0000000086900000| Untracked 
|  28|0x0000000086a00000, 0x0000000086a00000, 0x0000000086b00000|  0%| F|  |TAMS 0x0000000086a00000, 0x0000000086a00000| Untracked 
|  29|0x0000000086b00000, 0x0000000086b00000, 0x0000000086c00000|  0%| F|  |TAMS 0x0000000086b00000, 0x0000000086b00000| Untracked 
|  30|0x0000000086c00000, 0x0000000086c00000, 0x0000000086d00000|  0%| F|  |TAMS 0x0000000086c00000, 0x0000000086c00000| Untracked 
|  31|0x0000000086d00000, 0x0000000086d00000, 0x0000000086e00000|  0%| F|  |TAMS 0x0000000086d00000, 0x0000000086d00000| Untracked 
|  32|0x0000000086e00000, 0x0000000086e00000, 0x0000000086f00000|  0%| F|  |TAMS 0x0000000086e00000, 0x0000000086e00000| Untracked 
|  33|0x0000000086f00000, 0x0000000086f00000, 0x0000000087000000|  0%| F|  |TAMS 0x0000000086f00000, 0x0000000086f00000| Untracked 
|  34|0x0000000087000000, 0x0000000087000000, 0x0000000087100000|  0%| F|  |TAMS 0x0000000087000000, 0x0000000087000000| Untracked 
|  35|0x0000000087100000, 0x0000000087100000, 0x0000000087200000|  0%| F|  |TAMS 0x0000000087100000, 0x0000000087100000| Untracked 
|  36|0x0000000087200000, 0x0000000087200000, 0x0000000087300000|  0%| F|  |TAMS 0x0000000087200000, 0x0000000087200000| Untracked 
|  37|0x0000000087300000, 0x0000000087300000, 0x0000000087400000|  0%| F|  |TAMS 0x0000000087300000, 0x0000000087300000| Untracked 
|  38|0x0000000087400000, 0x0000000087400000, 0x0000000087500000|  0%| F|  |TAMS 0x0000000087400000, 0x0000000087400000| Untracked 
|  39|0x0000000087500000, 0x0000000087500000, 0x0000000087600000|  0%| F|  |TAMS 0x0000000087500000, 0x0000000087500000| Untracked 
|  40|0x0000000087600000, 0x0000000087600000, 0x0000000087700000|  0%| F|  |TAMS 0x0000000087600000, 0x0000000087600000| Untracked 
|  41|0x0000000087700000, 0x0000000087700000, 0x0000000087800000|  0%| F|  |TAMS 0x0000000087700000, 0x0000000087700000| Untracked 
|  42|0x0000000087800000, 0x0000000087800000, 0x0000000087900000|  0%| F|  |TAMS 0x0000000087800000, 0x0000000087800000| Untracked 
|  43|0x0000000087900000, 0x0000000087900000, 0x0000000087a00000|  0%| F|  |TAMS 0x0000000087900000, 0x0000000087900000| Untracked 
|  44|0x0000000087a00000, 0x0000000087a00000, 0x0000000087b00000|  0%| F|  |TAMS 0x0000000087a00000, 0x0000000087a00000| Untracked 
|  45|0x0000000087b00000, 0x0000000087b00000, 0x0000000087c00000|  0%| F|  |TAMS 0x0000000087b00000, 0x0000000087b00000| Untracked 
|  46|0x0000000087c00000, 0x0000000087c00000, 0x0000000087d00000|  0%| F|  |TAMS 0x0000000087c00000, 0x0000000087c00000| Untracked 
|  47|0x0000000087d00000, 0x0000000087d00000, 0x0000000087e00000|  0%| F|  |TAMS 0x0000000087d00000, 0x0000000087d00000| Untracked 
|  48|0x0000000087e00000, 0x0000000087e00000, 0x0000000087f00000|  0%| F|  |TAMS 0x0000000087e00000, 0x0000000087e00000| Untracked 
|  49|0x0000000087f00000, 0x0000000087f00000, 0x0000000088000000|  0%| F|  |TAMS 0x0000000087f00000, 0x0000000087f00000| Untracked 
|  50|0x0000000088000000, 0x0000000088000000, 0x0000000088100000|  0%| F|  |TAMS 0x0000000088000000, 0x0000000088000000| Untracked 
|  51|0x0000000088100000, 0x0000000088100000, 0x0000000088200000|  0%| F|  |TAMS 0x0000000088100000, 0x0000000088100000| Untracked 
|  52|0x0000000088200000, 0x0000000088200000, 0x0000000088300000|  0%| F|  |TAMS 0x0000000088200000, 0x0000000088200000| Untracked 
|  53|0x0000000088300000, 0x0000000088300000, 0x0000000088400000|  0%| F|  |TAMS 0x0000000088300000, 0x0000000088300000| Untracked 
|  54|0x0000000088400000, 0x0000000088400000, 0x0000000088500000|  0%| F|  |TAMS 0x0000000088400000, 0x0000000088400000| Untracked 
|  55|0x0000000088500000, 0x0000000088500000, 0x0000000088600000|  0%| F|  |TAMS 0x0000000088500000, 0x0000000088500000| Untracked 
|  56|0x0000000088600000, 0x0000000088600000, 0x0000000088700000|  0%| F|  |TAMS 0x0000000088600000, 0x0000000088600000| Untracked 
|  57|0x0000000088700000, 0x0000000088700000, 0x0000000088800000|  0%| F|  |TAMS 0x0000000088700000, 0x0000000088700000| Untracked 
|  58|0x0000000088800000, 0x0000000088800000, 0x0000000088900000|  0%| F|  |TAMS 0x0000000088800000, 0x0000000088800000| Untracked 
|  59|0x0000000088900000, 0x0000000088900000, 0x0000000088a00000|  0%| F|  |TAMS 0x0000000088900000, 0x0000000088900000| Untracked 
|  60|0x0000000088a00000, 0x0000000088a00000, 0x0000000088b00000|  0%| F|  |TAMS 0x0000000088a00000, 0x0000000088a00000| Untracked 
|  61|0x0000000088b00000, 0x0000000088b00000, 0x0000000088c00000|  0%| F|  |TAMS 0x0000000088b00000, 0x0000000088b00000| Untracked 
|  62|0x0000000088c00000, 0x0000000088c00000, 0x0000000088d00000|  0%| F|  |TAMS 0x0000000088c00000, 0x0000000088c00000| Untracked 
|  63|0x0000000088d00000, 0x0000000088d00000, 0x0000000088e00000|  0%| F|  |TAMS 0x0000000088d00000, 0x0000000088d00000| Untracked 
|  64|0x0000000088e00000, 0x0000000088e00000, 0x0000000088f00000|  0%| F|  |TAMS 0x0000000088e00000, 0x0000000088e00000| Untracked 
|  65|0x0000000088f00000, 0x0000000088f00000, 0x0000000089000000|  0%| F|  |TAMS 0x0000000088f00000, 0x0000000088f00000| Untracked 
|  66|0x0000000089000000, 0x0000000089000000, 0x0000000089100000|  0%| F|  |TAMS 0x0000000089000000, 0x0000000089000000| Untracked 
|  67|0x0000000089100000, 0x0000000089100000, 0x0000000089200000|  0%| F|  |TAMS 0x0000000089100000, 0x0000000089100000| Untracked 
|  68|0x0000000089200000, 0x0000000089200000, 0x0000000089300000|  0%| F|  |TAMS 0x0000000089200000, 0x0000000089200000| Untracked 
|  69|0x0000000089300000, 0x0000000089300000, 0x0000000089400000|  0%| F|  |TAMS 0x0000000089300000, 0x0000000089300000| Untracked 
|  70|0x0000000089400000, 0x0000000089400000, 0x0000000089500000|  0%| F|  |TAMS 0x0000000089400000, 0x0000000089400000| Untracked 
|  71|0x0000000089500000, 0x0000000089500000, 0x0000000089600000|  0%| F|  |TAMS 0x0000000089500000, 0x0000000089500000| Untracked 
|  72|0x0000000089600000, 0x0000000089600000, 0x0000000089700000|  0%| F|  |TAMS 0x0000000089600000, 0x0000000089600000| Untracked 
|  73|0x0000000089700000, 0x0000000089700000, 0x0000000089800000|  0%| F|  |TAMS 0x0000000089700000, 0x0000000089700000| Untracked 
|  74|0x0000000089800000, 0x0000000089800000, 0x0000000089900000|  0%| F|  |TAMS 0x0000000089800000, 0x0000000089800000| Untracked 
|  75|0x0000000089900000, 0x0000000089900000, 0x0000000089a00000|  0%| F|  |TAMS 0x0000000089900000, 0x0000000089900000| Untracked 
|  76|0x0000000089a00000, 0x0000000089a00000, 0x0000000089b00000|  0%| F|  |TAMS 0x0000000089a00000, 0x0000000089a00000| Untracked 
|  77|0x0000000089b00000, 0x0000000089b00000, 0x0000000089c00000|  0%| F|  |TAMS 0x0000000089b00000, 0x0000000089b00000| Untracked 
|  78|0x0000000089c00000, 0x0000000089c00000, 0x0000000089d00000|  0%| F|  |TAMS 0x0000000089c00000, 0x0000000089c00000| Untracked 
|  79|0x0000000089d00000, 0x0000000089d00000, 0x0000000089e00000|  0%| F|  |TAMS 0x0000000089d00000, 0x0000000089d00000| Untracked 
|  80|0x0000000089e00000, 0x0000000089e00000, 0x0000000089f00000|  0%| F|  |TAMS 0x0000000089e00000, 0x0000000089e00000| Untracked 
|  81|0x0000000089f00000, 0x0000000089f00000, 0x000000008a000000|  0%| F|  |TAMS 0x0000000089f00000, 0x0000000089f00000| Untracked 
|  82|0x000000008a000000, 0x000000008a000000, 0x000000008a100000|  0%| F|  |TAMS 0x000000008a000000, 0x000000008a000000| Untracked 
|  83|0x000000008a100000, 0x000000008a100000, 0x000000008a200000|  0%| F|  |TAMS 0x000000008a100000, 0x000000008a100000| Untracked 
|  84|0x000000008a200000, 0x000000008a200000, 0x000000008a300000|  0%| F|  |TAMS 0x000000008a200000, 0x000000008a200000| Untracked 
|  85|0x000000008a300000, 0x000000008a300000, 0x000000008a400000|  0%| F|  |TAMS 0x000000008a300000, 0x000000008a300000| Untracked 
|  86|0x000000008a400000, 0x000000008a400000, 0x000000008a500000|  0%| F|  |TAMS 0x000000008a400000, 0x000000008a400000| Untracked 
|  87|0x000000008a500000, 0x000000008a500000, 0x000000008a600000|  0%| F|  |TAMS 0x000000008a500000, 0x000000008a500000| Untracked 
|  88|0x000000008a600000, 0x000000008a600000, 0x000000008a700000|  0%| F|  |TAMS 0x000000008a600000, 0x000000008a600000| Untracked 
|  89|0x000000008a700000, 0x000000008a700000, 0x000000008a800000|  0%| F|  |TAMS 0x000000008a700000, 0x000000008a700000| Untracked 
|  90|0x000000008a800000, 0x000000008a800000, 0x000000008a900000|  0%| F|  |TAMS 0x000000008a800000, 0x000000008a800000| Untracked 
|  91|0x000000008a900000, 0x000000008a900000, 0x000000008aa00000|  0%| F|  |TAMS 0x000000008a900000, 0x000000008a900000| Untracked 
|  92|0x000000008aa00000, 0x000000008aa00000, 0x000000008ab00000|  0%| F|  |TAMS 0x000000008aa00000, 0x000000008aa00000| Untracked 
|  93|0x000000008ab00000, 0x000000008ab00000, 0x000000008ac00000|  0%| F|  |TAMS 0x000000008ab00000, 0x000000008ab00000| Untracked 
|  94|0x000000008ac00000, 0x000000008ac00000, 0x000000008ad00000|  0%| F|  |TAMS 0x000000008ac00000, 0x000000008ac00000| Untracked 
|  95|0x000000008ad00000, 0x000000008ad00000, 0x000000008ae00000|  0%| F|  |TAMS 0x000000008ad00000, 0x000000008ad00000| Untracked 
|  96|0x000000008ae00000, 0x000000008aeafff0, 0x000000008af00000| 68%| S|CS|TAMS 0x000000008ae00000, 0x000000008ae00000| Complete 
|  97|0x000000008af00000, 0x000000008b000000, 0x000000008b000000|100%| S|CS|TAMS 0x000000008af00000, 0x000000008af00000| Complete 
|  98|0x000000008b000000, 0x000000008b000000, 0x000000008b100000|  0%| F|  |TAMS 0x000000008b000000, 0x000000008b000000| Untracked 
|  99|0x000000008b100000, 0x000000008b100000, 0x000000008b200000|  0%| F|  |TAMS 0x000000008b100000, 0x000000008b100000| Untracked 
| 100|0x000000008b200000, 0x000000008b200000, 0x000000008b300000|  0%| F|  |TAMS 0x000000008b200000, 0x000000008b200000| Untracked 
| 101|0x000000008b300000, 0x000000008b300000, 0x000000008b400000|  0%| F|  |TAMS 0x000000008b300000, 0x000000008b300000| Untracked 
| 102|0x000000008b400000, 0x000000008b400000, 0x000000008b500000|  0%| F|  |TAMS 0x000000008b400000, 0x000000008b400000| Untracked 
| 103|0x000000008b500000, 0x000000008b600000, 0x000000008b600000|100%| E|  |TAMS 0x000000008b500000, 0x000000008b500000| Complete 
| 104|0x000000008b600000, 0x000000008b700000, 0x000000008b700000|100%| E|CS|TAMS 0x000000008b600000, 0x000000008b600000| Complete 
| 105|0x000000008b700000, 0x000000008b800000, 0x000000008b800000|100%| E|CS|TAMS 0x000000008b700000, 0x000000008b700000| Complete 
| 106|0x000000008b800000, 0x000000008b900000, 0x000000008b900000|100%| E|CS|TAMS 0x000000008b800000, 0x000000008b800000| Complete 
| 107|0x000000008b900000, 0x000000008ba00000, 0x000000008ba00000|100%| E|CS|TAMS 0x000000008b900000, 0x000000008b900000| Complete 
| 108|0x000000008ba00000, 0x000000008bb00000, 0x000000008bb00000|100%| E|CS|TAMS 0x000000008ba00000, 0x000000008ba00000| Complete 
| 109|0x000000008bb00000, 0x000000008bc00000, 0x000000008bc00000|100%| E|CS|TAMS 0x000000008bb00000, 0x000000008bb00000| Complete 
| 110|0x000000008bc00000, 0x000000008bd00000, 0x000000008bd00000|100%| E|CS|TAMS 0x000000008bc00000, 0x000000008bc00000| Complete 
| 111|0x000000008bd00000, 0x000000008be00000, 0x000000008be00000|100%| E|CS|TAMS 0x000000008bd00000, 0x000000008bd00000| Complete 
| 112|0x000000008be00000, 0x000000008bf00000, 0x000000008bf00000|100%| E|CS|TAMS 0x000000008be00000, 0x000000008be00000| Complete 
| 113|0x000000008bf00000, 0x000000008c000000, 0x000000008c000000|100%| E|CS|TAMS 0x000000008bf00000, 0x000000008bf00000| Complete 
| 114|0x000000008c000000, 0x000000008c100000, 0x000000008c100000|100%| E|CS|TAMS 0x000000008c000000, 0x000000008c000000| Complete 
| 115|0x000000008c100000, 0x000000008c200000, 0x000000008c200000|100%| E|CS|TAMS 0x000000008c100000, 0x000000008c100000| Complete 
| 116|0x000000008c200000, 0x000000008c300000, 0x000000008c300000|100%| E|CS|TAMS 0x000000008c200000, 0x000000008c200000| Complete 
| 117|0x000000008c300000, 0x000000008c400000, 0x000000008c400000|100%| E|CS|TAMS 0x000000008c300000, 0x000000008c300000| Complete 
| 118|0x000000008c400000, 0x000000008c500000, 0x000000008c500000|100%| E|CS|TAMS 0x000000008c400000, 0x000000008c400000| Complete 
| 119|0x000000008c500000, 0x000000008c600000, 0x000000008c600000|100%| E|CS|TAMS 0x000000008c500000, 0x000000008c500000| Complete 
| 120|0x000000008c600000, 0x000000008c700000, 0x000000008c700000|100%| E|CS|TAMS 0x000000008c600000, 0x000000008c600000| Complete 
| 121|0x000000008c700000, 0x000000008c800000, 0x000000008c800000|100%| E|CS|TAMS 0x000000008c700000, 0x000000008c700000| Complete 
| 122|0x000000008c800000, 0x000000008c900000, 0x000000008c900000|100%| E|CS|TAMS 0x000000008c800000, 0x000000008c800000| Complete 
| 123|0x000000008c900000, 0x000000008ca00000, 0x000000008ca00000|100%| E|CS|TAMS 0x000000008c900000, 0x000000008c900000| Complete 

Card table byte_map: [0x0000018771a90000,0x0000018771e70000] _byte_map_base: 0x0000018771669000

Marking Bits (Prev, Next): (CMBitMap*) 0x00000187589d9aa0, (CMBitMap*) 0x00000187589d9ae0
 Prev Bits: [0x0000018772250000, 0x0000018774118000)
 Next Bits: [0x0000018774120000, 0x0000018775fe8000)

Polling page: 0x000001875a1e0000

Metaspace:

Usage:
  Non-class:     12.03 MB used.
      Class:      1.65 MB used.
       Both:     13.68 MB used.

Virtual space:
  Non-class space:       64.00 MB reserved,      12.19 MB ( 19%) committed,  1 nodes.
      Class space:        1.00 GB reserved,       1.75 MB ( <1%) committed,  1 nodes.
             Both:        1.06 GB reserved,      13.94 MB (  1%) committed. 

Chunk freelists:
   Non-Class:  2.98 MB
       Class:  14.19 MB
        Both:  17.17 MB

MaxMetaspaceSize: unlimited
CompressedClassSpaceSize: 1.00 GB
Initial GC threshold: 21.00 MB
Current GC threshold: 21.00 MB
CDS: on
MetaspaceReclaimPolicy: balanced
 - commit_granule_bytes: 65536.
 - commit_granule_words: 8192.
 - virtual_space_node_default_size: 8388608.
 - enlarge_chunks_in_place: 1.
 - new_chunks_are_fully_committed: 0.
 - uncommit_free_chunks: 1.
 - use_allocation_guard: 0.
 - handle_deallocations: 1.


Internal statistics:

num_allocs_failed_limit: 0.
num_arena_births: 210.
num_arena_deaths: 0.
num_vsnodes_births: 2.
num_vsnodes_deaths: 0.
num_space_committed: 223.
num_space_uncommitted: 0.
num_chunks_returned_to_freelist: 0.
num_chunks_taken_from_freelist: 644.
num_chunk_merges: 0.
num_chunk_splits: 430.
num_chunks_enlarged: 339.
num_inconsistent_stats: 0.

CodeHeap 'non-profiled nmethods': size=120000Kb used=888Kb max_used=888Kb free=119111Kb
 bounds [0x00000187695f0000, 0x0000018769860000, 0x0000018770b20000]
CodeHeap 'profiled nmethods': size=120000Kb used=3913Kb max_used=3913Kb free=116086Kb
 bounds [0x0000018761b20000, 0x0000018761f00000, 0x0000018769050000]
CodeHeap 'non-nmethods': size=5760Kb used=1194Kb max_used=1211Kb free=4565Kb
 bounds [0x0000018769050000, 0x00000187692c0000, 0x00000187695f0000]
 total_blobs=2528 nmethods=2038 adapters=402
 compilation: enabled
              stopped_count=0, restarted_count=0
 full_count=0

Compilation events (20 events):
Event: 9.711 Thread 0x0000018778cecc00 nmethod 2005 0x0000018761ee8e90 code [0x0000018761ee9020, 0x0000018761ee9138]
Event: 9.711 Thread 0x0000018778cecc00 2010       3       java.lang.invoke.DirectMethodHandle$Holder::newInvokeSpecial (24 bytes)
Event: 9.711 Thread 0x0000018778cecc00 nmethod 2010 0x0000018761ee9210 code [0x0000018761ee9400, 0x0000018761ee9ba8]
Event: 9.711 Thread 0x0000018778cecc00 2007       3       java.lang.invoke.InnerClassLambdaMetafactory$ForwardingMethodGenerator::<init> (11 bytes)
Event: 9.712 Thread 0x0000018778cecc00 nmethod 2007 0x0000018761ee9d90 code [0x0000018761ee9f40, 0x0000018761eea148]
Event: 9.712 Thread 0x0000018778ced150 2011   !   4       java.util.WeakHashMap::expungeStaleEntries (139 bytes)
Event: 9.718 Thread 0x0000018778cecc00 2012       3       java.util.AbstractCollection::addAll (42 bytes)
Event: 9.719 Thread 0x0000018778cecc00 nmethod 2012 0x0000018761eea210 code [0x0000018761eea400, 0x0000018761eea938]
Event: 9.732 Thread 0x0000018778ced150 nmethod 2011 0x00000187696c8790 code [0x00000187696c8920, 0x00000187696c8ee8]
Event: 9.735 Thread 0x0000018778ced150 2013       4       sun.net.util.IPAddressUtil::scan (92 bytes)
Event: 9.741 Thread 0x0000018778cecc00 2014       1       ch.qos.logback.classic.spi.LogbackServiceProvider::getLoggerFactory (5 bytes)
Event: 9.742 Thread 0x0000018778cecc00 nmethod 2014 0x00000187696c9090 code [0x00000187696c9220, 0x00000187696c92f8]
Event: 9.743 Thread 0x0000018778ced150 nmethod 2013 0x00000187696c9390 code [0x00000187696c9500, 0x00000187696c95b8]
Event: 9.753 Thread 0x0000018778cecc00 2015       3       java.lang.Character::isJavaIdentifierPart (9 bytes)
Event: 9.754 Thread 0x0000018778cecc00 nmethod 2015 0x0000018761eeaa90 code [0x0000018761eeac40, 0x0000018761eeae38]
Event: 9.754 Thread 0x0000018778cecc00 2016       3       java.lang.CharacterDataLatin1::isJavaIdentifierPart (20 bytes)
Event: 9.755 Thread 0x0000018778cecc00 nmethod 2016 0x0000018761eeaf10 code [0x0000018761eeb0c0, 0x0000018761eeb2d8]
Event: 9.755 Thread 0x0000018778cecc00 2017       3       java.lang.Character::isJavaIdentifierPart (5 bytes)
Event: 9.755 Thread 0x0000018778cecc00 nmethod 2017 0x0000018761eeb410 code [0x0000018761eeb5c0, 0x0000018761eeb818]
Event: 9.792 Thread 0x0000018778ceebe0 nmethod 1975% 0x00000187696c9710 code [0x00000187696c98e0, 0x00000187696cac68]

GC Heap History (4 events):
Event: 7.394 GC heap before
{Heap before GC invocations=0 (full 0):
 garbage-first heap   total 126976K, used 24576K [0x0000000084e00000, 0x0000000100000000)
  region size 1024K, 23 young (23552K), 0 survivors (0K)
 Metaspace       used 4877K, committed 4992K, reserved 1114112K
  class space    used 532K, committed 576K, reserved 1048576K
}
Event: 7.414 GC heap after
{Heap after GC invocations=1 (full 0):
 garbage-first heap   total 126976K, used 9649K [0x0000000084e00000, 0x0000000100000000)
  region size 1024K, 3 young (3072K), 3 survivors (3072K)
 Metaspace       used 4877K, committed 4992K, reserved 1114112K
  class space    used 532K, committed 576K, reserved 1048576K
}
Event: 9.044 GC heap before
{Heap before GC invocations=1 (full 0):
 garbage-first heap   total 126976K, used 34225K [0x0000000084e00000, 0x0000000100000000)
  region size 1024K, 26 young (26624K), 3 survivors (3072K)
 Metaspace       used 8695K, committed 8960K, reserved 1114112K
  class space    used 1073K, committed 1216K, reserved 1048576K
}
Event: 9.054 GC heap after
{Heap after GC invocations=2 (full 0):
 garbage-first heap   total 126976K, used 11341K [0x0000000084e00000, 0x0000000100000000)
  region size 1024K, 2 young (2048K), 2 survivors (2048K)
 Metaspace       used 8695K, committed 8960K, reserved 1114112K
  class space    used 1073K, committed 1216K, reserved 1048576K
}

Deoptimization events (20 events):
Event: 9.655 Thread 0x000001877e2f1b90 Uncommon trap: trap_request=0xffffff45 fr.pc=0x000001876960a190 relative=0x00000000000003f0
Event: 9.655 Thread 0x000001877e2f1b90 Uncommon trap: reason=unstable_if action=reinterpret pc=0x000001876960a190 method=java.lang.AbstractStringBuilder.isLatin1()Z @ 10 c2
Event: 9.655 Thread 0x000001877e2f1b90 DEOPT PACKING pc=0x000001876960a190 sp=0x000000805a0fd900
Event: 9.655 Thread 0x000001877e2f1b90 DEOPT UNPACKING pc=0x00000187690a23a3 sp=0x000000805a0fd880 mode 2
Event: 9.655 Thread 0x000001877e2f1b90 Uncommon trap: trap_request=0xffffff45 fr.pc=0x0000018769687c5c relative=0x000000000000005c
Event: 9.655 Thread 0x000001877e2f1b90 Uncommon trap: reason=unstable_if action=reinterpret pc=0x0000018769687c5c method=java.lang.AbstractStringBuilder.isLatin1()Z @ 10 c2
Event: 9.656 Thread 0x000001877e2f1b90 DEOPT PACKING pc=0x0000018769687c5c sp=0x000000805a0fd8e0
Event: 9.656 Thread 0x000001877e2f1b90 DEOPT UNPACKING pc=0x00000187690a23a3 sp=0x000000805a0fd870 mode 2
Event: 9.663 Thread 0x000001877e2f1b90 Uncommon trap: trap_request=0xffffff45 fr.pc=0x000001876960785c relative=0x000000000000005c
Event: 9.663 Thread 0x000001877e2f1b90 Uncommon trap: reason=unstable_if action=reinterpret pc=0x000001876960785c method=java.lang.String.isLatin1()Z @ 10 c2
Event: 9.663 Thread 0x000001877e2f1b90 DEOPT PACKING pc=0x000001876960785c sp=0x000000805a0fd570
Event: 9.663 Thread 0x000001877e2f1b90 DEOPT UNPACKING pc=0x00000187690a23a3 sp=0x000000805a0fd500 mode 2
Event: 9.664 Thread 0x000001877e2f1b90 Uncommon trap: trap_request=0xffffff45 fr.pc=0x000001876965f7c8 relative=0x0000000000000048
Event: 9.664 Thread 0x000001877e2f1b90 Uncommon trap: reason=unstable_if action=reinterpret pc=0x000001876965f7c8 method=java.lang.CharacterData.of(I)Ljava/lang/CharacterData; @ 4 c2
Event: 9.664 Thread 0x000001877e2f1b90 DEOPT PACKING pc=0x000001876965f7c8 sp=0x000000805a0fd090
Event: 9.664 Thread 0x000001877e2f1b90 DEOPT UNPACKING pc=0x00000187690a23a3 sp=0x000000805a0fd028 mode 2
Event: 9.702 Thread 0x000001877e2be390 Uncommon trap: trap_request=0xffffffde fr.pc=0x0000018769668490 relative=0x0000000000000550
Event: 9.702 Thread 0x000001877e2be390 Uncommon trap: reason=class_check action=maybe_recompile pc=0x0000018769668490 method=java.util.ImmutableCollections$MapN.probe(Ljava/lang/Object;)I @ 1 c2
Event: 9.702 Thread 0x000001877e2be390 DEOPT PACKING pc=0x0000018769668490 sp=0x0000008059dfe0b0
Event: 9.702 Thread 0x000001877e2be390 DEOPT UNPACKING pc=0x00000187690a23a3 sp=0x0000008059dfdff0 mode 2

Classes unloaded (0 events):
No events

Classes redefined (0 events):
No events

Internal exceptions (20 events):
Event: 8.551 Thread 0x000001877e2be390 Exception <a 'java/lang/NoSuchMethodError'{0x000000008b8c0728}: 'int java.lang.invoke.DirectMethodHandle$Holder.invokeInterface(java.lang.Object, java.lang.Object)'> (0x000000008b8c0728) 
thrown [s\open\src\hotspot\share\interpreter\linkResolver.cpp, line 759]
Event: 8.647 Thread 0x000001877e2be390 Exception <a 'java/lang/NoSuchMethodError'{0x000000008b737188}: 'int java.lang.invoke.DirectMethodHandle$Holder.invokeVirtual(java.lang.Object, java.lang.Object)'> (0x000000008b737188) 
thrown [s\open\src\hotspot\share\interpreter\linkResolver.cpp, line 759]
Event: 8.701 Thread 0x000001877e2be390 Exception <a 'java/lang/NoSuchMethodError'{0x000000008b7e36f8}: 'java.lang.Object java.lang.invoke.DirectMethodHandle$Holder.invokeSpecial(java.lang.Object, java.lang.Object, java.lang.Object, int, java.lang.Object)'> (0x000000008b7e36f8) 
thrown [s\open\src\hotspot\share\interpreter\linkResolver.cpp, line 759]
Event: 8.703 Thread 0x000001877e2be390 Exception <a 'java/lang/NoSuchMethodError'{0x000000008b7ebd58}: 'java.lang.Object java.lang.invoke.DirectMethodHandle$Holder.newInvokeSpecial(java.lang.Object, java.lang.Object, java.lang.Object, int, java.lang.Object)'> (0x000000008b7ebd58) 
thrown [s\open\src\hotspot\share\interpreter\linkResolver.cpp, line 759]
Event: 8.705 Thread 0x000001877e2be390 Exception <a 'java/lang/NoSuchMethodError'{0x000000008b7f3980}: 'java.lang.Object java.lang.invoke.Invokers$Holder.linkToTargetMethod(java.lang.Object, java.lang.Object, int, java.lang.Object, java.lang.Object)'> (0x000000008b7f3980) 
thrown [s\open\src\hotspot\share\interpreter\linkResolver.cpp, line 759]
Event: 8.710 Thread 0x000001877e2be390 Exception <a 'java/lang/NoSuchMethodError'{0x000000008b606150}: 'java.lang.Object java.lang.invoke.DirectMethodHandle$Holder.newInvokeSpecial(java.lang.Object, int, java.lang.Object)'> (0x000000008b606150) 
thrown [s\open\src\hotspot\share\interpreter\linkResolver.cpp, line 759]
Event: 8.711 Thread 0x000001877e2be390 Exception <a 'java/lang/NoSuchMethodError'{0x000000008b60ae30}: 'int java.lang.invoke.DirectMethodHandle$Holder.invokeSpecialIFC(java.lang.Object, java.lang.Object, java.lang.Object, java.lang.Object)'> (0x000000008b60ae30) 
thrown [s\open\src\hotspot\share\interpreter\linkResolver.cpp, line 759]
Event: 8.765 Thread 0x000001877e2be390 Exception <a 'java/lang/NoSuchMethodError'{0x000000008b6e47d0}: 'void java.lang.invoke.DirectMethodHandle$Holder.invokeInterface(java.lang.Object, java.lang.Object, java.lang.Object)'> (0x000000008b6e47d0) 
thrown [s\open\src\hotspot\share\interpreter\linkResolver.cpp, line 759]
Event: 8.827 Thread 0x000001877e2be390 Exception <a 'java/lang/NoSuchMethodError'{0x000000008b5ae818}: 'void java.lang.invoke.DirectMethodHandle$Holder.invokeStaticInit(java.lang.Object, java.lang.Object, java.lang.Object)'> (0x000000008b5ae818) 
thrown [s\open\src\hotspot\share\interpreter\linkResolver.cpp, line 759]
Event: 8.842 Thread 0x000001877e2be390 Exception <a 'java/lang/NoSuchMethodError'{0x000000008b5f6028}: 'java.lang.Object java.lang.invoke.DirectMethodHandle$Holder.invokeVirtual(java.lang.Object, java.lang.Object, java.lang.Object)'> (0x000000008b5f6028) 
thrown [s\open\src\hotspot\share\interpreter\linkResolver.cpp, line 759]
Event: 8.857 Thread 0x000001877e2be390 Exception <a 'java/lang/NoSuchMethodError'{0x000000008b417498}: 'java.lang.Object java.lang.invoke.DirectMethodHandle$Holder.invokeStatic(java.lang.Object, java.lang.Object, long, java.lang.Object)'> (0x000000008b417498) 
thrown [s\open\src\hotspot\share\interpreter\linkResolver.cpp, line 759]
Event: 8.858 Thread 0x000001877e2be390 Exception <a 'java/lang/NoSuchMethodError'{0x000000008b41af30}: 'java.lang.Object java.lang.invoke.DirectMethodHandle$Holder.invokeStaticInit(java.lang.Object, java.lang.Object, long, java.lang.Object)'> (0x000000008b41af30) 
thrown [s\open\src\hotspot\share\interpreter\linkResolver.cpp, line 759]
Event: 8.859 Thread 0x000001877e2be390 Exception <a 'java/lang/NoSuchMethodError'{0x000000008b421638}: 'java.lang.Object java.lang.invoke.DirectMethodHandle$Holder.newInvokeSpecial(java.lang.Object, java.lang.Object, long)'> (0x000000008b421638) 
thrown [s\open\src\hotspot\share\interpreter\linkResolver.cpp, line 759]
Event: 8.860 Thread 0x000001877e2be390 Exception <a 'java/lang/NoSuchMethodError'{0x000000008b4251a8}: 'java.lang.Object java.lang.invoke.Invokers$Holder.linkToTargetMethod(java.lang.Object, long, java.lang.Object)'> (0x000000008b4251a8) 
thrown [s\open\src\hotspot\share\interpreter\linkResolver.cpp, line 759]
Event: 8.898 Thread 0x000001877e2be390 Exception <a 'java/lang/NoSuchMethodError'{0x000000008b4789b8}: 'void java.lang.invoke.DirectMethodHandle$Holder.invokeSpecial(java.lang.Object, java.lang.Object, java.lang.Object, java.lang.Object, java.lang.Object)'> (0x000000008b4789b8) 
thrown [s\open\src\hotspot\share\interpreter\linkResolver.cpp, line 759]
Event: 8.902 Thread 0x000001877e2be390 Exception <a 'java/lang/NoSuchMethodError'{0x000000008b480f48}: 'void java.lang.invoke.DirectMethodHandle$Holder.invokeVirtual(java.lang.Object, java.lang.Object, java.lang.Object, java.lang.Object)'> (0x000000008b480f48) 
thrown [s\open\src\hotspot\share\interpreter\linkResolver.cpp, line 759]
Event: 9.029 Thread 0x000001877e2be390 Exception <a 'java/lang/NoSuchMethodError'{0x000000008b3dcbe8}: 'void java.lang.invoke.DirectMethodHandle$Holder.invokeSpecial(java.lang.Object, java.lang.Object, java.lang.Object)'> (0x000000008b3dcbe8) 
thrown [s\open\src\hotspot\share\interpreter\linkResolver.cpp, line 759]
Event: 9.154 Thread 0x000001877e2be390 Exception <a 'java/lang/NoSuchMethodError'{0x000000008c86cb50}: 'java.lang.Object java.lang.invoke.DirectMethodHandle$Holder.invokeStatic(java.lang.Object, java.lang.Object, int)'> (0x000000008c86cb50) 
thrown [s\open\src\hotspot\share\interpreter\linkResolver.cpp, line 759]
Event: 9.157 Thread 0x000001877e2be390 Exception <a 'java/lang/NoSuchMethodError'{0x000000008c70ac80}: 'void java.lang.invoke.DelegatingMethodHandle$Holder.delegate(java.lang.Object, java.lang.Object, int, java.lang.Object)'> (0x000000008c70ac80) 
thrown [s\open\src\hotspot\share\interpreter\linkResolver.cpp, line 759]
Event: 9.208 Thread 0x000001877e2be390 Exception <a 'java/lang/IncompatibleClassChangeError'{0x000000008c6b7e10}: Found class java.lang.Object, but interface was expected> (0x000000008c6b7e10) 
thrown [s\open\src\hotspot\share\interpreter\linkResolver.cpp, line 826]

VM Operations (20 events):
Event: 7.414 Executing VM operation: G1CollectForAllocation done
Event: 8.012 Executing VM operation: HandshakeAllThreads
Event: 8.012 Executing VM operation: HandshakeAllThreads done
Event: 8.596 Executing VM operation: HandshakeAllThreads
Event: 8.596 Executing VM operation: HandshakeAllThreads done
Event: 8.596 Executing VM operation: Cleanup
Event: 8.596 Executing VM operation: Cleanup done
Event: 9.020 Executing VM operation: HandshakeAllThreads
Event: 9.021 Executing VM operation: HandshakeAllThreads done
Event: 9.021 Executing VM operation: HandshakeAllThreads
Event: 9.021 Executing VM operation: HandshakeAllThreads done
Event: 9.044 Executing VM operation: G1CollectForAllocation
Event: 9.054 Executing VM operation: G1CollectForAllocation done
Event: 9.153 Executing VM operation: HandshakeAllThreads
Event: 9.154 Executing VM operation: HandshakeAllThreads done
Event: 9.660 Executing VM operation: HandshakeAllThreads
Event: 9.660 Executing VM operation: HandshakeAllThreads done
Event: 9.664 Executing VM operation: HandshakeAllThreads
Event: 9.665 Executing VM operation: HandshakeAllThreads done
Event: 10.665 Executing VM operation: Cleanup

Events (20 events):
Event: 9.573 loading class jdk/internal/reflect/MethodAccessorGenerator$1 done
Event: 9.573 loading class jdk/internal/reflect/ClassDefiner
Event: 9.573 loading class jdk/internal/reflect/ClassDefiner done
Event: 9.573 loading class jdk/internal/reflect/ClassDefiner$1
Event: 9.574 loading class jdk/internal/reflect/ClassDefiner$1 done
Event: 9.574 loading class jdk/internal/reflect/BootstrapConstructorAccessorImpl
Event: 9.575 loading class jdk/internal/reflect/BootstrapConstructorAccessorImpl done
Event: 9.576 loading class jdk/internal/module/ModulePatcher$PatchedModuleReader
Event: 9.578 loading class jdk/internal/module/ModulePatcher$PatchedModuleReader done
Event: 9.596 loading class java/lang/annotation/Repeatable
Event: 9.596 loading class java/lang/annotation/Repeatable done
Event: 9.650 loading class sun/text/resources/cldr/FormatData_en
Event: 9.651 loading class sun/text/resources/cldr/FormatData_en done
Event: 9.652 loading class sun/text/resources/cldr/FormatData_en_US
Event: 9.652 loading class sun/text/resources/cldr/FormatData_en_US done
Event: 9.673 Thread 0x0000018778ceebe0 Thread added: 0x0000018778ceebe0
Event: 9.708 loading class java/io/CharArrayReader
Event: 9.708 loading class java/io/CharArrayReader done
Event: 9.729 loading class jdk/internal/reflect/UnsafeObjectFieldAccessorImpl
Event: 9.729 loading class jdk/internal/reflect/UnsafeObjectFieldAccessorImpl done


Dynamic libraries:
0x00007ff6fa3b0000 - 0x00007ff6fa3c0000 	C:\Program Files\Java\jdk-17\bin\java.exe
0x00007fffe4a40000 - 0x00007fffe4ca8000 	C:\WINDOWS\SYSTEM32\ntdll.dll
0x00007fffe42e0000 - 0x00007fffe43a9000 	C:\WINDOWS\System32\KERNEL32.DLL
0x00007fffe1bd0000 - 0x00007fffe1fc2000 	C:\WINDOWS\System32\KERNELBASE.dll
0x00007fffe2340000 - 0x00007fffe248b000 	C:\WINDOWS\System32\ucrtbase.dll
0x00007fffb7a70000 - 0x00007fffb7a89000 	C:\Program Files\Java\jdk-17\bin\jli.dll
0x00007fffb7a90000 - 0x00007fffb7aab000 	C:\Program Files\Java\jdk-17\bin\VCRUNTIME140.dll
0x00007fffe2960000 - 0x00007fffe2a14000 	C:\WINDOWS\System32\ADVAPI32.dll
0x00007fffe28b0000 - 0x00007fffe2959000 	C:\WINDOWS\System32\msvcrt.dll
0x00007fffe3d00000 - 0x00007fffe3da6000 	C:\WINDOWS\System32\sechost.dll
0x00007fffe3db0000 - 0x00007fffe3ec8000 	C:\WINDOWS\System32\RPCRT4.dll
0x00007fffe2e70000 - 0x00007fffe3035000 	C:\WINDOWS\System32\USER32.dll
0x00007fffe2490000 - 0x00007fffe24b7000 	C:\WINDOWS\System32\win32u.dll
0x00007fffc3030000 - 0x00007fffc32c3000 	C:\WINDOWS\WinSxS\amd64_microsoft.windows.common-controls_6595b64144ccf1df_6.0.26100.6899_none_3e0efeeae32e88c1\COMCTL32.dll
0x00007fffe4430000 - 0x00007fffe445b000 	C:\WINDOWS\System32\GDI32.dll
0x00007fffe1fd0000 - 0x00007fffe20fd000 	C:\WINDOWS\System32\gdi32full.dll
0x00007fffe2760000 - 0x00007fffe2803000 	C:\WINDOWS\System32\msvcp_win.dll
0x00007fffcc980000 - 0x00007fffcc98b000 	C:\WINDOWS\SYSTEM32\VERSION.dll
0x00007fffe2870000 - 0x00007fffe289f000 	C:\WINDOWS\System32\IMM32.DLL
0x00007fffb7a60000 - 0x00007fffb7a6c000 	C:\Program Files\Java\jdk-17\bin\vcruntime140_1.dll
0x00007fffb79d0000 - 0x00007fffb7a5e000 	C:\Program Files\Java\jdk-17\bin\msvcp140.dll
0x00007fffb6dc0000 - 0x00007fffb79a1000 	C:\Program Files\Java\jdk-17\bin\server\jvm.dll
0x00007fffe48f0000 - 0x00007fffe48f8000 	C:\WINDOWS\System32\PSAPI.DLL
0x00007fffdf390000 - 0x00007fffdf3c5000 	C:\WINDOWS\SYSTEM32\WINMM.dll
0x00007fffb6db0000 - 0x00007fffb6dba000 	C:\WINDOWS\SYSTEM32\WSOCK32.dll
0x00007fffe3090000 - 0x00007fffe3104000 	C:\WINDOWS\System32\WS2_32.dll
0x00007fffe09a0000 - 0x00007fffe09bb000 	C:\WINDOWS\SYSTEM32\kernel.appcore.dll
0x00007fffb6da0000 - 0x00007fffb6daa000 	C:\Program Files\Java\jdk-17\bin\jimage.dll
0x00007fffdf0b0000 - 0x00007fffdf2f2000 	C:\WINDOWS\SYSTEM32\DBGHELP.DLL
0x00007fffe3ed0000 - 0x00007fffe424b000 	C:\WINDOWS\System32\combase.dll
0x00007fffe2d80000 - 0x00007fffe2e57000 	C:\WINDOWS\System32\OLEAUT32.dll
0x00007fffdf300000 - 0x00007fffdf33c000 	C:\WINDOWS\SYSTEM32\dbgcore.DLL
0x00007fffe24c0000 - 0x00007fffe2558000 	C:\WINDOWS\System32\bcryptPrimitives.dll
0x00007fffdbe40000 - 0x00007fffdbe4e000 	C:\Program Files\Java\jdk-17\bin\instrument.dll
0x00007fffb6100000 - 0x00007fffb6125000 	C:\Program Files\Java\jdk-17\bin\java.dll
0x00007fffb5f30000 - 0x00007fffb6007000 	C:\Program Files\Java\jdk-17\bin\jsvml.dll
0x00007fffe3450000 - 0x00007fffe3b9d000 	C:\WINDOWS\System32\SHELL32.dll
0x00007fffe2560000 - 0x00007fffe26cb000 	C:\WINDOWS\System32\wintypes.dll
0x00007fffdf820000 - 0x00007fffe007d000 	C:\WINDOWS\SYSTEM32\windows.storage.dll
0x00007fffe4900000 - 0x00007fffe49f2000 	C:\WINDOWS\System32\SHCORE.dll
0x00007fffe2c30000 - 0x00007fffe2c92000 	C:\WINDOWS\System32\shlwapi.dll
0x00007fffe1af0000 - 0x00007fffe1b19000 	C:\WINDOWS\SYSTEM32\profapi.dll
0x00007fffb5d20000 - 0x00007fffb5d38000 	C:\Program Files\Java\jdk-17\bin\zip.dll
0x00007fffb5cc0000 - 0x00007fffb5cd9000 	C:\Program Files\Java\jdk-17\bin\net.dll
0x00007fffd26e0000 - 0x00007fffd27ff000 	C:\WINDOWS\SYSTEM32\WINHTTP.dll
0x00007fffe0f10000 - 0x00007fffe0f7b000 	C:\WINDOWS\system32\mswsock.dll
0x00007fffb5d40000 - 0x00007fffb5d56000 	C:\Program Files\Java\jdk-17\bin\nio.dll
0x00007fffcfb40000 - 0x00007fffcfb5a000 	C:\Program Files\JetBrains\IntelliJ IDEA Community Edition 2024.1.1\bin\breakgen64.dll
0x00007fff999b0000 - 0x00007fff999ba000 	C:\Program Files\Java\jdk-17\bin\management.dll
0x00007fff999a0000 - 0x00007fff999ab000 	C:\Program Files\Java\jdk-17\bin\management_ext.dll

dbghelp: loaded successfully - version: 4.0.5 - missing functions: none
symbol engine: initialized successfully - sym options: 0x614 - pdb path: .;C:\Program Files\Java\jdk-17\bin;C:\WINDOWS\SYSTEM32;C:\WINDOWS\WinSxS\amd64_microsoft.windows.common-controls_6595b64144ccf1df_6.0.26100.6899_none_3e0efeeae32e88c1;C:\Program Files\Java\jdk-17\bin\server;C:\Program Files\JetBrains\IntelliJ IDEA Community Edition 2024.1.1\bin

VM Arguments:
jvm_args: -javaagent:C:\Program Files\JetBrains\IntelliJ IDEA Community Edition 2024.1.1\lib\idea_rt.jar=55316:C:\Program Files\JetBrains\IntelliJ IDEA Community Edition 2024.1.1\bin -Dfile.encoding=UTF-8 
java_command: com.tiximax.txm.TiximaxApplication
java_class_path (initial): D:\Tiximax_BE\txm\target\classes;C:\Users\TAN PHAT\.m2\repository\org\springframework\boot\spring-boot-starter-data-jpa\3.2.5\spring-boot-starter-data-jpa-3.2.5.jar;C:\Users\TAN PHAT\.m2\repository\org\springframework\boot\spring-boot-starter-aop\3.2.5\spring-boot-starter-aop-3.2.5.jar;C:\Users\TAN PHAT\.m2\repository\org\aspectj\aspectjweaver\1.9.22\aspectjweaver-1.9.22.jar;C:\Users\TAN PHAT\.m2\repository\org\springframework\boot\spring-boot-starter-jdbc\3.2.5\spring-boot-starter-jdbc-3.2.5.jar;C:\Users\TAN PHAT\.m2\repository\com\zaxxer\HikariCP\5.0.1\HikariCP-5.0.1.jar;C:\Users\TAN PHAT\.m2\repository\org\springframework\spring-jdbc\6.1.6\spring-jdbc-6.1.6.jar;C:\Users\TAN PHAT\.m2\repository\org\hibernate\orm\hibernate-core\6.4.4.Final\hibernate-core-6.4.4.Final.jar;C:\Users\TAN PHAT\.m2\repository\jakarta\persistence\jakarta.persistence-api\3.1.0\jakarta.persistence-api-3.1.0.jar;C:\Users\TAN PHAT\.m2\repository\jakarta\transaction\jakarta.transaction-api\2.0.1\jakarta.transaction-api-2.0.1.jar;C:\Users\TAN PHAT\.m2\repository\org\jboss\logging\jboss-logging\3.5.3.Final\jboss-logging-3.5.3.Final.jar;C:\Users\TAN PHAT\.m2\repository\org\hibernate\common\hibernate-commons-annotations\6.0.6.Final\hibernate-commons-annotations-6.0.6.Final.jar;C:\Users\TAN PHAT\.m2\repository\io\smallrye\jandex\3.1.2\jandex-3.1.2.jar;C:\Users\TAN PHAT\.m2\repository\com\fasterxml\classmate\1.6.0\classmate-1.6.0.jar;C:\Users\TAN PHAT\.m2\repository\net\bytebuddy\byte-buddy\1.14.13\byte-buddy-1.14.13.jar;C:\Users\TAN PHAT\.m2\repository\org\glassfish\jaxb\jaxb-runtime\4.0.5\jaxb-runtime-4.0.5.jar;C:\Users\TAN PHAT\.m2\repository\org\glassfish\jaxb\jaxb-core\4.0.5\jaxb-core-4.0.5.jar;C:\Users\TAN PHAT\.m2\repository\org\glassfish\jaxb\txw2\4.0.5\txw2-4.0.5.jar;C:\Users\TAN PHAT\.m2\repository\com\sun\istack\istack-commons-runtime\4.1.2\istack-commons-runtime-4.1.2.jar;C:\Users\TAN PHAT\.m2\repository\jakarta\inject\jakarta.inject-api\2.0.1\jakarta.inject-a
Launcher Type: SUN_STANDARD

[Global flags]
     intx CICompilerCount                          = 4                                         {product} {ergonomic}
     uint ConcGCThreads                            = 3                                         {product} {ergonomic}
     uint G1ConcRefinementThreads                  = 10                                        {product} {ergonomic}
   size_t G1HeapRegionSize                         = 1048576                                   {product} {ergonomic}
    uintx GCDrainStackTargetSize                   = 64                                        {product} {ergonomic}
   size_t InitialHeapSize                          = 130023424                                 {product} {ergonomic}
   size_t MarkStackSize                            = 4194304                                   {product} {ergonomic}
   size_t MaxHeapSize                              = 2065694720                                {product} {ergonomic}
   size_t MaxNewSize                               = 1239416832                                {product} {ergonomic}
   size_t MinHeapDeltaBytes                        = 1048576                                   {product} {ergonomic}
   size_t MinHeapSize                              = 8388608                                   {product} {ergonomic}
    uintx NonNMethodCodeHeapSize                   = 5839372                                {pd product} {ergonomic}
    uintx NonProfiledCodeHeapSize                  = 122909434                              {pd product} {ergonomic}
    uintx ProfiledCodeHeapSize                     = 122909434                              {pd product} {ergonomic}
    uintx ReservedCodeCacheSize                    = 251658240                              {pd product} {ergonomic}
     bool SegmentedCodeCache                       = true                                      {product} {ergonomic}
   size_t SoftMaxHeapSize                          = 2065694720                             {manageable} {ergonomic}
     bool UseCompressedClassPointers               = true                           {product lp64_product} {ergonomic}
     bool UseCompressedOops                        = true                           {product lp64_product} {ergonomic}
     bool UseG1GC                                  = true                                      {product} {ergonomic}
     bool UseLargePagesIndividualAllocation        = false                                  {pd product} {ergonomic}

Logging:
Log output configuration:
 #0: stdout all=warning uptime,level,tags
 #1: stderr all=off uptime,level,tags

Environment Variables:
JAVA_HOME=C:\Program Files\Java\jdk-17
CLASSPATH=C:\Program Files\Java\jdk-17\lib
PATH=C:\Program Files\Common Files\Oracle\Java\javapath;C:\Program Files (x86)\Common Files\Oracle\Java\javapath;C:\WINDOWS\system32;C:\WINDOWS;C:\WINDOWS\System32\Wbem;C:\WINDOWS\System32\WindowsPowerShell\v1.0\;C:\WINDOWS\System32\OpenSSH\;C:\Program Files\dotnet\;C:\Program Files\Microsoft SQL Server\Client SDK\ODBC\110\Tools\Binn\;C:\Program Files\nodejs\;C:\Program Files\nodejs;C:\Program Files\nodejs\node_modules\npm\bin;C:\Program Files\Microsoft SQL Server\Client SDK\ODBC\170\Tools\Binn\;C:\Program Files (x86)\Microsoft SQL Server\150\Tools\Binn\;C:\Program Files\Microsoft SQL Server\150\Tools\Binn\;C:\Program Files\Microsoft SQL Server\150\DTS\Binn\;C:\Program Files (x86)\Microsoft SQL Server\160\DTS\Binn\;C:\Program Files\Azure Data Studio\bin;C:\Program Files\Git\cmd;C:\Program Files\apache-maven-3.9.7\bin;C:\Program Files\Java\jdk-17\bin;C:\Program Files\Java\jdk-17;C:\Users\TAN PHAT\AppData\Local\Programs\Python\Python312\Scripts\;C:\Users\TAN PHAT\AppData\Local\Programs\Python\Python312\;C:\Users\TAN PHAT\AppData\Local\Microsoft\WindowsApps;C:\Users\TAN PHAT\AppData\Local\Programs\Microsoft VS Code\bin;C:\Users\TAN PHAT\AppData\Roaming\npm;C:\Program Files\Azure Data Studio\bin;
USERNAME=TAN PHAT
OS=Windows_NT
PROCESSOR_IDENTIFIER=Intel64 Family 6 Model 154 Stepping 4, GenuineIntel



---------------  S Y S T E M  ---------------

OS:
 Windows 11 , 64 bit Build 26100 (10.0.26100.6725)
OS uptime: 13 days 0:23 hours
Hyper-V role detected

CPU: total 12 (initial active 12) (6 cores per cpu, 2 threads per core) family 6 model 154 stepping 4 microcode 0x435, cx8, cmov, fxsr, ht, mmx, 3dnowpref, sse, sse2, sse3, ssse3, sse4.1, sse4.2, popcnt, lzcnt, tsc, tscinvbit, avx, avx2, aes, erms, clmul, bmi1, bmi2, adx, sha, fma, vzeroupper, clflush, clflushopt, clwb, hv

Memory: 4k page, system-wide physical 7876M (700M free)
TotalPageFile size 32452M (AvailPageFile size 6M)
current process WorkingSet (physical memory assigned to process): 117M, peak: 117M
current process commit charge ("private bytes"): 253M, peak: 253M

vm_info: Java HotSpot(TM) 64-Bit Server VM (17.0.9+11-LTS-201) for windows-amd64 JRE (17.0.9+11-LTS-201), built on Oct 10 2023 23:16:06 by "mach5one" with MS VC++ 17.1 (VS2022)

END.
