#
# There is insufficient memory for the Java Runtime Environment to continue.
# Native memory allocation (malloc) failed to allocate 1786240 bytes for Chunk::new
# Possible reasons:
#   The system is out of physical RAM or swap space
#   The process is running with CompressedOops enabled, and the Java Heap may be blocking the growth of the native heap
# Possible solutions:
#   Reduce memory load on the system
#   Increase physical memory or swap space
#   Check if swap backing store is full
#   Decrease Java heap size (-Xmx/-Xms)
#   Decrease number of Java threads
#   Decrease Java thread stack sizes (-Xss)
#   Set larger code cache with -XX:ReservedCodeCacheSize=
#   JVM is running with Unscaled Compressed Oops mode in which the Java heap is
#     placed in the first 4GB address space. The Java Heap base address is the
#     maximum limit for the native heap growth. Please use -XX:HeapBaseMinAddress
#     to set the Java Heap base and to place the Java Heap above 4GB virtual address.
# This output file may be truncated or incomplete.
#
#  Out of Memory Error (arena.cpp:189), pid=16068, tid=22864
#
# JRE version: Java(TM) SE Runtime Environment (17.0.9+11) (build 17.0.9+11-LTS-201)
# Java VM: Java HotSpot(TM) 64-Bit Server VM (17.0.9+11-LTS-201, mixed mode, sharing, tiered, compressed oops, compressed class ptrs, g1 gc, windows-amd64)
# No core dump will be written. Minidumps are not enabled by default on client versions of Windows
#

---------------  S U M M A R Y ------------

Command Line: -javaagent:C:\Program Files\JetBrains\IntelliJ IDEA Community Edition 2024.1.1\lib\idea_rt.jar=50743:C:\Program Files\JetBrains\IntelliJ IDEA Community Edition 2024.1.1\bin -Dfile.encoding=UTF-8 com.tiximax.txm.TiximaxApplication

Host: 12th Gen Intel(R) Core(TM) i7-1255U, 12 cores, 7G,  Windows 11 , 64 bit Build 26100 (10.0.26100.6725)
Time: Thu Oct 30 09:27:31 2025 SE Asia Standard Time elapsed time: 11.329961 seconds (0d 0h 0m 11s)

---------------  T H R E A D  ---------------

Current thread (0x00000195cdec15d0):  JavaThread "C2 CompilerThread1" daemon [_thread_in_native, id=22864, stack(0x000000954b100000,0x000000954b200000)]


Current CompileTask:
C2:  11330 4830       4       org.springframework.core.annotation.AnnotationsScanner::scan (21 bytes)

Stack: [0x000000954b100000,0x000000954b200000]
Native frames: (J=compiled Java code, j=interpreted, Vv=VM code, C=native code)
V  [jvm.dll+0x678a4a]
V  [jvm.dll+0x7d9cfd]
V  [jvm.dll+0x7db60e]
V  [jvm.dll+0x7dbc73]
V  [jvm.dll+0x245e1f]
V  [jvm.dll+0xaaafb]
V  [jvm.dll+0xab09c]
V  [jvm.dll+0x36237e]
V  [jvm.dll+0x32ca01]
V  [jvm.dll+0x32be9a]
V  [jvm.dll+0x21812f]
V  [jvm.dll+0x217561]
V  [jvm.dll+0x1a3bc0]
V  [jvm.dll+0x2272de]
V  [jvm.dll+0x22548b]
V  [jvm.dll+0x78f58c]
V  [jvm.dll+0x78998a]
V  [jvm.dll+0x677875]
C  [ucrtbase.dll+0x37b0]
C  [KERNEL32.DLL+0x2e8d7]
C  [ntdll.dll+0x8c53c]


---------------  P R O C E S S  ---------------

Threads class SMR info:
_java_thread_list=0x00000195ceb43020, length=16, elements={
0x00000195e8ea1780, 0x0000019587163e70, 0x0000019587168e60, 0x000001958717a940,
0x000001958717b300, 0x000001958717bcc0, 0x000001958717c680, 0x000001958717d830,
0x0000019587187a20, 0x0000019587b88de0, 0x0000019587c88940, 0x00000195cd2eb640,
0x00000195cd30bf80, 0x00000195cdec15d0, 0x00000195cdd8c440, 0x00000195cdd8cda0
}

Java Threads: ( => current thread )
  0x00000195e8ea1780 JavaThread "main" [_thread_blocked, id=4328, stack(0x0000009549900000,0x0000009549a00000)]
  0x0000019587163e70 JavaThread "Reference Handler" daemon [_thread_blocked, id=23676, stack(0x000000954a000000,0x000000954a100000)]
  0x0000019587168e60 JavaThread "Finalizer" daemon [_thread_blocked, id=3956, stack(0x000000954a100000,0x000000954a200000)]
  0x000001958717a940 JavaThread "Signal Dispatcher" daemon [_thread_blocked, id=9344, stack(0x000000954a200000,0x000000954a300000)]
  0x000001958717b300 JavaThread "Attach Listener" daemon [_thread_blocked, id=9552, stack(0x000000954a300000,0x000000954a400000)]
  0x000001958717bcc0 JavaThread "Service Thread" daemon [_thread_blocked, id=24192, stack(0x000000954a400000,0x000000954a500000)]
  0x000001958717c680 JavaThread "Monitor Deflation Thread" daemon [_thread_blocked, id=11204, stack(0x000000954a500000,0x000000954a600000)]
  0x000001958717d830 JavaThread "C2 CompilerThread0" daemon [_thread_in_native, id=15688, stack(0x000000954a600000,0x000000954a700000)]
  0x0000019587187a20 JavaThread "C1 CompilerThread0" daemon [_thread_blocked, id=15572, stack(0x000000954a700000,0x000000954a800000)]
  0x0000019587b88de0 JavaThread "Sweeper thread" daemon [_thread_blocked, id=22924, stack(0x000000954a800000,0x000000954a900000)]
  0x0000019587c88940 JavaThread "Common-Cleaner" daemon [_thread_blocked, id=13044, stack(0x000000954a900000,0x000000954aa00000)]
  0x00000195cd2eb640 JavaThread "Monitor Ctrl-Break" daemon [_thread_in_native, id=3592, stack(0x000000954aa00000,0x000000954ab00000)]
  0x00000195cd30bf80 JavaThread "Notification Thread" daemon [_thread_blocked, id=3456, stack(0x000000954ab00000,0x000000954ac00000)]
=>0x00000195cdec15d0 JavaThread "C2 CompilerThread1" daemon [_thread_in_native, id=22864, stack(0x000000954b100000,0x000000954b200000)]
  0x00000195cdd8c440 JavaThread "Thread-0" [_thread_blocked, id=20896, stack(0x000000954b200000,0x000000954b300000)]
  0x00000195cdd8cda0 JavaThread "restartedMain" [_thread_in_native, id=6528, stack(0x000000954b300000,0x000000954b400000)]

Other Threads:
  0x000001958715f980 VMThread "VM Thread" [stack: 0x0000009549f00000,0x000000954a000000] [id=19048]
  0x00000195e8f240f0 WatcherThread [stack: 0x000000954ac00000,0x000000954ad00000] [id=19300]
  0x00000195e8efcd00 GCTaskThread "GC Thread#0" [stack: 0x0000009549a00000,0x0000009549b00000] [id=15936]
  0x00000195cda66a80 GCTaskThread "GC Thread#1" [stack: 0x000000954ad00000,0x000000954ae00000] [id=17168]
  0x00000195cdd75730 GCTaskThread "GC Thread#2" [stack: 0x000000954ae00000,0x000000954af00000] [id=1896]
  0x00000195cdccab20 GCTaskThread "GC Thread#3" [stack: 0x000000954af00000,0x000000954b000000] [id=20668]
  0x00000195cdccade0 GCTaskThread "GC Thread#4" [stack: 0x000000954b000000,0x000000954b100000] [id=9880]
  0x00000195cddc0dc0 GCTaskThread "GC Thread#5" [stack: 0x000000954b500000,0x000000954b600000] [id=22180]
  0x00000195cded5890 GCTaskThread "GC Thread#6" [stack: 0x000000954b600000,0x000000954b700000] [id=23620]
  0x00000195cded5b50 GCTaskThread "GC Thread#7" [stack: 0x000000954b700000,0x000000954b800000] [id=14560]
  0x00000195ced1caa0 GCTaskThread "GC Thread#8" [stack: 0x000000954b400000,0x000000954b500000] [id=24040]
  0x00000195ce2b5260 GCTaskThread "GC Thread#9" [stack: 0x000000954b800000,0x000000954b900000] [id=15716]
  0x00000195e74bea00 ConcurrentGCThread "G1 Main Marker" [stack: 0x0000009549b00000,0x0000009549c00000] [id=17964]
  0x00000195e8f0a8f0 ConcurrentGCThread "G1 Conc#0" [stack: 0x0000009549c00000,0x0000009549d00000] [id=20988]
  0x00000195cf2a6220 ConcurrentGCThread "G1 Conc#1" [stack: 0x000000954b900000,0x000000954ba00000] [id=15104]
  0x00000195cf2a6fe0 ConcurrentGCThread "G1 Conc#2" [stack: 0x000000954ba00000,0x000000954bb00000] [id=21448]
  0x000001958700dfb0 ConcurrentGCThread "G1 Refine#0" [stack: 0x0000009549d00000,0x0000009549e00000] [id=12940]
  0x000001958700e880 ConcurrentGCThread "G1 Service" [stack: 0x0000009549e00000,0x0000009549f00000] [id=19548]

Threads with active compile tasks:
C2 CompilerThread0    11383 4787       4       org.springframework.core.annotation.TypeMappedAnnotations::scan (66 bytes)
C2 CompilerThread1    11383 4830       4       org.springframework.core.annotation.AnnotationsScanner::scan (21 bytes)

VM state: not at safepoint (normal execution)

VM Mutex/Monitor currently owned by a thread: None

Heap address: 0x0000000084e00000, size: 1970 MB, Compressed Oops mode: 32-bit

CDS archive(s) mapped at: [0x0000019588000000-0x0000019588bd0000-0x0000019588bd0000), size 12386304, SharedBaseAddress: 0x0000019588000000, ArchiveRelocationMode: 1.
Compressed class space mapped at: 0x0000019589000000-0x00000195c9000000, reserved size: 1073741824
Narrow klass base: 0x0000019588000000, Narrow klass shift: 0, Narrow klass range: 0x100000000

GC Precious Log:
 CPUs: 12 total, 12 available
 Memory: 7876M
 Large Page Support: Disabled
 NUMA Support: Disabled
 Compressed Oops: Enabled (32-bit)
 Heap Region Size: 1M
 Heap Min Capacity: 8M
 Heap Initial Capacity: 124M
 Heap Max Capacity: 1970M
 Pre-touch: Disabled
 Parallel Workers: 10
 Concurrent Workers: 3
 Concurrent Refinement Workers: 10
 Periodic GC: Disabled

Heap:
 garbage-first heap   total 65536K, used 33600K [0x0000000084e00000, 0x0000000100000000)
  region size 1024K, 8 young (8192K), 1 survivors (1024K)
 Metaspace       used 37238K, committed 37696K, reserved 1114112K
  class space    used 4756K, committed 4992K, reserved 1048576K

Heap Regions: E=young(eden), S=young(survivor), O=old, HS=humongous(starts), HC=humongous(continues), CS=collection set, F=free, OA=open archive, CA=closed archive, TAMS=top-at-mark-start (previous, next)
|   0|0x0000000084e00000, 0x0000000084f00000, 0x0000000084f00000|100%|HS|  |TAMS 0x0000000084f00000, 0x0000000084e00000| Complete 
|   1|0x0000000084f00000, 0x0000000085000000, 0x0000000085000000|100%| O|  |TAMS 0x0000000085000000, 0x0000000084f00000| Untracked 
|   2|0x0000000085000000, 0x0000000085100000, 0x0000000085100000|100%| O|  |TAMS 0x0000000085100000, 0x0000000085000000| Untracked 
|   3|0x0000000085100000, 0x0000000085200000, 0x0000000085200000|100%| O|  |TAMS 0x0000000085200000, 0x0000000085100000| Untracked 
|   4|0x0000000085200000, 0x0000000085300000, 0x0000000085300000|100%| O|  |TAMS 0x0000000085300000, 0x0000000085200000| Untracked 
|   5|0x0000000085300000, 0x0000000085400000, 0x0000000085400000|100%| O|  |TAMS 0x0000000085400000, 0x0000000085300000| Untracked 
|   6|0x0000000085400000, 0x0000000085500000, 0x0000000085500000|100%| O|  |TAMS 0x0000000085500000, 0x0000000085400000| Untracked 
|   7|0x0000000085500000, 0x0000000085600000, 0x0000000085600000|100%| O|  |TAMS 0x0000000085600000, 0x0000000085500000| Untracked 
|   8|0x0000000085600000, 0x0000000085700000, 0x0000000085700000|100%| O|  |TAMS 0x0000000085700000, 0x0000000085600000| Untracked 
|   9|0x0000000085700000, 0x0000000085800000, 0x0000000085800000|100%| O|  |TAMS 0x0000000085800000, 0x0000000085700000| Untracked 
|  10|0x0000000085800000, 0x0000000085900000, 0x0000000085900000|100%| O|  |TAMS 0x0000000085900000, 0x0000000085800000| Untracked 
|  11|0x0000000085900000, 0x0000000085a00000, 0x0000000085a00000|100%| O|  |TAMS 0x0000000085a00000, 0x0000000085900000| Untracked 
|  12|0x0000000085a00000, 0x0000000085b00000, 0x0000000085b00000|100%| O|  |TAMS 0x0000000085b00000, 0x0000000085a00000| Untracked 
|  13|0x0000000085b00000, 0x0000000085c00000, 0x0000000085c00000|100%| O|  |TAMS 0x0000000085c00000, 0x0000000085b00000| Untracked 
|  14|0x0000000085c00000, 0x0000000085d00000, 0x0000000085d00000|100%| O|  |TAMS 0x0000000085d00000, 0x0000000085c00000| Untracked 
|  15|0x0000000085d00000, 0x0000000085ddfa00, 0x0000000085e00000| 87%| O|  |TAMS 0x0000000085ddfa00, 0x0000000085d00000| Untracked 
|  16|0x0000000085e00000, 0x0000000085f00000, 0x0000000085f00000|100%| O|  |TAMS 0x0000000085f00000, 0x0000000085e00000| Untracked 
|  17|0x0000000085f00000, 0x0000000086000000, 0x0000000086000000|100%| O|  |TAMS 0x0000000086000000, 0x0000000085f00000| Untracked 
|  18|0x0000000086000000, 0x0000000086100000, 0x0000000086100000|100%| O|  |TAMS 0x0000000086100000, 0x0000000086000000| Untracked 
|  19|0x0000000086100000, 0x0000000086200000, 0x0000000086200000|100%| O|  |TAMS 0x0000000086200000, 0x0000000086100000| Untracked 
|  20|0x0000000086200000, 0x0000000086200000, 0x0000000086300000|  0%| F|  |TAMS 0x0000000086200000, 0x0000000086200000| Untracked 
|  21|0x0000000086300000, 0x0000000086400000, 0x0000000086400000|100%| O|  |TAMS 0x0000000086300000, 0x0000000086300000| Untracked 
|  22|0x0000000086400000, 0x0000000086500000, 0x0000000086500000|100%| O|  |TAMS 0x0000000086500000, 0x0000000086400000| Untracked 
|  23|0x0000000086500000, 0x0000000086600000, 0x0000000086600000|100%| O|  |TAMS 0x0000000086600000, 0x0000000086500000| Untracked 
|  24|0x0000000086600000, 0x0000000086700000, 0x0000000086700000|100%| O|  |TAMS 0x0000000086700000, 0x0000000086600000| Untracked 
|  25|0x0000000086700000, 0x00000000867f0808, 0x0000000086800000| 93%| O|  |TAMS 0x0000000086700000, 0x0000000086700000| Untracked 
|  26|0x0000000086800000, 0x0000000086800000, 0x0000000086900000|  0%| F|  |TAMS 0x0000000086800000, 0x0000000086800000| Untracked 
|  27|0x0000000086900000, 0x0000000086900000, 0x0000000086a00000|  0%| F|  |TAMS 0x0000000086900000, 0x0000000086900000| Untracked 
|  28|0x0000000086a00000, 0x0000000086a00000, 0x0000000086b00000|  0%| F|  |TAMS 0x0000000086a00000, 0x0000000086a00000| Untracked 
|  29|0x0000000086b00000, 0x0000000086c00000, 0x0000000086c00000|100%| O|  |TAMS 0x0000000086c00000, 0x0000000086b00000| Untracked 
|  30|0x0000000086c00000, 0x0000000086d00000, 0x0000000086d00000|100%| O|  |TAMS 0x0000000086c2da00, 0x0000000086c00000| Untracked 
|  31|0x0000000086d00000, 0x0000000086d00000, 0x0000000086e00000|  0%| F|  |TAMS 0x0000000086d00000, 0x0000000086d00000| Untracked 
|  32|0x0000000086e00000, 0x0000000086e00000, 0x0000000086f00000|  0%| F|  |TAMS 0x0000000086e00000, 0x0000000086e00000| Untracked 
|  33|0x0000000086f00000, 0x0000000086f00000, 0x0000000087000000|  0%| F|  |TAMS 0x0000000086f00000, 0x0000000086f00000| Untracked 
|  34|0x0000000087000000, 0x0000000087000000, 0x0000000087100000|  0%| F|  |TAMS 0x0000000087000000, 0x0000000087000000| Untracked 
|  35|0x0000000087100000, 0x0000000087100000, 0x0000000087200000|  0%| F|  |TAMS 0x0000000087100000, 0x0000000087100000| Untracked 
|  36|0x0000000087200000, 0x0000000087200000, 0x0000000087300000|  0%| F|  |TAMS 0x0000000087200000, 0x0000000087200000| Untracked 
|  37|0x0000000087300000, 0x0000000087300000, 0x0000000087400000|  0%| F|  |TAMS 0x0000000087300000, 0x0000000087300000| Untracked 
|  38|0x0000000087400000, 0x0000000087400000, 0x0000000087500000|  0%| F|  |TAMS 0x0000000087400000, 0x0000000087400000| Untracked 
|  39|0x0000000087500000, 0x0000000087500000, 0x0000000087600000|  0%| F|  |TAMS 0x0000000087500000, 0x0000000087500000| Untracked 
|  40|0x0000000087600000, 0x0000000087600000, 0x0000000087700000|  0%| F|  |TAMS 0x0000000087600000, 0x0000000087600000| Untracked 
|  41|0x0000000087700000, 0x0000000087700000, 0x0000000087800000|  0%| F|  |TAMS 0x0000000087700000, 0x0000000087700000| Untracked 
|  42|0x0000000087800000, 0x0000000087800000, 0x0000000087900000|  0%| F|  |TAMS 0x0000000087800000, 0x0000000087800000| Untracked 
|  43|0x0000000087900000, 0x0000000087900000, 0x0000000087a00000|  0%| F|  |TAMS 0x0000000087900000, 0x0000000087900000| Untracked 
|  44|0x0000000087a00000, 0x0000000087a00000, 0x0000000087b00000|  0%| F|  |TAMS 0x0000000087a00000, 0x0000000087a00000| Untracked 
|  45|0x0000000087b00000, 0x0000000087b00000, 0x0000000087c00000|  0%| F|  |TAMS 0x0000000087b00000, 0x0000000087b00000| Untracked 
|  46|0x0000000087c00000, 0x0000000087c00000, 0x0000000087d00000|  0%| F|  |TAMS 0x0000000087c00000, 0x0000000087c00000| Untracked 
|  47|0x0000000087d00000, 0x0000000087d00000, 0x0000000087e00000|  0%| F|  |TAMS 0x0000000087d00000, 0x0000000087d00000| Untracked 
|  48|0x0000000087e00000, 0x0000000087f00000, 0x0000000087f00000|100%| S|CS|TAMS 0x0000000087e00000, 0x0000000087e00000| Complete 
|  49|0x0000000087f00000, 0x0000000087f00000, 0x0000000088000000|  0%| F|  |TAMS 0x0000000087f00000, 0x0000000087f00000| Untracked 
|  50|0x0000000088000000, 0x0000000088000000, 0x0000000088100000|  0%| F|  |TAMS 0x0000000088000000, 0x0000000088000000| Untracked 
|  51|0x0000000088100000, 0x0000000088100000, 0x0000000088200000|  0%| F|  |TAMS 0x0000000088100000, 0x0000000088100000| Untracked 
|  52|0x0000000088200000, 0x0000000088200000, 0x0000000088300000|  0%| F|  |TAMS 0x0000000088200000, 0x0000000088200000| Untracked 
|  53|0x0000000088300000, 0x0000000088300000, 0x0000000088400000|  0%| F|  |TAMS 0x0000000088300000, 0x0000000088300000| Untracked 
|  54|0x0000000088400000, 0x0000000088400000, 0x0000000088500000|  0%| F|  |TAMS 0x0000000088400000, 0x0000000088400000| Untracked 
|  55|0x0000000088500000, 0x0000000088500000, 0x0000000088600000|  0%| F|  |TAMS 0x0000000088500000, 0x0000000088500000| Untracked 
|  56|0x0000000088600000, 0x0000000088600000, 0x0000000088700000|  0%| F|  |TAMS 0x0000000088600000, 0x0000000088600000| Untracked 
|  57|0x0000000088700000, 0x00000000887cb5c8, 0x0000000088800000| 79%| E|  |TAMS 0x0000000088700000, 0x0000000088700000| Complete 
|  58|0x0000000088800000, 0x0000000088900000, 0x0000000088900000|100%| E|CS|TAMS 0x0000000088800000, 0x0000000088800000| Complete 
|  59|0x0000000088900000, 0x0000000088a00000, 0x0000000088a00000|100%| E|CS|TAMS 0x0000000088900000, 0x0000000088900000| Complete 
|  60|0x0000000088a00000, 0x0000000088b00000, 0x0000000088b00000|100%| E|CS|TAMS 0x0000000088a00000, 0x0000000088a00000| Complete 
|  95|0x000000008ad00000, 0x000000008ae00000, 0x000000008ae00000|100%| E|CS|TAMS 0x000000008ad00000, 0x000000008ad00000| Complete 
|  96|0x000000008ae00000, 0x000000008af00000, 0x000000008af00000|100%| E|  |TAMS 0x000000008ae00000, 0x000000008ae00000| Complete 
| 123|0x000000008c900000, 0x000000008ca00000, 0x000000008ca00000|100%| E|CS|TAMS 0x000000008c900000, 0x000000008c900000| Complete 

Card table byte_map: [0x0000019580820000,0x0000019580c00000] _byte_map_base: 0x00000195803f9000

Marking Bits (Prev, Next): (CMBitMap*) 0x00000195e8efd320, (CMBitMap*) 0x00000195e8efd360
 Prev Bits: [0x0000019580fe0000, 0x0000019582ea8000)
 Next Bits: [0x0000019582eb0000, 0x0000019584d78000)

Polling page: 0x00000195e7390000

Metaspace:

Usage:
  Non-class:     31.74 MB used.
      Class:      4.65 MB used.
       Both:     36.38 MB used.

Virtual space:
  Non-class space:       64.00 MB reserved,      31.94 MB ( 50%) committed,  1 nodes.
      Class space:        1.00 GB reserved,       4.88 MB ( <1%) committed,  1 nodes.
             Both:        1.06 GB reserved,      36.81 MB (  3%) committed. 

Chunk freelists:
   Non-Class:  16.00 KB
       Class:  11.09 MB
        Both:  11.11 MB

MaxMetaspaceSize: unlimited
CompressedClassSpaceSize: 1.00 GB
Initial GC threshold: 21.00 MB
Current GC threshold: 58.75 MB
CDS: on
MetaspaceReclaimPolicy: balanced
 - commit_granule_bytes: 65536.
 - commit_granule_words: 8192.
 - virtual_space_node_default_size: 8388608.
 - enlarge_chunks_in_place: 1.
 - new_chunks_are_fully_committed: 0.
 - uncommit_free_chunks: 1.
 - use_allocation_guard: 0.
 - handle_deallocations: 1.


Internal statistics:

num_allocs_failed_limit: 6.
num_arena_births: 552.
num_arena_deaths: 0.
num_vsnodes_births: 2.
num_vsnodes_deaths: 0.
num_space_committed: 589.
num_space_uncommitted: 0.
num_chunks_returned_to_freelist: 6.
num_chunks_taken_from_freelist: 1886.
num_chunk_merges: 6.
num_chunk_splits: 1298.
num_chunks_enlarged: 959.
num_inconsistent_stats: 0.

CodeHeap 'non-profiled nmethods': size=120000Kb used=2765Kb max_used=3135Kb free=117234Kb
 bounds [0x00000195f8200000, 0x00000195f8520000, 0x00000195ff730000]
CodeHeap 'profiled nmethods': size=120000Kb used=8442Kb max_used=10275Kb free=111557Kb
 bounds [0x00000195f0730000, 0x00000195f1140000, 0x00000195f7c60000]
CodeHeap 'non-nmethods': size=5760Kb used=1221Kb max_used=1301Kb free=4539Kb
 bounds [0x00000195f7c60000, 0x00000195f7ed0000, 0x00000195f8200000]
 total_blobs=4668 nmethods=4143 adapters=437
 compilation: enabled
              stopped_count=0, restarted_count=0
 full_count=0

Compilation events (20 events):
Event: 10.107 Thread 0x0000019587187a20 4904       3       java.util.zip.ZipFile$ZipEntryIterator::<init> (20 bytes)
Event: 10.107 Thread 0x0000019587187a20 nmethod 4904 0x00000195f0a75890 code [0x00000195f0a75a20, 0x00000195f0a75bf8]
Event: 10.107 Thread 0x0000019587187a20 4905   !   2       jdk.internal.loader.AbstractClassLoaderValue::get (21 bytes)
Event: 10.108 Thread 0x0000019587187a20 nmethod 4905 0x00000195f0c0a690 code [0x00000195f0c0a860, 0x00000195f0c0aae8]
Event: 10.108 Thread 0x0000019587187a20 4906       3       jdk.internal.loader.ClassLoaders::platformClassLoader (4 bytes)
Event: 10.108 Thread 0x0000019587187a20 nmethod 4906 0x00000195f0a03090 code [0x00000195f0a03220, 0x00000195f0a03318]
Event: 10.123 Thread 0x00000195cdec15d0 nmethod 4785 0x00000195f82d6610 code [0x00000195f82d6de0, 0x00000195f82dda18]
Event: 10.125 Thread 0x00000195cdec15d0 4901   !   4       java.util.zip.ZipFile$Source::getEntryPos (173 bytes)
Event: 10.135 Thread 0x000001958717d830 nmethod 4900 0x00000195f831e810 code [0x00000195f831ea60, 0x00000195f83210d8]
Event: 10.135 Thread 0x000001958717d830 4787       4       org.springframework.core.annotation.TypeMappedAnnotations::scan (66 bytes)
Event: 10.146 Thread 0x0000019587187a20 4907       1       java.util.Collections$EmptyEnumeration::hasMoreElements (2 bytes)
Event: 10.147 Thread 0x0000019587187a20 nmethod 4907 0x00000195f83db410 code [0x00000195f83db5a0, 0x00000195f83db678]
Event: 10.149 Thread 0x00000195cdec15d0 nmethod 4901 0x00000195f8415510 code [0x00000195f84156e0, 0x00000195f8416a08]
Event: 10.149 Thread 0x00000195cdec15d0 4830       4       org.springframework.core.annotation.AnnotationsScanner::scan (21 bytes)
Event: 10.273 Thread 0x0000019587187a20 4908       3       java.lang.ClassLoader::createOrGetClassLoaderValueMap (37 bytes)
Event: 10.274 Thread 0x0000019587187a20 nmethod 4908 0x00000195f0c2ce10 code [0x00000195f0c2cfe0, 0x00000195f0c2d368]
Event: 10.275 Thread 0x0000019587187a20 4910   !   3       java.util.zip.ZipFile::jarEntries (34 bytes)
Event: 10.275 Thread 0x0000019587187a20 nmethod 4910 0x00000195f0957490 code [0x00000195f0957660, 0x00000195f0957a08]
Event: 10.326 Thread 0x0000019587187a20 4912       3       ch.qos.logback.classic.Logger::isTraceEnabled (6 bytes)
Event: 10.326 Thread 0x0000019587187a20 nmethod 4912 0x00000195f09c0c10 code [0x00000195f09c0dc0, 0x00000195f09c0f08]

GC Heap History (18 events):
Event: 1.826 GC heap before
{Heap before GC invocations=0 (full 0):
 garbage-first heap   total 126976K, used 24576K [0x0000000084e00000, 0x0000000100000000)
  region size 1024K, 23 young (23552K), 0 survivors (0K)
 Metaspace       used 4831K, committed 4992K, reserved 1114112K
  class space    used 532K, committed 576K, reserved 1048576K
}
Event: 1.838 GC heap after
{Heap after GC invocations=1 (full 0):
 garbage-first heap   total 126976K, used 9874K [0x0000000084e00000, 0x0000000100000000)
  region size 1024K, 3 young (3072K), 3 survivors (3072K)
 Metaspace       used 4831K, committed 4992K, reserved 1114112K
  class space    used 532K, committed 576K, reserved 1048576K
}
Event: 2.795 GC heap before
{Heap before GC invocations=1 (full 0):
 garbage-first heap   total 126976K, used 34450K [0x0000000084e00000, 0x0000000100000000)
  region size 1024K, 27 young (27648K), 3 survivors (3072K)
 Metaspace       used 8878K, committed 9152K, reserved 1114112K
  class space    used 1106K, committed 1216K, reserved 1048576K
}
Event: 2.802 GC heap after
{Heap after GC invocations=2 (full 0):
 garbage-first heap   total 126976K, used 11586K [0x0000000084e00000, 0x0000000100000000)
  region size 1024K, 2 young (2048K), 2 survivors (2048K)
 Metaspace       used 8878K, committed 9152K, reserved 1114112K
  class space    used 1106K, committed 1216K, reserved 1048576K
}
Event: 4.639 GC heap before
{Heap before GC invocations=2 (full 0):
 garbage-first heap   total 126976K, used 65858K [0x0000000084e00000, 0x0000000100000000)
  region size 1024K, 56 young (57344K), 2 survivors (2048K)
 Metaspace       used 19225K, committed 19520K, reserved 1114112K
  class space    used 2319K, committed 2496K, reserved 1048576K
}
Event: 4.650 GC heap after
{Heap after GC invocations=3 (full 0):
 garbage-first heap   total 126976K, used 16904K [0x0000000084e00000, 0x0000000100000000)
  region size 1024K, 7 young (7168K), 7 survivors (7168K)
 Metaspace       used 19225K, committed 19520K, reserved 1114112K
  class space    used 2319K, committed 2496K, reserved 1048576K
}
Event: 5.585 GC heap before
{Heap before GC invocations=3 (full 0):
 garbage-first heap   total 126976K, used 43528K [0x0000000084e00000, 0x0000000100000000)
  region size 1024K, 34 young (34816K), 7 survivors (7168K)
 Metaspace       used 21255K, committed 21504K, reserved 1114112K
  class space    used 2543K, committed 2688K, reserved 1048576K
}
Event: 5.597 GC heap after
{Heap after GC invocations=4 (full 0):
 garbage-first heap   total 126976K, used 18302K [0x0000000084e00000, 0x0000000100000000)
  region size 1024K, 2 young (2048K), 2 survivors (2048K)
 Metaspace       used 21255K, committed 21504K, reserved 1114112K
  class space    used 2543K, committed 2688K, reserved 1048576K
}
Event: 6.984 GC heap before
{Heap before GC invocations=5 (full 0):
 garbage-first heap   total 65536K, used 54142K [0x0000000084e00000, 0x0000000100000000)
  region size 1024K, 38 young (38912K), 2 survivors (2048K)
 Metaspace       used 26320K, committed 26624K, reserved 1114112K
  class space    used 3301K, committed 3456K, reserved 1048576K
}
Event: 6.989 GC heap after
{Heap after GC invocations=6 (full 0):
 garbage-first heap   total 65536K, used 20528K [0x0000000084e00000, 0x0000000100000000)
  region size 1024K, 5 young (5120K), 5 survivors (5120K)
 Metaspace       used 26320K, committed 26624K, reserved 1114112K
  class space    used 3301K, committed 3456K, reserved 1048576K
}
Event: 8.041 GC heap before
{Heap before GC invocations=6 (full 0):
 garbage-first heap   total 65536K, used 44080K [0x0000000084e00000, 0x0000000100000000)
  region size 1024K, 29 young (29696K), 5 survivors (5120K)
 Metaspace       used 29528K, committed 29952K, reserved 1114112K
  class space    used 3778K, committed 3968K, reserved 1048576K
}
Event: 8.049 GC heap after
{Heap after GC invocations=7 (full 0):
 garbage-first heap   total 65536K, used 22635K [0x0000000084e00000, 0x0000000100000000)
  region size 1024K, 3 young (3072K), 3 survivors (3072K)
 Metaspace       used 29528K, committed 29952K, reserved 1114112K
  class space    used 3778K, committed 3968K, reserved 1048576K
}
Event: 9.055 GC heap before
{Heap before GC invocations=7 (full 0):
 garbage-first heap   total 65536K, used 48235K [0x0000000084e00000, 0x0000000100000000)
  region size 1024K, 26 young (26624K), 3 survivors (3072K)
 Metaspace       used 32660K, committed 33088K, reserved 1114112K
  class space    used 4182K, committed 4416K, reserved 1048576K
}
Event: 9.063 GC heap after
{Heap after GC invocations=8 (full 0):
 garbage-first heap   total 65536K, used 25758K [0x0000000084e00000, 0x0000000100000000)
  region size 1024K, 3 young (3072K), 3 survivors (3072K)
 Metaspace       used 32660K, committed 33088K, reserved 1114112K
  class space    used 4182K, committed 4416K, reserved 1048576K
}
Event: 9.522 GC heap before
{Heap before GC invocations=8 (full 0):
 garbage-first heap   total 65536K, used 52382K [0x0000000084e00000, 0x0000000100000000)
  region size 1024K, 24 young (24576K), 3 survivors (3072K)
 Metaspace       used 34516K, committed 35008K, reserved 1114112K
  class space    used 4366K, committed 4608K, reserved 1048576K
}
Event: 9.527 GC heap after
{Heap after GC invocations=9 (full 0):
 garbage-first heap   total 65536K, used 27617K [0x0000000084e00000, 0x0000000100000000)
  region size 1024K, 3 young (3072K), 3 survivors (3072K)
 Metaspace       used 34516K, committed 35008K, reserved 1114112K
  class space    used 4366K, committed 4608K, reserved 1048576K
}
Event: 9.972 GC heap before
{Heap before GC invocations=9 (full 0):
 garbage-first heap   total 65536K, used 42977K [0x0000000084e00000, 0x0000000100000000)
  region size 1024K, 18 young (18432K), 3 survivors (3072K)
 Metaspace       used 35535K, committed 35968K, reserved 1114112K
  class space    used 4534K, committed 4736K, reserved 1048576K
}
Event: 9.976 GC heap after
{Heap after GC invocations=10 (full 0):
 garbage-first heap   total 65536K, used 28480K [0x0000000084e00000, 0x0000000100000000)
  region size 1024K, 1 young (1024K), 1 survivors (1024K)
 Metaspace       used 35535K, committed 35968K, reserved 1114112K
  class space    used 4534K, committed 4736K, reserved 1048576K
}

Deoptimization events (20 events):
Event: 9.809 Thread 0x00000195cdd8cda0 DEOPT PACKING pc=0x00000195f0f2bfd8 sp=0x000000954b3f9080
Event: 9.809 Thread 0x00000195cdd8cda0 DEOPT UNPACKING pc=0x00000195f7cb2b43 sp=0x000000954b3f8620 mode 0
Event: 9.854 Thread 0x00000195cdd8cda0 DEOPT PACKING pc=0x00000195f0f2bfd8 sp=0x000000954b3f9210
Event: 9.854 Thread 0x00000195cdd8cda0 DEOPT UNPACKING pc=0x00000195f7cb2b43 sp=0x000000954b3f87b0 mode 0
Event: 9.906 Thread 0x00000195cdd8cda0 Uncommon trap: trap_request=0xfffffff4 fr.pc=0x00000195f8402a48 relative=0x0000000000000788
Event: 9.906 Thread 0x00000195cdd8cda0 Uncommon trap: reason=null_check action=make_not_entrant pc=0x00000195f8402a48 method=org.springframework.beans.factory.support.DefaultListableBeanFactory.getBeanDefinition(Ljava/lang/String;)Lorg/springframework/beans/factory/config/BeanDefinition; @ 10 
Event: 9.906 Thread 0x00000195cdd8cda0 DEOPT PACKING pc=0x00000195f8402a48 sp=0x000000954b3f8a60
Event: 9.906 Thread 0x00000195cdd8cda0 DEOPT UNPACKING pc=0x00000195f7cb23a3 sp=0x000000954b3f8998 mode 2
Event: 9.914 Thread 0x00000195cdd8cda0 Uncommon trap: trap_request=0xffffff45 fr.pc=0x00000195f83403c0 relative=0x00000000000010e0
Event: 9.914 Thread 0x00000195cdd8cda0 Uncommon trap: reason=unstable_if action=reinterpret pc=0x00000195f83403c0 method=java.net.URLStreamHandler.parseURL(Ljava/net/URL;Ljava/lang/String;II)V @ 155 c2
Event: 9.914 Thread 0x00000195cdd8cda0 DEOPT PACKING pc=0x00000195f83403c0 sp=0x000000954b3f8970
Event: 9.914 Thread 0x00000195cdd8cda0 DEOPT UNPACKING pc=0x00000195f7cb23a3 sp=0x000000954b3f8910 mode 2
Event: 9.955 Thread 0x00000195cdd8cda0 Uncommon trap: trap_request=0xffffff45 fr.pc=0x00000195f826e5e4 relative=0x0000000000001f04
Event: 9.955 Thread 0x00000195cdd8cda0 Uncommon trap: reason=unstable_if action=reinterpret pc=0x00000195f826e5e4 method=java.net.URL.<init>(Ljava/net/URL;Ljava/lang/String;Ljava/net/URLStreamHandler;)V @ 57 c2
Event: 9.955 Thread 0x00000195cdd8cda0 DEOPT PACKING pc=0x00000195f826e5e4 sp=0x000000954b3f9eb0
Event: 9.955 Thread 0x00000195cdd8cda0 DEOPT UNPACKING pc=0x00000195f7cb23a3 sp=0x000000954b3f9e70 mode 2
Event: 10.081 Thread 0x00000195cdd8cda0 Uncommon trap: trap_request=0xffffff45 fr.pc=0x00000195f841ef60 relative=0x0000000000000060
Event: 10.081 Thread 0x00000195cdd8cda0 Uncommon trap: reason=unstable_if action=reinterpret pc=0x00000195f841ef60 method=java.lang.ClassLoader.createOrGetClassLoaderValueMap()Ljava/util/concurrent/ConcurrentHashMap; @ 6 c2
Event: 10.081 Thread 0x00000195cdd8cda0 DEOPT PACKING pc=0x00000195f841ef60 sp=0x000000954b3f9b30
Event: 10.081 Thread 0x00000195cdd8cda0 DEOPT UNPACKING pc=0x00000195f7cb23a3 sp=0x000000954b3f9ab8 mode 2

Classes unloaded (0 events):
No events

Classes redefined (0 events):
No events

Internal exceptions (20 events):
Event: 8.388 Thread 0x00000195cdd8cda0 Exception <a 'java/lang/NoSuchMethodError'{0x000000008878c4a0}: 'int java.lang.invoke.DirectMethodHandle$Holder.invokeSpecialIFC(java.lang.Object, java.lang.Object, java.lang.Object)'> (0x000000008878c4a0) 
thrown [s\open\src\hotspot\share\interpreter\linkResolver.cpp, line 759]
Event: 8.390 Thread 0x00000195cdd8cda0 Exception <a 'java/lang/NoSuchMethodError'{0x000000008879a368}: 'void java.lang.invoke.DirectMethodHandle$Holder.invokeStatic(java.lang.Object, int, java.lang.Object)'> (0x000000008879a368) 
thrown [s\open\src\hotspot\share\interpreter\linkResolver.cpp, line 759]
Event: 8.402 Thread 0x00000195cdd8cda0 Exception <a 'java/lang/NoSuchMethodError'{0x00000000887d6db8}: 'void java.lang.invoke.DirectMethodHandle$Holder.invokeVirtual(java.lang.Object, java.lang.Object, int)'> (0x00000000887d6db8) 
thrown [s\open\src\hotspot\share\interpreter\linkResolver.cpp, line 759]
Event: 8.403 Thread 0x00000195cdd8cda0 Exception <a 'java/lang/NoSuchMethodError'{0x00000000887dd000}: 'void java.lang.invoke.DirectMethodHandle$Holder.invokeStatic(java.lang.Object, java.lang.Object, java.lang.Object, int, java.lang.Object)'> (0x00000000887dd000) 
thrown [s\open\src\hotspot\share\interpreter\linkResolver.cpp, line 759]
Event: 8.403 Thread 0x00000195cdd8cda0 Exception <a 'java/lang/NoSuchMethodError'{0x00000000887e4508}: 'java.lang.Object java.lang.invoke.DirectMethodHandle$Holder.newInvokeSpecial(java.lang.Object, java.lang.Object, java.lang.Object, int)'> (0x00000000887e4508) 
thrown [s\open\src\hotspot\share\interpreter\linkResolver.cpp, line 759]
Event: 8.404 Thread 0x00000195cdd8cda0 Exception <a 'java/lang/NoSuchMethodError'{0x00000000887e87f0}: 'java.lang.Object java.lang.invoke.DirectMethodHandle$Holder.invokeSpecial(java.lang.Object, java.lang.Object, java.lang.Object, java.lang.Object, int)'> (0x00000000887e87f0) 
thrown [s\open\src\hotspot\share\interpreter\linkResolver.cpp, line 759]
Event: 8.404 Thread 0x00000195cdd8cda0 Exception <a 'java/lang/NoSuchMethodError'{0x00000000887ec3b8}: 'java.lang.Object java.lang.invoke.Invokers$Holder.linkToTargetMethod(java.lang.Object, java.lang.Object, int, java.lang.Object)'> (0x00000000887ec3b8) 
thrown [s\open\src\hotspot\share\interpreter\linkResolver.cpp, line 759]
Event: 8.552 Thread 0x00000195cdd8cda0 Exception <a 'java/lang/NoSuchMethodError'{0x00000000881febc8}: 'java.lang.Object java.lang.invoke.DirectMethodHandle$Holder.invokeStaticInit(java.lang.Object, int, int, int, int)'> (0x00000000881febc8) 
thrown [s\open\src\hotspot\share\interpreter\linkResolver.cpp, line 759]
Event: 8.718 Thread 0x00000195cdd8cda0 Exception <a 'java/lang/NoSuchMethodError'{0x00000000880d91e0}: 'java.lang.Object java.lang.invoke.DirectMethodHandle$Holder.invokeStaticInit(java.lang.Object, java.lang.Object, int, int, int, int)'> (0x00000000880d91e0) 
thrown [s\open\src\hotspot\share\interpreter\linkResolver.cpp, line 759]
Event: 9.392 Thread 0x00000195cdd8cda0 Exception <a 'sun/nio/fs/WindowsException'{0x0000000087cf29e0}> (0x0000000087cf29e0) 
thrown [s\open\src\hotspot\share\prims\jni.cpp, line 516]
Event: 9.394 Thread 0x00000195cdd8cda0 Exception <a 'sun/nio/fs/WindowsException'{0x0000000087cf8488}> (0x0000000087cf8488) 
thrown [s\open\src\hotspot\share\prims\jni.cpp, line 516]
Event: 9.395 Thread 0x00000195cdd8cda0 Exception <a 'sun/nio/fs/WindowsException'{0x0000000087cf8b80}> (0x0000000087cf8b80) 
thrown [s\open\src\hotspot\share\prims\jni.cpp, line 516]
Event: 9.460 Thread 0x00000195cdd8cda0 Exception <a 'java/lang/NoSuchMethodError'{0x0000000087a28c90}: 'java.lang.Object java.lang.invoke.DirectMethodHandle$Holder.invokeSpecial(java.lang.Object, java.lang.Object, long, java.lang.Object, java.lang.Object, java.lang.Object, java.lang.Object, java.lang.Object, java.lang.Object)'> (0x0000000087a28c90) 
thrown [s\open\src\hotspot\share\interpreter\linkResolver.cpp, line 759]
Event: 9.460 Thread 0x00000195cdd8cda0 Exception <a 'java/lang/NoSuchMethodError'{0x0000000087a2d7b8}: 'java.lang.Object java.lang.invoke.DelegatingMethodHandle$Holder.reinvoke_L(java.lang.Object, long, java.lang.Object, java.lang.Object, java.lang.Object, java.lang.Object, java.lang.Object, java.lang.Object)'> (0x0000000087a2d7b8) 
thrown [s\open\src\hotspot\share\interpreter\linkResolver.cpp, line 759]
Event: 9.520 Thread 0x00000195cdd8cda0 Exception <a 'java/io/FileNotFoundException'{0x00000000879b5ef8}> (0x00000000879b5ef8) 
thrown [s\open\src\hotspot\share\prims\jni.cpp, line 516]
Event: 9.596 Thread 0x00000195cdd8cda0 Exception <a 'java/lang/NoSuchMethodError'{0x0000000088a06fb8}: 'int java.lang.invoke.DirectMethodHandle$Holder.invokeInterface(java.lang.Object, java.lang.Object, java.lang.Object, java.lang.Object)'> (0x0000000088a06fb8) 
thrown [s\open\src\hotspot\share\interpreter\linkResolver.cpp, line 759]
Event: 9.800 Thread 0x00000195cdd8cda0 Implicit null exception at 0x00000195f8507024 to 0x00000195f8507804
Event: 9.800 Thread 0x00000195cdd8cda0 Implicit null exception at 0x00000195f850589a to 0x00000195f8505ed4
Event: 9.906 Thread 0x00000195cdd8cda0 Implicit null exception at 0x00000195f84026c3 to 0x00000195f8402a38
Event: 9.910 Thread 0x00000195cdd8cda0 Exception <a 'sun/nio/fs/WindowsException'{0x00000000881e8750}> (0x00000000881e8750) 
thrown [s\open\src\hotspot\share\prims\jni.cpp, line 516]

VM Operations (20 events):
Event: 9.191 Executing VM operation: HandshakeAllThreads
Event: 9.191 Executing VM operation: HandshakeAllThreads done
Event: 9.391 Executing VM operation: HandshakeAllThreads
Event: 9.391 Executing VM operation: HandshakeAllThreads done
Event: 9.419 Executing VM operation: HandshakeAllThreads
Event: 9.419 Executing VM operation: HandshakeAllThreads done
Event: 9.433 Executing VM operation: HandshakeAllThreads
Event: 9.434 Executing VM operation: HandshakeAllThreads done
Event: 9.487 Executing VM operation: HandshakeAllThreads
Event: 9.487 Executing VM operation: HandshakeAllThreads done
Event: 9.521 Executing VM operation: G1CollectForAllocation
Event: 9.527 Executing VM operation: G1CollectForAllocation done
Event: 9.972 Executing VM operation: CollectForMetadataAllocation
Event: 9.976 Executing VM operation: CollectForMetadataAllocation done
Event: 9.992 Executing VM operation: G1Concurrent
Event: 10.005 Executing VM operation: G1Concurrent done
Event: 10.016 Executing VM operation: G1Concurrent
Event: 10.029 Executing VM operation: G1Concurrent done
Event: 10.190 Executing VM operation: HandshakeAllThreads
Event: 10.190 Executing VM operation: HandshakeAllThreads done

Events (20 events):
Event: 9.447 loading class java/io/PrintWriter
Event: 9.449 loading class java/io/PrintWriter done
Event: 9.484 loading class java/util/concurrent/atomic/Striped64$1
Event: 9.484 loading class java/util/concurrent/atomic/Striped64$1 done
Event: 9.614 loading class java/util/UUID$Holder
Event: 9.614 loading class java/util/UUID$Holder done
Event: 9.675 loading class sun/reflect/misc/ReflectUtil
Event: 9.675 loading class sun/reflect/misc/ReflectUtil done
Event: 9.723 loading class java/lang/SafeVarargs
Event: 9.723 loading class java/lang/SafeVarargs done
Event: 9.726 loading class sun/reflect/generics/reflectiveObjects/GenericArrayTypeImpl
Event: 9.726 loading class sun/reflect/generics/reflectiveObjects/GenericArrayTypeImpl done
Event: 9.777 loading class java/lang/ExceptionInInitializerError
Event: 9.777 loading class java/lang/ExceptionInInitializerError done
Event: 9.893 loading class javax/naming/Referenceable
Event: 9.893 loading class javax/naming/Referenceable done
Event: 9.946 loading class java/lang/instrument/ClassFileTransformer
Event: 9.946 loading class java/lang/instrument/ClassFileTransformer done
Event: 10.264 loading class java/lang/invoke/DirectMethodHandle$Special
Event: 10.264 loading class java/lang/invoke/DirectMethodHandle$Special done


Dynamic libraries:
0x00007ff6fa3b0000 - 0x00007ff6fa3c0000 	C:\Program Files\Java\jdk-17\bin\java.exe
0x00007fffe4a40000 - 0x00007fffe4ca8000 	C:\WINDOWS\SYSTEM32\ntdll.dll
0x00007fffe42e0000 - 0x00007fffe43a9000 	C:\WINDOWS\System32\KERNEL32.DLL
0x00007fffe1bd0000 - 0x00007fffe1fc2000 	C:\WINDOWS\System32\KERNELBASE.dll
0x00007fffe2340000 - 0x00007fffe248b000 	C:\WINDOWS\System32\ucrtbase.dll
0x00007fffb7a90000 - 0x00007fffb7aab000 	C:\Program Files\Java\jdk-17\bin\VCRUNTIME140.dll
0x00007fffb7a70000 - 0x00007fffb7a89000 	C:\Program Files\Java\jdk-17\bin\jli.dll
0x00007fffe2960000 - 0x00007fffe2a14000 	C:\WINDOWS\System32\ADVAPI32.dll
0x00007fffe28b0000 - 0x00007fffe2959000 	C:\WINDOWS\System32\msvcrt.dll
0x00007fffe3d00000 - 0x00007fffe3da6000 	C:\WINDOWS\System32\sechost.dll
0x00007fffe3db0000 - 0x00007fffe3ec8000 	C:\WINDOWS\System32\RPCRT4.dll
0x00007fffe2e70000 - 0x00007fffe3035000 	C:\WINDOWS\System32\USER32.dll
0x00007fffe2490000 - 0x00007fffe24b7000 	C:\WINDOWS\System32\win32u.dll
0x00007fffe4430000 - 0x00007fffe445b000 	C:\WINDOWS\System32\GDI32.dll
0x00007fffe1fd0000 - 0x00007fffe20fd000 	C:\WINDOWS\System32\gdi32full.dll
0x00007fffc3030000 - 0x00007fffc32c3000 	C:\WINDOWS\WinSxS\amd64_microsoft.windows.common-controls_6595b64144ccf1df_6.0.26100.6899_none_3e0efeeae32e88c1\COMCTL32.dll
0x00007fffe2760000 - 0x00007fffe2803000 	C:\WINDOWS\System32\msvcp_win.dll
0x00007fffcc980000 - 0x00007fffcc98b000 	C:\WINDOWS\SYSTEM32\VERSION.dll
0x00007fffe2870000 - 0x00007fffe289f000 	C:\WINDOWS\System32\IMM32.DLL
0x00007fffb7a60000 - 0x00007fffb7a6c000 	C:\Program Files\Java\jdk-17\bin\vcruntime140_1.dll
0x00007fffb79d0000 - 0x00007fffb7a5e000 	C:\Program Files\Java\jdk-17\bin\msvcp140.dll
0x00007fffb6dc0000 - 0x00007fffb79a1000 	C:\Program Files\Java\jdk-17\bin\server\jvm.dll
0x00007fffe48f0000 - 0x00007fffe48f8000 	C:\WINDOWS\System32\PSAPI.DLL
0x00007fffb6db0000 - 0x00007fffb6dba000 	C:\WINDOWS\SYSTEM32\WSOCK32.dll
0x00007fffdf390000 - 0x00007fffdf3c5000 	C:\WINDOWS\SYSTEM32\WINMM.dll
0x00007fffe3090000 - 0x00007fffe3104000 	C:\WINDOWS\System32\WS2_32.dll
0x00007fffe09a0000 - 0x00007fffe09bb000 	C:\WINDOWS\SYSTEM32\kernel.appcore.dll
0x00007fffb6da0000 - 0x00007fffb6daa000 	C:\Program Files\Java\jdk-17\bin\jimage.dll
0x00007fffdf0b0000 - 0x00007fffdf2f2000 	C:\WINDOWS\SYSTEM32\DBGHELP.DLL
0x00007fffe3ed0000 - 0x00007fffe424b000 	C:\WINDOWS\System32\combase.dll
0x00007fffe2d80000 - 0x00007fffe2e57000 	C:\WINDOWS\System32\OLEAUT32.dll
0x00007fffdf300000 - 0x00007fffdf33c000 	C:\WINDOWS\SYSTEM32\dbgcore.DLL
0x00007fffe24c0000 - 0x00007fffe2558000 	C:\WINDOWS\System32\bcryptPrimitives.dll
0x00007fffd8270000 - 0x00007fffd827e000 	C:\Program Files\Java\jdk-17\bin\instrument.dll
0x00007fffb6100000 - 0x00007fffb6125000 	C:\Program Files\Java\jdk-17\bin\java.dll
0x00007fffb5f30000 - 0x00007fffb6007000 	C:\Program Files\Java\jdk-17\bin\jsvml.dll
0x00007fffe3450000 - 0x00007fffe3b9d000 	C:\WINDOWS\System32\SHELL32.dll
0x00007fffe2560000 - 0x00007fffe26cb000 	C:\WINDOWS\System32\wintypes.dll
0x00007fffdf820000 - 0x00007fffe007d000 	C:\WINDOWS\SYSTEM32\windows.storage.dll
0x00007fffe4900000 - 0x00007fffe49f2000 	C:\WINDOWS\System32\SHCORE.dll
0x00007fffe2c30000 - 0x00007fffe2c92000 	C:\WINDOWS\System32\shlwapi.dll
0x00007fffe1af0000 - 0x00007fffe1b19000 	C:\WINDOWS\SYSTEM32\profapi.dll
0x00007fffb5d20000 - 0x00007fffb5d38000 	C:\Program Files\Java\jdk-17\bin\zip.dll
0x00007fffb5cc0000 - 0x00007fffb5cd9000 	C:\Program Files\Java\jdk-17\bin\net.dll
0x00007fffd26e0000 - 0x00007fffd27ff000 	C:\WINDOWS\SYSTEM32\WINHTTP.dll
0x00007fffe0f10000 - 0x00007fffe0f7b000 	C:\WINDOWS\system32\mswsock.dll
0x00007fffb5d40000 - 0x00007fffb5d56000 	C:\Program Files\Java\jdk-17\bin\nio.dll
0x00007fffc99a0000 - 0x00007fffc99ba000 	C:\Program Files\JetBrains\IntelliJ IDEA Community Edition 2024.1.1\bin\breakgen64.dll
0x00007fff999b0000 - 0x00007fff999ba000 	C:\Program Files\Java\jdk-17\bin\management.dll
0x00007fff999a0000 - 0x00007fff999ab000 	C:\Program Files\Java\jdk-17\bin\management_ext.dll
0x00007fffafa40000 - 0x00007fffafa4e000 	C:\Program Files\Java\jdk-17\bin\sunmscapi.dll
0x00007fffe21c0000 - 0x00007fffe2337000 	C:\WINDOWS\System32\CRYPT32.dll
0x00007fffe13e0000 - 0x00007fffe1410000 	C:\WINDOWS\SYSTEM32\ncrypt.dll
0x00007fffe1390000 - 0x00007fffe13cf000 	C:\WINDOWS\SYSTEM32\NTASN1.dll
0x00007fffe11c0000 - 0x00007fffe11db000 	C:\WINDOWS\SYSTEM32\CRYPTSP.dll
0x00007fffe0900000 - 0x00007fffe093b000 	C:\WINDOWS\system32\rsaenh.dll
0x00007fffe0fb0000 - 0x00007fffe0fdb000 	C:\WINDOWS\SYSTEM32\USERENV.dll
0x00007fffe1ac0000 - 0x00007fffe1ae6000 	C:\WINDOWS\SYSTEM32\bcrypt.dll
0x00007fffe11e0000 - 0x00007fffe11ec000 	C:\WINDOWS\SYSTEM32\CRYPTBASE.dll
0x00007fffe04f0000 - 0x00007fffe0524000 	C:\WINDOWS\SYSTEM32\IPHLPAPI.DLL
0x00007fffe3120000 - 0x00007fffe312a000 	C:\WINDOWS\System32\NSI.dll
0x00007fffdaed0000 - 0x00007fffdaeee000 	C:\WINDOWS\SYSTEM32\dhcpcsvc6.DLL
0x00007fffdaea0000 - 0x00007fffdaec3000 	C:\WINDOWS\SYSTEM32\dhcpcsvc.DLL
0x00007fffe0530000 - 0x00007fffe0656000 	C:\WINDOWS\SYSTEM32\DNSAPI.dll

dbghelp: loaded successfully - version: 4.0.5 - missing functions: none
symbol engine: initialized successfully - sym options: 0x614 - pdb path: .;C:\Program Files\Java\jdk-17\bin;C:\WINDOWS\SYSTEM32;C:\WINDOWS\WinSxS\amd64_microsoft.windows.common-controls_6595b64144ccf1df_6.0.26100.6899_none_3e0efeeae32e88c1;C:\Program Files\Java\jdk-17\bin\server;C:\Program Files\JetBrains\IntelliJ IDEA Community Edition 2024.1.1\bin

VM Arguments:
jvm_args: -javaagent:C:\Program Files\JetBrains\IntelliJ IDEA Community Edition 2024.1.1\lib\idea_rt.jar=50743:C:\Program Files\JetBrains\IntelliJ IDEA Community Edition 2024.1.1\bin -Dfile.encoding=UTF-8 
java_command: com.tiximax.txm.TiximaxApplication
java_class_path (initial): D:\Tiximax_BE\txm\target\classes;C:\Users\TAN PHAT\.m2\repository\org\springframework\boot\spring-boot-starter-data-jpa\3.2.5\spring-boot-starter-data-jpa-3.2.5.jar;C:\Users\TAN PHAT\.m2\repository\org\springframework\boot\spring-boot-starter-aop\3.2.5\spring-boot-starter-aop-3.2.5.jar;C:\Users\TAN PHAT\.m2\repository\org\aspectj\aspectjweaver\1.9.22\aspectjweaver-1.9.22.jar;C:\Users\TAN PHAT\.m2\repository\org\springframework\boot\spring-boot-starter-jdbc\3.2.5\spring-boot-starter-jdbc-3.2.5.jar;C:\Users\TAN PHAT\.m2\repository\com\zaxxer\HikariCP\5.0.1\HikariCP-5.0.1.jar;C:\Users\TAN PHAT\.m2\repository\org\springframework\spring-jdbc\6.1.6\spring-jdbc-6.1.6.jar;C:\Users\TAN PHAT\.m2\repository\org\hibernate\orm\hibernate-core\6.4.4.Final\hibernate-core-6.4.4.Final.jar;C:\Users\TAN PHAT\.m2\repository\jakarta\persistence\jakarta.persistence-api\3.1.0\jakarta.persistence-api-3.1.0.jar;C:\Users\TAN PHAT\.m2\repository\jakarta\transaction\jakarta.transaction-api\2.0.1\jakarta.transaction-api-2.0.1.jar;C:\Users\TAN PHAT\.m2\repository\org\jboss\logging\jboss-logging\3.5.3.Final\jboss-logging-3.5.3.Final.jar;C:\Users\TAN PHAT\.m2\repository\org\hibernate\common\hibernate-commons-annotations\6.0.6.Final\hibernate-commons-annotations-6.0.6.Final.jar;C:\Users\TAN PHAT\.m2\repository\io\smallrye\jandex\3.1.2\jandex-3.1.2.jar;C:\Users\TAN PHAT\.m2\repository\com\fasterxml\classmate\1.6.0\classmate-1.6.0.jar;C:\Users\TAN PHAT\.m2\repository\net\bytebuddy\byte-buddy\1.14.13\byte-buddy-1.14.13.jar;C:\Users\TAN PHAT\.m2\repository\org\glassfish\jaxb\jaxb-runtime\4.0.5\jaxb-runtime-4.0.5.jar;C:\Users\TAN PHAT\.m2\repository\org\glassfish\jaxb\jaxb-core\4.0.5\jaxb-core-4.0.5.jar;C:\Users\TAN PHAT\.m2\repository\org\glassfish\jaxb\txw2\4.0.5\txw2-4.0.5.jar;C:\Users\TAN PHAT\.m2\repository\com\sun\istack\istack-commons-runtime\4.1.2\istack-commons-runtime-4.1.2.jar;C:\Users\TAN PHAT\.m2\repository\jakarta\inject\jakarta.inject-api\2.0.1\jakarta.inject-a
Launcher Type: SUN_STANDARD

[Global flags]
     intx CICompilerCount                          = 4                                         {product} {ergonomic}
     uint ConcGCThreads                            = 3                                         {product} {ergonomic}
     uint G1ConcRefinementThreads                  = 10                                        {product} {ergonomic}
   size_t G1HeapRegionSize                         = 1048576                                   {product} {ergonomic}
    uintx GCDrainStackTargetSize                   = 64                                        {product} {ergonomic}
   size_t InitialHeapSize                          = 130023424                                 {product} {ergonomic}
   size_t MarkStackSize                            = 4194304                                   {product} {ergonomic}
   size_t MaxHeapSize                              = 2065694720                                {product} {ergonomic}
   size_t MaxNewSize                               = 1239416832                                {product} {ergonomic}
   size_t MinHeapDeltaBytes                        = 1048576                                   {product} {ergonomic}
   size_t MinHeapSize                              = 8388608                                   {product} {ergonomic}
    uintx NonNMethodCodeHeapSize                   = 5839372                                {pd product} {ergonomic}
    uintx NonProfiledCodeHeapSize                  = 122909434                              {pd product} {ergonomic}
    uintx ProfiledCodeHeapSize                     = 122909434                              {pd product} {ergonomic}
    uintx ReservedCodeCacheSize                    = 251658240                              {pd product} {ergonomic}
     bool SegmentedCodeCache                       = true                                      {product} {ergonomic}
   size_t SoftMaxHeapSize                          = 2065694720                             {manageable} {ergonomic}
     bool UseCompressedClassPointers               = true                           {product lp64_product} {ergonomic}
     bool UseCompressedOops                        = true                           {product lp64_product} {ergonomic}
     bool UseG1GC                                  = true                                      {product} {ergonomic}
     bool UseLargePagesIndividualAllocation        = false                                  {pd product} {ergonomic}

Logging:
Log output configuration:
 #0: stdout all=warning uptime,level,tags
 #1: stderr all=off uptime,level,tags

Environment Variables:
JAVA_HOME=C:\Program Files\Java\jdk-17
CLASSPATH=C:\Program Files\Java\jdk-17\lib
PATH=C:\Program Files\Common Files\Oracle\Java\javapath;C:\Program Files (x86)\Common Files\Oracle\Java\javapath;C:\WINDOWS\system32;C:\WINDOWS;C:\WINDOWS\System32\Wbem;C:\WINDOWS\System32\WindowsPowerShell\v1.0\;C:\WINDOWS\System32\OpenSSH\;C:\Program Files\dotnet\;C:\Program Files\Microsoft SQL Server\Client SDK\ODBC\110\Tools\Binn\;C:\Program Files\nodejs\;C:\Program Files\nodejs;C:\Program Files\nodejs\node_modules\npm\bin;C:\Program Files\Microsoft SQL Server\Client SDK\ODBC\170\Tools\Binn\;C:\Program Files (x86)\Microsoft SQL Server\150\Tools\Binn\;C:\Program Files\Microsoft SQL Server\150\Tools\Binn\;C:\Program Files\Microsoft SQL Server\150\DTS\Binn\;C:\Program Files (x86)\Microsoft SQL Server\160\DTS\Binn\;C:\Program Files\Azure Data Studio\bin;C:\Program Files\Git\cmd;C:\Program Files\apache-maven-3.9.7\bin;C:\Program Files\Java\jdk-17\bin;C:\Program Files\Java\jdk-17;C:\Users\TAN PHAT\AppData\Local\Programs\Python\Python312\Scripts\;C:\Users\TAN PHAT\AppData\Local\Programs\Python\Python312\;C:\Users\TAN PHAT\AppData\Local\Microsoft\WindowsApps;C:\Users\TAN PHAT\AppData\Local\Programs\Microsoft VS Code\bin;C:\Users\TAN PHAT\AppData\Roaming\npm;C:\Program Files\Azure Data Studio\bin;
USERNAME=TAN PHAT
OS=Windows_NT
PROCESSOR_IDENTIFIER=Intel64 Family 6 Model 154 Stepping 4, GenuineIntel



---------------  S Y S T E M  ---------------

OS:
 Windows 11 , 64 bit Build 26100 (10.0.26100.6725)
OS uptime: 13 days 0:27 hours
Hyper-V role detected

CPU: total 12 (initial active 12) (6 cores per cpu, 2 threads per core) family 6 model 154 stepping 4 microcode 0x435, cx8, cmov, fxsr, ht, mmx, 3dnowpref, sse, sse2, sse3, ssse3, sse4.1, sse4.2, popcnt, lzcnt, tsc, tscinvbit, avx, avx2, aes, erms, clmul, bmi1, bmi2, adx, sha, fma, vzeroupper, clflush, clflushopt, clwb, hv

Memory: 4k page, system-wide physical 7876M (558M free)
TotalPageFile size 32452M (AvailPageFile size 8M)
current process WorkingSet (physical memory assigned to process): 215M, peak: 225M
current process commit charge ("private bytes"): 261M, peak: 293M

vm_info: Java HotSpot(TM) 64-Bit Server VM (17.0.9+11-LTS-201) for windows-amd64 JRE (17.0.9+11-LTS-201), built on Oct 10 2023 23:16:06 by "mach5one" with MS VC++ 17.1 (VS2022)

END.
